ERROR | 2026-02-20 08:54:44 | django.request | log | 253 | Internal Server Error: /verify/tasks/
Traceback (most recent call last):
  File "/home/createch/Documents/PROJECT/agriplot/env/lib/python3.13/site-packages/django/core/handlers/exception.py", line 55, in inner
    response = get_response(request)
  File "/home/createch/Documents/PROJECT/agriplot/env/lib/python3.13/site-packages/django/core/handlers/base.py", line 197, in _get_response
    response = wrapped_callback(request, *callback_args, **callback_kwargs)
  File "/home/createch/Documents/PROJECT/agriplot/env/lib/python3.13/site-packages/django/contrib/auth/decorators.py", line 59, in _view_wrapper
    return view_func(request, *args, **kwargs)
  File "/home/createch/Documents/PROJECT/agriplot/listings/views_admin.py", line 294, in task_assignment
    return render(request, 'listings/admin/task_assignment.html', context)
  File "/home/createch/Documents/PROJECT/agriplot/env/lib/python3.13/site-packages/django/shortcuts.py", line 25, in render
    content = loader.render_to_string(template_name, context, request, using=using)
  File "/home/createch/Documents/PROJECT/agriplot/env/lib/python3.13/site-packages/django/template/loader.py", line 61, in render_to_string
    template = get_template(template_name, using=using)
  File "/home/createch/Documents/PROJECT/agriplot/env/lib/python3.13/site-packages/django/template/loader.py", line 15, in get_template
    return engine.get_template(template_name)
           ~~~~~~~~~~~~~~~~~~~^^^^^^^^^^^^^^^
  File "/home/createch/Documents/PROJECT/agriplot/env/lib/python3.13/site-packages/django/template/backends/django.py", line 79, in get_template
    return Template(self.engine.get_template(template_name), self)
                    ~~~~~~~~~~~~~~~~~~~~~~~~^^^^^^^^^^^^^^^
  File "/home/createch/Documents/PROJECT/agriplot/env/lib/python3.13/site-packages/django/template/engine.py", line 177, in get_template
    template, origin = self.find_template(template_name)
                       ~~~~~~~~~~~~~~~~~~^^^^^^^^^^^^^^^
  File "/home/createch/Documents/PROJECT/agriplot/env/lib/python3.13/site-packages/django/template/engine.py", line 159, in find_template
    template = loader.get_template(name, skip=skip)
  File "/home/createch/Documents/PROJECT/agriplot/env/lib/python3.13/site-packages/django/template/loaders/cached.py", line 57, in get_template
    template = super().get_template(template_name, skip)
  File "/home/createch/Documents/PROJECT/agriplot/env/lib/python3.13/site-packages/django/template/loaders/base.py", line 28, in get_template
    return Template(
        contents,
    ...<2 lines>...
        self.engine,
    )
  File "/home/createch/Documents/PROJECT/agriplot/env/lib/python3.13/site-packages/django/template/base.py", line 155, in __init__
    self.nodelist = self.compile_nodelist()
                    ~~~~~~~~~~~~~~~~~~~~~^^
  File "/home/createch/Documents/PROJECT/agriplot/env/lib/python3.13/site-packages/django/template/base.py", line 197, in compile_nodelist
    nodelist = parser.parse()
  File "/home/createch/Documents/PROJECT/agriplot/env/lib/python3.13/site-packages/django/template/base.py", line 519, in parse
    raise self.error(token, e)
  File "/home/createch/Documents/PROJECT/agriplot/env/lib/python3.13/site-packages/django/template/base.py", line 517, in parse
    compiled_result = compile_func(self, token)
  File "/home/createch/Documents/PROJECT/agriplot/env/lib/python3.13/site-packages/django/template/loader_tags.py", line 299, in do_extends
    nodelist = parser.parse()
  File "/home/createch/Documents/PROJECT/agriplot/env/lib/python3.13/site-packages/django/template/base.py", line 519, in parse
    raise self.error(token, e)
  File "/home/createch/Documents/PROJECT/agriplot/env/lib/python3.13/site-packages/django/template/base.py", line 517, in parse
    compiled_result = compile_func(self, token)
  File "/home/createch/Documents/PROJECT/agriplot/env/lib/python3.13/site-packages/django/template/loader_tags.py", line 234, in do_block
    nodelist = parser.parse(("endblock",))
  File "/home/createch/Documents/PROJECT/agriplot/env/lib/python3.13/site-packages/django/template/base.py", line 519, in parse
    raise self.error(token, e)
  File "/home/createch/Documents/PROJECT/agriplot/env/lib/python3.13/site-packages/django/template/base.py", line 517, in parse
    compiled_result = compile_func(self, token)
  File "/home/createch/Documents/PROJECT/agriplot/env/lib/python3.13/site-packages/django/template/loader_tags.py", line 228, in do_block
    raise TemplateSyntaxError(
        "'%s' tag with name '%s' appears more than once" % (bits[0], block_name)
    )
django.template.exceptions.TemplateSyntaxError: 'block' tag with name 'admin_content' appears more than once
ERROR | 2026-02-20 08:54:44 | django.server | basehttp | 213 | "GET /verify/tasks/ HTTP/1.1" 500 274575
ERROR | 2026-02-20 08:55:09 | django.request | log | 253 | Internal Server Error: /verify/tasks/
Traceback (most recent call last):
  File "/home/createch/Documents/PROJECT/agriplot/env/lib/python3.13/site-packages/django/core/handlers/exception.py", line 55, in inner
    response = get_response(request)
  File "/home/createch/Documents/PROJECT/agriplot/env/lib/python3.13/site-packages/django/core/handlers/base.py", line 197, in _get_response
    response = wrapped_callback(request, *callback_args, **callback_kwargs)
  File "/home/createch/Documents/PROJECT/agriplot/env/lib/python3.13/site-packages/django/contrib/auth/decorators.py", line 59, in _view_wrapper
    return view_func(request, *args, **kwargs)
  File "/home/createch/Documents/PROJECT/agriplot/listings/views_admin.py", line 294, in task_assignment
    return render(request, 'listings/admin/task_assignment.html', context)
  File "/home/createch/Documents/PROJECT/agriplot/env/lib/python3.13/site-packages/django/shortcuts.py", line 25, in render
    content = loader.render_to_string(template_name, context, request, using=using)
  File "/home/createch/Documents/PROJECT/agriplot/env/lib/python3.13/site-packages/django/template/loader.py", line 61, in render_to_string
    template = get_template(template_name, using=using)
  File "/home/createch/Documents/PROJECT/agriplot/env/lib/python3.13/site-packages/django/template/loader.py", line 15, in get_template
    return engine.get_template(template_name)
           ~~~~~~~~~~~~~~~~~~~^^^^^^^^^^^^^^^
  File "/home/createch/Documents/PROJECT/agriplot/env/lib/python3.13/site-packages/django/template/backends/django.py", line 79, in get_template
    return Template(self.engine.get_template(template_name), self)
                    ~~~~~~~~~~~~~~~~~~~~~~~~^^^^^^^^^^^^^^^
  File "/home/createch/Documents/PROJECT/agriplot/env/lib/python3.13/site-packages/django/template/engine.py", line 177, in get_template
    template, origin = self.find_template(template_name)
                       ~~~~~~~~~~~~~~~~~~^^^^^^^^^^^^^^^
  File "/home/createch/Documents/PROJECT/agriplot/env/lib/python3.13/site-packages/django/template/engine.py", line 159, in find_template
    template = loader.get_template(name, skip=skip)
  File "/home/createch/Documents/PROJECT/agriplot/env/lib/python3.13/site-packages/django/template/loaders/cached.py", line 57, in get_template
    template = super().get_template(template_name, skip)
  File "/home/createch/Documents/PROJECT/agriplot/env/lib/python3.13/site-packages/django/template/loaders/base.py", line 28, in get_template
    return Template(
        contents,
    ...<2 lines>...
        self.engine,
    )
  File "/home/createch/Documents/PROJECT/agriplot/env/lib/python3.13/site-packages/django/template/base.py", line 155, in __init__
    self.nodelist = self.compile_nodelist()
                    ~~~~~~~~~~~~~~~~~~~~~^^
  File "/home/createch/Documents/PROJECT/agriplot/env/lib/python3.13/site-packages/django/template/base.py", line 197, in compile_nodelist
    nodelist = parser.parse()
  File "/home/createch/Documents/PROJECT/agriplot/env/lib/python3.13/site-packages/django/template/base.py", line 519, in parse
    raise self.error(token, e)
  File "/home/createch/Documents/PROJECT/agriplot/env/lib/python3.13/site-packages/django/template/base.py", line 517, in parse
    compiled_result = compile_func(self, token)
  File "/home/createch/Documents/PROJECT/agriplot/env/lib/python3.13/site-packages/django/template/loader_tags.py", line 299, in do_extends
    nodelist = parser.parse()
  File "/home/createch/Documents/PROJECT/agriplot/env/lib/python3.13/site-packages/django/template/base.py", line 519, in parse
    raise self.error(token, e)
  File "/home/createch/Documents/PROJECT/agriplot/env/lib/python3.13/site-packages/django/template/base.py", line 517, in parse
    compiled_result = compile_func(self, token)
  File "/home/createch/Documents/PROJECT/agriplot/env/lib/python3.13/site-packages/django/template/loader_tags.py", line 234, in do_block
    nodelist = parser.parse(("endblock",))
  File "/home/createch/Documents/PROJECT/agriplot/env/lib/python3.13/site-packages/django/template/base.py", line 524, in parse
    self.unclosed_block_tag(parse_until)
    ~~~~~~~~~~~~~~~~~~~~~~~^^^^^^^^^^^^^
  File "/home/createch/Documents/PROJECT/agriplot/env/lib/python3.13/site-packages/django/template/base.py", line 591, in unclosed_block_tag
    raise self.error(token, msg)
django.template.exceptions.TemplateSyntaxError: Unclosed tag on line 5: 'block'. Looking for one of: endblock.
ERROR | 2026-02-20 08:55:09 | django.server | basehttp | 213 | "GET /verify/tasks/ HTTP/1.1" 500 210676
ERROR | 2026-02-20 09:27:50 | django.request | log | 253 | Internal Server Error: /verify/tasks/ajax/assign/
Traceback (most recent call last):
  File "/home/createch/Documents/PROJECT/agriplot/listings/views_admin.py", line 336, in ajax_assign_task
    logger.info(f"AJAX assign task - Task ID: {task_id}, User ID: {user_id}, Request by: {request.user.username}")
    ^^^^^^
NameError: name 'logger' is not defined

During handling of the above exception, another exception occurred:

Traceback (most recent call last):
  File "/home/createch/Documents/PROJECT/agriplot/env/lib/python3.13/site-packages/django/core/handlers/exception.py", line 55, in inner
    response = get_response(request)
  File "/home/createch/Documents/PROJECT/agriplot/env/lib/python3.13/site-packages/django/core/handlers/base.py", line 197, in _get_response
    response = wrapped_callback(request, *callback_args, **callback_kwargs)
  File "/home/createch/Documents/PROJECT/agriplot/env/lib/python3.13/site-packages/django/contrib/auth/decorators.py", line 59, in _view_wrapper
    return view_func(request, *args, **kwargs)
  File "/home/createch/Documents/PROJECT/agriplot/listings/views_admin.py", line 377, in ajax_assign_task
    logger.error(f"Error in ajax_assign_task: {str(e)}", exc_info=True)
    ^^^^^^
NameError: name 'logger' is not defined
ERROR | 2026-02-20 09:27:50 | django.server | basehttp | 213 | "POST /verify/tasks/ajax/assign/ HTTP/1.1" 500 95350
ERROR | 2026-02-20 09:29:29 | listings.views_admin | views_admin | 356 | User 19 not found or not staff
ERROR | 2026-02-20 09:30:10 | listings.views_admin | views_admin | 386 | Error in ajax_assign_task: 'Settings' object has no attribute 'SITE_URL'
Traceback (most recent call last):
  File "/home/createch/Documents/PROJECT/agriplot/listings/views_admin.py", line 364, in ajax_assign_task
    task = VerificationService.assign_task(task_id, assigned_to, request.user)
  File "/home/createch/Documents/PROJECT/agriplot/listings/verification_service.py", line 88, in assign_task
    NotificationService.notify_task_assigned(task, assigned_by)
    ~~~~~~~~~~~~~~~~~~~~~~~~~~~~~~~~~~~~~~~~^^^^^^^^^^^^^^^^^^^
  File "/home/createch/Documents/PROJECT/agriplot/listings/notification_service.py", line 104, in notify_task_assigned
    'login_url': settings.SITE_URL + reverse('listings:my_tasks')
                 ^^^^^^^^^^^^^^^^^
  File "/home/createch/Documents/PROJECT/agriplot/env/lib/python3.13/site-packages/django/conf/__init__.py", line 83, in __getattr__
    val = getattr(_wrapped, name)
AttributeError: 'Settings' object has no attribute 'SITE_URL'
ERROR | 2026-02-20 09:30:10 | django.request | log | 253 | Internal Server Error: /verify/tasks/ajax/assign/
ERROR | 2026-02-20 09:30:10 | django.server | basehttp | 213 | "POST /verify/tasks/ajax/assign/ HTTP/1.1" 500 78
