INFO | 2026-02-19 07:43:06,337 | basehttp | "GET / HTTP/1.1" 200 37119
INFO | 2026-02-19 07:45:29,386 | autoreload | /home/createch/Documents/PROJECT/agriplot/listings/views.py changed, reloading.
INFO | 2026-02-19 07:45:30,287 | autoreload | Watching for file changes with StatReloader
INFO | 2026-02-19 07:45:32,680 | autoreload | /home/createch/Documents/PROJECT/agriplot/listings/views.py changed, reloading.
INFO | 2026-02-19 07:45:33,614 | autoreload | Watching for file changes with StatReloader
INFO | 2026-02-19 07:45:39,497 | basehttp | "GET / HTTP/1.1" 200 48820
INFO | 2026-02-19 07:45:54,781 | basehttp | "GET /?location=&listing_type=&soil_type=&crop_preset=&land_type=&min_price=&max_price=&area_range=&verification=&sort=-price HTTP/1.1" 200 48949
INFO | 2026-02-19 07:45:59,961 | basehttp | "GET /? HTTP/1.1" 200 48820
INFO | 2026-02-19 07:46:06,842 | basehttp | "GET /ajax/search/?location=&listing_type=sale&soil_type=&crop_preset=&land_type=&min_price=&max_price=&area_range=&verification=&sort=-created_at HTTP/1.1" 200 253
INFO | 2026-02-19 07:46:15,784 | basehttp | "GET /ajax/search/?location=&listing_type=lease&soil_type=&crop_preset=&land_type=&min_price=&max_price=&area_range=&verification=&sort=-created_at HTTP/1.1" 200 1995
INFO | 2026-02-19 07:46:42,419 | basehttp | "GET /ajax/search/?location=&listing_type=lease&soil_type=Loam&crop_preset=Maize&land_type=agricultural&min_price=&max_price=&area_range=1-5&verification=verified&has_water=yes&has_electricity=yes&sort=-created_at HTTP/1.1" 200 253
INFO | 2026-02-19 07:46:47,962 | basehttp | "GET /?location=&listing_type=&soil_type=&crop_preset=&land_type=&min_price=&max_price=&area_range=&verification=&sort=-created_at HTTP/1.1" 200 48949
WARNING | 2026-02-19 07:46:55,607 | log | Not Found: /.well-known/appspecific/com.chrome.devtools.json
WARNING | 2026-02-19 07:46:55,608 | basehttp | "GET /.well-known/appspecific/com.chrome.devtools.json HTTP/1.1" 404 11533
INFO | 2026-02-19 07:49:35,150 | basehttp | "GET /login/ HTTP/1.1" 200 1325
INFO | 2026-02-19 07:49:44,959 | basehttp | "POST /login/ HTTP/1.1" 200 1325
INFO | 2026-02-19 07:50:01,200 | basehttp | "POST /login/ HTTP/1.1" 302 0
INFO | 2026-02-19 07:50:01,225 | basehttp | "GET / HTTP/1.1" 200 51333
INFO | 2026-02-19 07:50:09,587 | basehttp | "GET /add-plot/ HTTP/1.1" 200 107365
INFO | 2026-02-19 07:56:41,264 | basehttp | "GET /add-plot/ HTTP/1.1" 200 108613
INFO | 2026-02-19 07:58:35,311 | autoreload | /home/createch/Documents/PROJECT/agriplot/listings/views.py changed, reloading.
INFO | 2026-02-19 07:58:36,315 | autoreload | Watching for file changes with StatReloader
INFO | 2026-02-19 08:00:28,247 | autoreload | /home/createch/Documents/PROJECT/agriplot/listings/forms.py changed, reloading.
INFO | 2026-02-19 08:00:29,085 | autoreload | Watching for file changes with StatReloader
INFO | 2026-02-19 08:00:30,494 | autoreload | /home/createch/Documents/PROJECT/agriplot/listings/forms.py changed, reloading.
INFO | 2026-02-19 08:00:31,508 | autoreload | Watching for file changes with StatReloader
INFO | 2026-02-19 08:02:55,609 | autoreload | /home/createch/Documents/PROJECT/agriplot/listings/views.py changed, reloading.
INFO | 2026-02-19 08:02:56,668 | autoreload | Watching for file changes with StatReloader
INFO | 2026-02-19 08:03:17,348 | autoreload | /home/createch/Documents/PROJECT/agriplot/listings/urls.py changed, reloading.
INFO | 2026-02-19 08:03:18,403 | autoreload | Watching for file changes with StatReloader
INFO | 2026-02-19 08:03:19,774 | autoreload | /home/createch/Documents/PROJECT/agriplot/listings/urls.py changed, reloading.
INFO | 2026-02-19 08:03:20,514 | autoreload | Watching for file changes with StatReloader
INFO | 2026-02-19 08:03:22,887 | autoreload | /home/createch/Documents/PROJECT/agriplot/listings/urls.py changed, reloading.
INFO | 2026-02-19 08:03:23,607 | autoreload | Watching for file changes with StatReloader
INFO | 2026-02-19 08:04:57,315 | basehttp | "GET /add-plot/ HTTP/1.1" 200 114464
INFO | 2026-02-19 08:06:33,679 | basehttp | "GET /add-plot/ HTTP/1.1" 200 120337
WARNING | 2026-02-19 08:06:38,591 | log | Not Found: /.well-known/appspecific/com.chrome.devtools.json
WARNING | 2026-02-19 08:06:38,594 | basehttp | "GET /.well-known/appspecific/com.chrome.devtools.json HTTP/1.1" 404 11806
INFO | 2026-02-19 08:09:18,926 | autoreload | /home/createch/Documents/PROJECT/agriplot/listings/views.py changed, reloading.
INFO | 2026-02-19 08:09:19,800 | autoreload | Watching for file changes with StatReloader
INFO | 2026-02-19 08:09:21,417 | autoreload | /home/createch/Documents/PROJECT/agriplot/listings/views.py changed, reloading.
INFO | 2026-02-19 08:09:21,992 | autoreload | Watching for file changes with StatReloader
INFO | 2026-02-19 08:09:25,284 | autoreload | /home/createch/Documents/PROJECT/agriplot/listings/views.py changed, reloading.
INFO | 2026-02-19 08:09:26,174 | autoreload | Watching for file changes with StatReloader
INFO | 2026-02-19 08:09:42,615 | autoreload | /home/createch/Documents/PROJECT/agriplot/listings/views.py changed, reloading.
INFO | 2026-02-19 08:09:43,306 | autoreload | Watching for file changes with StatReloader
INFO | 2026-02-19 08:09:58,801 | autoreload | /home/createch/Documents/PROJECT/agriplot/listings/views.py changed, reloading.
INFO | 2026-02-19 08:09:59,444 | autoreload | Watching for file changes with StatReloader
INFO | 2026-02-19 08:10:06,902 | autoreload | /home/createch/Documents/PROJECT/agriplot/listings/views.py changed, reloading.
INFO | 2026-02-19 08:10:07,567 | autoreload | Watching for file changes with StatReloader
INFO | 2026-02-19 08:10:20,211 | autoreload | /home/createch/Documents/PROJECT/agriplot/listings/views.py changed, reloading.
INFO | 2026-02-19 08:10:20,737 | autoreload | Watching for file changes with StatReloader
INFO | 2026-02-19 08:10:25,126 | autoreload | /home/createch/Documents/PROJECT/agriplot/listings/views.py changed, reloading.
INFO | 2026-02-19 08:10:25,596 | autoreload | Watching for file changes with StatReloader
INFO | 2026-02-19 08:10:30,929 | autoreload | /home/createch/Documents/PROJECT/agriplot/listings/views.py changed, reloading.
INFO | 2026-02-19 08:10:31,419 | autoreload | Watching for file changes with StatReloader
INFO | 2026-02-19 08:10:38,724 | autoreload | /home/createch/Documents/PROJECT/agriplot/listings/views.py changed, reloading.
INFO | 2026-02-19 08:10:39,212 | autoreload | Watching for file changes with StatReloader
INFO | 2026-02-19 08:10:42,429 | autoreload | /home/createch/Documents/PROJECT/agriplot/listings/views.py changed, reloading.
INFO | 2026-02-19 08:10:42,981 | autoreload | Watching for file changes with StatReloader
INFO | 2026-02-19 08:10:45,312 | autoreload | /home/createch/Documents/PROJECT/agriplot/listings/views.py changed, reloading.
INFO | 2026-02-19 08:10:45,961 | autoreload | Watching for file changes with StatReloader
INFO | 2026-02-19 08:10:57,350 | autoreload | /home/createch/Documents/PROJECT/agriplot/listings/views.py changed, reloading.
INFO | 2026-02-19 08:10:57,918 | autoreload | Watching for file changes with StatReloader
ERROR | 2026-02-19 08:14:36,342 | log | Internal Server Error: /add-plot/
Traceback (most recent call last):
  File "/home/createch/Documents/PROJECT/agriplot/env/lib/python3.13/site-packages/django/core/handlers/exception.py", line 55, in inner
    response = get_response(request)
  File "/home/createch/Documents/PROJECT/agriplot/env/lib/python3.13/site-packages/django/core/handlers/base.py", line 197, in _get_response
    response = wrapped_callback(request, *callback_args, **callback_kwargs)
  File "/home/createch/Documents/PROJECT/agriplot/env/lib/python3.13/site-packages/django/contrib/auth/decorators.py", line 59, in _view_wrapper
    return view_func(request, *args, **kwargs)
  File "/home/createch/Documents/PROJECT/agriplot/listings/views.py", line 791, in add_plot
    sub_counties_json = json.dumps(KENYA_SUB_COUNTIES)
                        ^^^^
NameError: name 'json' is not defined. Did you forget to import 'json'?
ERROR | 2026-02-19 08:14:36,344 | basehttp | "GET /add-plot/ HTTP/1.1" 500 79271
WARNING | 2026-02-19 08:14:36,457 | log | Not Found: /.well-known/appspecific/com.chrome.devtools.json
WARNING | 2026-02-19 08:14:36,461 | basehttp | "GET /.well-known/appspecific/com.chrome.devtools.json HTTP/1.1" 404 11806
INFO | 2026-02-19 08:14:57,443 | autoreload | /home/createch/Documents/PROJECT/agriplot/listings/views.py changed, reloading.
INFO | 2026-02-19 08:14:59,063 | autoreload | Watching for file changes with StatReloader
INFO | 2026-02-19 08:15:01,552 | autoreload | /home/createch/Documents/PROJECT/agriplot/listings/views.py changed, reloading.
INFO | 2026-02-19 08:15:02,338 | autoreload | Watching for file changes with StatReloader
INFO | 2026-02-19 08:15:03,811 | autoreload | /home/createch/Documents/PROJECT/agriplot/listings/views.py changed, reloading.
INFO | 2026-02-19 08:15:04,510 | autoreload | Watching for file changes with StatReloader
INFO | 2026-02-19 08:15:05,811 | autoreload | /home/createch/Documents/PROJECT/agriplot/listings/views.py changed, reloading.
INFO | 2026-02-19 08:15:06,349 | autoreload | Watching for file changes with StatReloader
ERROR | 2026-02-19 08:15:10,911 | log | Internal Server Error: /add-plot/
Traceback (most recent call last):
  File "/home/createch/Documents/PROJECT/agriplot/env/lib/python3.13/site-packages/django/core/handlers/exception.py", line 55, in inner
    response = get_response(request)
  File "/home/createch/Documents/PROJECT/agriplot/env/lib/python3.13/site-packages/django/core/handlers/base.py", line 197, in _get_response
    response = wrapped_callback(request, *callback_args, **callback_kwargs)
  File "/home/createch/Documents/PROJECT/agriplot/env/lib/python3.13/site-packages/django/contrib/auth/decorators.py", line 59, in _view_wrapper
    return view_func(request, *args, **kwargs)
  File "/home/createch/Documents/PROJECT/agriplot/listings/views.py", line 805, in add_plot
    return render(request, "listings/add_plot.html", {
        "form": plot_form,
    ...<7 lines>...
        "sub_counties": sub_counties,
    })
  File "/home/createch/Documents/PROJECT/agriplot/env/lib/python3.13/site-packages/django/shortcuts.py", line 25, in render
    content = loader.render_to_string(template_name, context, request, using=using)
  File "/home/createch/Documents/PROJECT/agriplot/env/lib/python3.13/site-packages/django/template/loader.py", line 61, in render_to_string
    template = get_template(template_name, using=using)
  File "/home/createch/Documents/PROJECT/agriplot/env/lib/python3.13/site-packages/django/template/loader.py", line 15, in get_template
    return engine.get_template(template_name)
           ~~~~~~~~~~~~~~~~~~~^^^^^^^^^^^^^^^
  File "/home/createch/Documents/PROJECT/agriplot/env/lib/python3.13/site-packages/django/template/backends/django.py", line 79, in get_template
    return Template(self.engine.get_template(template_name), self)
                    ~~~~~~~~~~~~~~~~~~~~~~~~^^^^^^^^^^^^^^^
  File "/home/createch/Documents/PROJECT/agriplot/env/lib/python3.13/site-packages/django/template/engine.py", line 177, in get_template
    template, origin = self.find_template(template_name)
                       ~~~~~~~~~~~~~~~~~~^^^^^^^^^^^^^^^
  File "/home/createch/Documents/PROJECT/agriplot/env/lib/python3.13/site-packages/django/template/engine.py", line 159, in find_template
    template = loader.get_template(name, skip=skip)
  File "/home/createch/Documents/PROJECT/agriplot/env/lib/python3.13/site-packages/django/template/loaders/cached.py", line 57, in get_template
    template = super().get_template(template_name, skip)
  File "/home/createch/Documents/PROJECT/agriplot/env/lib/python3.13/site-packages/django/template/loaders/base.py", line 28, in get_template
    return Template(
        contents,
    ...<2 lines>...
        self.engine,
    )
  File "/home/createch/Documents/PROJECT/agriplot/env/lib/python3.13/site-packages/django/template/base.py", line 155, in __init__
    self.nodelist = self.compile_nodelist()
                    ~~~~~~~~~~~~~~~~~~~~~^^
  File "/home/createch/Documents/PROJECT/agriplot/env/lib/python3.13/site-packages/django/template/base.py", line 197, in compile_nodelist
    nodelist = parser.parse()
  File "/home/createch/Documents/PROJECT/agriplot/env/lib/python3.13/site-packages/django/template/base.py", line 519, in parse
    raise self.error(token, e)
  File "/home/createch/Documents/PROJECT/agriplot/env/lib/python3.13/site-packages/django/template/base.py", line 517, in parse
    compiled_result = compile_func(self, token)
  File "/home/createch/Documents/PROJECT/agriplot/env/lib/python3.13/site-packages/django/template/loader_tags.py", line 299, in do_extends
    nodelist = parser.parse()
  File "/home/createch/Documents/PROJECT/agriplot/env/lib/python3.13/site-packages/django/template/base.py", line 519, in parse
    raise self.error(token, e)
  File "/home/createch/Documents/PROJECT/agriplot/env/lib/python3.13/site-packages/django/template/base.py", line 517, in parse
    compiled_result = compile_func(self, token)
  File "/home/createch/Documents/PROJECT/agriplot/env/lib/python3.13/site-packages/django/template/loader_tags.py", line 234, in do_block
    nodelist = parser.parse(("endblock",))
  File "/home/createch/Documents/PROJECT/agriplot/env/lib/python3.13/site-packages/django/template/base.py", line 524, in parse
    self.unclosed_block_tag(parse_until)
    ~~~~~~~~~~~~~~~~~~~~~~~^^^^^^^^^^^^^
  File "/home/createch/Documents/PROJECT/agriplot/env/lib/python3.13/site-packages/django/template/base.py", line 591, in unclosed_block_tag
    raise self.error(token, msg)
django.template.exceptions.TemplateSyntaxError: Unclosed tag on line 7: 'block'. Looking for one of: endblock.
ERROR | 2026-02-19 08:15:10,920 | basehttp | "GET /add-plot/ HTTP/1.1" 500 218193
WARNING | 2026-02-19 08:15:11,066 | log | Not Found: /.well-known/appspecific/com.chrome.devtools.json
WARNING | 2026-02-19 08:15:11,073 | basehttp | "GET /.well-known/appspecific/com.chrome.devtools.json HTTP/1.1" 404 11806
INFO | 2026-02-19 08:16:01,220 | basehttp | "GET /add-plot/ HTTP/1.1" 200 142222
WARNING | 2026-02-19 08:16:01,286 | log | Not Found: /.well-known/appspecific/com.chrome.devtools.json
WARNING | 2026-02-19 08:16:01,288 | basehttp | "GET /.well-known/appspecific/com.chrome.devtools.json HTTP/1.1" 404 11806
INFO | 2026-02-19 08:22:21,889 | views | User juma attempting to add plot
INFO | 2026-02-19 08:22:21,890 | views | Is Agent: True, Is Landowner: False
INFO | 2026-02-19 08:22:21,890 | views | Owner object: juma
INFO | 2026-02-19 08:22:21,890 | views | POST keys: ['csrfmiddlewaretoken', 'title', 'county', 'subcounty', 'location', 'area', 'listing_type', 'land_type', 'land_use_description', 'sale_price', 'lease_price_monthly', 'lease_price_yearly', 'lease_duration', 'lease_terms', 'soil_type', 'ph_level', 'crop_suitability', 'has_water', 'water_source', 'has_electricity', 'electricity_meter', 'has_road_access', 'road_type', 'road_distance_km', 'has_buildings', 'building_description', 'fencing', 'latitude', 'longitude']
INFO | 2026-02-19 08:22:21,890 | views | FILES keys: ['title_deed', 'official_search', 'landowner_id_doc', 'kra_pin', 'soil_report']
ERROR | 2026-02-19 08:22:21,892 | views | Form validation errors: ['subcounty: Select a valid choice. Webuye East is not one of the available choices.', 'subcounty: Please select a sub-county']
INFO | 2026-02-19 08:22:21,908 | basehttp | "POST /add-plot/ HTTP/1.1" 200 147340
WARNING | 2026-02-19 08:22:22,026 | log | Not Found: /.well-known/appspecific/com.chrome.devtools.json
WARNING | 2026-02-19 08:22:22,031 | basehttp | "GET /.well-known/appspecific/com.chrome.devtools.json HTTP/1.1" 404 11806
INFO | 2026-02-19 08:25:44,402 | autoreload | /home/createch/Documents/PROJECT/agriplot/listings/models.py changed, reloading.
INFO | 2026-02-19 08:25:45,184 | autoreload | Watching for file changes with StatReloader
INFO | 2026-02-19 08:25:47,650 | autoreload | /home/createch/Documents/PROJECT/agriplot/listings/models.py changed, reloading.
INFO | 2026-02-19 08:25:48,720 | autoreload | Watching for file changes with StatReloader
INFO | 2026-02-19 08:25:51,064 | autoreload | /home/createch/Documents/PROJECT/agriplot/listings/models.py changed, reloading.
INFO | 2026-02-19 08:25:52,011 | autoreload | Watching for file changes with StatReloader
INFO | 2026-02-19 08:25:53,442 | autoreload | /home/createch/Documents/PROJECT/agriplot/listings/models.py changed, reloading.
INFO | 2026-02-19 08:25:54,058 | autoreload | Watching for file changes with StatReloader
INFO | 2026-02-19 08:25:55,297 | autoreload | /home/createch/Documents/PROJECT/agriplot/listings/models.py changed, reloading.
INFO | 2026-02-19 08:25:56,076 | autoreload | Watching for file changes with StatReloader
INFO | 2026-02-19 08:27:13,486 | autoreload | /home/createch/Documents/PROJECT/agriplot/listings/forms.py changed, reloading.
INFO | 2026-02-19 08:27:13,972 | autoreload | Watching for file changes with StatReloader
INFO | 2026-02-19 08:27:20,267 | autoreload | /home/createch/Documents/PROJECT/agriplot/listings/forms.py changed, reloading.
INFO | 2026-02-19 08:27:20,774 | autoreload | Watching for file changes with StatReloader
INFO | 2026-02-19 08:27:27,034 | autoreload | /home/createch/Documents/PROJECT/agriplot/listings/forms.py changed, reloading.
INFO | 2026-02-19 08:27:27,756 | autoreload | Watching for file changes with StatReloader
INFO | 2026-02-19 08:27:28,997 | autoreload | /home/createch/Documents/PROJECT/agriplot/listings/forms.py changed, reloading.
INFO | 2026-02-19 08:27:29,575 | autoreload | Watching for file changes with StatReloader
INFO | 2026-02-19 08:31:12,126 | views | User juma attempting to add plot
INFO | 2026-02-19 08:31:12,127 | views | Is Agent: True, Is Landowner: False
INFO | 2026-02-19 08:31:12,127 | views | Owner object: juma
INFO | 2026-02-19 08:31:12,127 | views | POST keys: ['csrfmiddlewaretoken', 'title', 'county', 'subcounty', 'location', 'area', 'listing_type', 'land_type', 'land_use_description', 'sale_price', 'lease_price_monthly', 'lease_price_yearly', 'lease_duration', 'lease_terms', 'soil_type', 'ph_level', 'crop_suitability', 'has_water', 'water_source', 'has_electricity', 'electricity_meter', 'has_road_access', 'road_type', 'road_distance_km', 'has_buildings', 'building_description', 'fencing', 'latitude', 'longitude']
INFO | 2026-02-19 08:31:12,127 | views | FILES keys: ['title_deed', 'official_search', 'landowner_id_doc', 'kra_pin', 'soil_report']
ERROR | 2026-02-19 08:31:12,129 | views | Form validation errors: ['subcounty: Select a valid choice. Webuye East is not one of the available choices.', 'subcounty: Please select a sub-county']
INFO | 2026-02-19 08:31:12,167 | basehttp | "POST /add-plot/ HTTP/1.1" 200 146340
WARNING | 2026-02-19 08:31:12,248 | log | Not Found: /.well-known/appspecific/com.chrome.devtools.json
WARNING | 2026-02-19 08:31:12,249 | basehttp | "GET /.well-known/appspecific/com.chrome.devtools.json HTTP/1.1" 404 11806
INFO | 2026-02-19 08:33:28,087 | autoreload | /home/createch/Documents/PROJECT/agriplot/listings/views.py changed, reloading.
INFO | 2026-02-19 08:33:28,647 | autoreload | Watching for file changes with StatReloader
INFO | 2026-02-19 08:33:35,713 | views | User juma attempting to add plot
INFO | 2026-02-19 08:33:35,713 | views | Is Agent: True, Is Landowner: False
INFO | 2026-02-19 08:33:35,713 | views | Owner object: juma
INFO | 2026-02-19 08:33:35,713 | views | POST keys: ['csrfmiddlewaretoken', 'title', 'county', 'subcounty', 'location', 'area', 'listing_type', 'land_type', 'land_use_description', 'sale_price', 'lease_price_monthly', 'lease_price_yearly', 'lease_duration', 'lease_terms', 'soil_type', 'ph_level', 'crop_suitability', 'has_water', 'water_source', 'has_electricity', 'electricity_meter', 'has_road_access', 'road_type', 'road_distance_km', 'has_buildings', 'building_description', 'fencing', 'latitude', 'longitude']
INFO | 2026-02-19 08:33:35,713 | views | FILES keys: ['title_deed', 'official_search', 'landowner_id_doc', 'kra_pin', 'soil_report']
ERROR | 2026-02-19 08:33:35,714 | views | Form validation errors: ['subcounty: Select a valid choice. Webuye East is not one of the available choices.', 'subcounty: Please select a sub-county']
INFO | 2026-02-19 08:33:35,754 | basehttp | "POST /add-plot/ HTTP/1.1" 200 146335
INFO | 2026-02-19 08:33:35,814 | basehttp | "GET /static/css/styles.css HTTP/1.1" 200 3422
WARNING | 2026-02-19 08:33:35,815 | log | Not Found: /.well-known/appspecific/com.chrome.devtools.json
WARNING | 2026-02-19 08:33:35,815 | basehttp | "GET /.well-known/appspecific/com.chrome.devtools.json HTTP/1.1" 404 11806
WARNING | 2026-02-19 08:33:38,372 | log | Not Found: /favicon.ico
WARNING | 2026-02-19 08:33:38,373 | basehttp | "GET /favicon.ico HTTP/1.1" 404 11695
INFO | 2026-02-19 08:34:59,915 | views | User juma attempting to add plot
INFO | 2026-02-19 08:34:59,915 | views | Is Agent: True, Is Landowner: False
INFO | 2026-02-19 08:34:59,916 | views | Owner object: juma
INFO | 2026-02-19 08:34:59,916 | views | POST keys: ['csrfmiddlewaretoken', 'title', 'county', 'subcounty', 'location', 'area', 'listing_type', 'land_type', 'land_use_description', 'sale_price', 'lease_price_monthly', 'lease_price_yearly', 'lease_duration', 'lease_terms', 'soil_type', 'ph_level', 'crop_suitability', 'has_water', 'water_source', 'has_electricity', 'electricity_meter', 'has_road_access', 'road_type', 'road_distance_km', 'has_buildings', 'building_description', 'fencing', 'latitude', 'longitude']
INFO | 2026-02-19 08:34:59,916 | views | FILES keys: ['title_deed', 'official_search', 'landowner_id_doc', 'kra_pin', 'soil_report']
ERROR | 2026-02-19 08:34:59,917 | views | Form validation errors: ['subcounty: Select a valid choice. Bumula is not one of the available choices.', 'subcounty: Please select a sub-county']
INFO | 2026-02-19 08:34:59,938 | basehttp | "POST /add-plot/ HTTP/1.1" 200 146325
WARNING | 2026-02-19 08:35:00,013 | log | Not Found: /.well-known/appspecific/com.chrome.devtools.json
WARNING | 2026-02-19 08:35:00,019 | basehttp | "GET /.well-known/appspecific/com.chrome.devtools.json HTTP/1.1" 404 11806
INFO | 2026-02-19 08:35:32,848 | views | User juma attempting to add plot
INFO | 2026-02-19 08:35:32,848 | views | Is Agent: True, Is Landowner: False
INFO | 2026-02-19 08:35:32,848 | views | Owner object: juma
INFO | 2026-02-19 08:35:32,849 | views | POST keys: ['csrfmiddlewaretoken', 'title', 'county', 'subcounty', 'location', 'area', 'listing_type', 'land_type', 'land_use_description', 'sale_price', 'lease_price_monthly', 'lease_price_yearly', 'lease_duration', 'lease_terms', 'soil_type', 'ph_level', 'crop_suitability', 'has_water', 'water_source', 'has_electricity', 'electricity_meter', 'has_road_access', 'road_type', 'road_distance_km', 'has_buildings', 'building_description', 'fencing', 'latitude', 'longitude']
INFO | 2026-02-19 08:35:32,849 | views | FILES keys: ['title_deed', 'official_search', 'landowner_id_doc', 'kra_pin', 'soil_report']
ERROR | 2026-02-19 08:35:32,850 | views | Form validation errors: ['subcounty: Select a valid choice. Bumula is not one of the available choices.', 'subcounty: Please select a sub-county']
INFO | 2026-02-19 08:35:32,872 | basehttp | "POST /add-plot/ HTTP/1.1" 200 146325
INFO | 2026-02-19 08:35:32,969 | basehttp | "GET /static/css/styles.css HTTP/1.1" 200 3422
WARNING | 2026-02-19 08:35:32,977 | log | Not Found: /.well-known/appspecific/com.chrome.devtools.json
WARNING | 2026-02-19 08:35:32,978 | basehttp | "GET /.well-known/appspecific/com.chrome.devtools.json HTTP/1.1" 404 11806
WARNING | 2026-02-19 08:35:35,414 | log | Not Found: /favicon.ico
WARNING | 2026-02-19 08:35:35,418 | basehttp | "GET /favicon.ico HTTP/1.1" 404 11695
INFO | 2026-02-19 08:35:46,421 | views | User juma attempting to add plot
INFO | 2026-02-19 08:35:46,421 | views | Is Agent: True, Is Landowner: False
INFO | 2026-02-19 08:35:46,421 | views | Owner object: juma
INFO | 2026-02-19 08:35:46,421 | views | POST keys: ['csrfmiddlewaretoken', 'title', 'county', 'subcounty', 'location', 'area', 'listing_type', 'land_type', 'land_use_description', 'sale_price', 'lease_price_monthly', 'lease_price_yearly', 'lease_duration', 'lease_terms', 'soil_type', 'ph_level', 'crop_suitability', 'has_water', 'water_source', 'has_electricity', 'electricity_meter', 'has_road_access', 'road_type', 'road_distance_km', 'has_buildings', 'building_description', 'fencing', 'latitude', 'longitude']
INFO | 2026-02-19 08:35:46,421 | views | FILES keys: ['title_deed', 'official_search', 'landowner_id_doc', 'kra_pin', 'soil_report']
ERROR | 2026-02-19 08:35:46,422 | views | Form validation errors: ['subcounty: Select a valid choice. Bumula is not one of the available choices.', 'subcounty: Please select a sub-county']
INFO | 2026-02-19 08:35:46,441 | basehttp | "POST /add-plot/ HTTP/1.1" 200 146325
WARNING | 2026-02-19 08:35:46,489 | log | Not Found: /.well-known/appspecific/com.chrome.devtools.json
WARNING | 2026-02-19 08:35:46,490 | basehttp | "GET /.well-known/appspecific/com.chrome.devtools.json HTTP/1.1" 404 11806
INFO | 2026-02-19 08:35:46,495 | basehttp | "GET /static/css/styles.css HTTP/1.1" 200 3422
WARNING | 2026-02-19 08:35:48,887 | log | Not Found: /favicon.ico
WARNING | 2026-02-19 08:35:48,889 | basehttp | "GET /favicon.ico HTTP/1.1" 404 11695
INFO | 2026-02-19 08:40:02,797 | autoreload | /home/createch/Documents/PROJECT/agriplot/listings/views.py changed, reloading.
INFO | 2026-02-19 08:40:03,312 | autoreload | Watching for file changes with StatReloader
INFO | 2026-02-19 08:40:05,573 | autoreload | /home/createch/Documents/PROJECT/agriplot/listings/views.py changed, reloading.
INFO | 2026-02-19 08:40:06,163 | autoreload | Watching for file changes with StatReloader
INFO | 2026-02-19 08:40:09,399 | autoreload | /home/createch/Documents/PROJECT/agriplot/listings/views.py changed, reloading.
INFO | 2026-02-19 08:40:10,127 | autoreload | Watching for file changes with StatReloader
INFO | 2026-02-19 08:40:11,419 | autoreload | /home/createch/Documents/PROJECT/agriplot/listings/views.py changed, reloading.
INFO | 2026-02-19 08:40:11,925 | autoreload | Watching for file changes with StatReloader
INFO | 2026-02-19 08:40:18,225 | autoreload | /home/createch/Documents/PROJECT/agriplot/listings/views.py changed, reloading.
INFO | 2026-02-19 08:40:19,168 | autoreload | Watching for file changes with StatReloader
INFO | 2026-02-19 08:40:26,481 | autoreload | /home/createch/Documents/PROJECT/agriplot/listings/views.py changed, reloading.
INFO | 2026-02-19 08:40:27,023 | autoreload | Watching for file changes with StatReloader
INFO | 2026-02-19 08:40:35,188 | autoreload | /home/createch/Documents/PROJECT/agriplot/listings/views.py changed, reloading.
INFO | 2026-02-19 08:40:35,784 | autoreload | Watching for file changes with StatReloader
INFO | 2026-02-19 08:40:39,060 | autoreload | /home/createch/Documents/PROJECT/agriplot/listings/views.py changed, reloading.
INFO | 2026-02-19 08:40:39,570 | autoreload | Watching for file changes with StatReloader
INFO | 2026-02-19 08:40:44,830 | autoreload | /home/createch/Documents/PROJECT/agriplot/listings/views.py changed, reloading.
INFO | 2026-02-19 08:40:45,321 | autoreload | Watching for file changes with StatReloader
INFO | 2026-02-19 08:40:59,712 | autoreload | /home/createch/Documents/PROJECT/agriplot/listings/views.py changed, reloading.
INFO | 2026-02-19 08:41:00,212 | autoreload | Watching for file changes with StatReloader
INFO | 2026-02-19 08:41:11,558 | autoreload | /home/createch/Documents/PROJECT/agriplot/listings/views.py changed, reloading.
INFO | 2026-02-19 08:41:12,239 | autoreload | Watching for file changes with StatReloader
INFO | 2026-02-19 08:41:13,922 | views | User juma attempting to add plot
INFO | 2026-02-19 08:41:13,923 | views | Is Agent: True, Is Landowner: False
INFO | 2026-02-19 08:41:13,923 | views | Owner object: juma
INFO | 2026-02-19 08:41:13,923 | views | POST keys: ['csrfmiddlewaretoken', 'title', 'county', 'subcounty', 'location', 'area', 'listing_type', 'land_type', 'land_use_description', 'sale_price', 'lease_price_monthly', 'lease_price_yearly', 'lease_duration', 'lease_terms', 'soil_type', 'ph_level', 'crop_suitability', 'has_water', 'water_source', 'has_electricity', 'electricity_meter', 'has_road_access', 'road_type', 'road_distance_km', 'has_buildings', 'building_description', 'fencing', 'latitude', 'longitude']
INFO | 2026-02-19 08:41:13,923 | views | FILES keys: ['title_deed', 'official_search', 'landowner_id_doc', 'kra_pin', 'soil_report']
ERROR | 2026-02-19 08:41:13,925 | views | Form validation errors: ['subcounty: Select a valid choice. Bumula is not one of the available choices.', 'subcounty: Please select a sub-county']
INFO | 2026-02-19 08:41:13,975 | basehttp | "POST /add-plot/ HTTP/1.1" 200 146325
INFO | 2026-02-19 08:41:48,538 | autoreload | Watching for file changes with StatReloader
INFO | 2026-02-19 08:41:50,321 | basehttp | "GET / HTTP/1.1" 200 51333
INFO | 2026-02-19 08:41:51,708 | basehttp | "GET / HTTP/1.1" 200 51333
INFO | 2026-02-19 08:42:02,843 | basehttp | "GET /add-plot/ HTTP/1.1" 200 141217
INFO | 2026-02-19 08:44:14,717 | autoreload | /home/createch/Documents/PROJECT/agriplot/agriplot/settings.py changed, reloading.
ERROR | 2026-02-19 09:04:09 | listings.validation | views | 916 | Validation error - subcounty: Select a valid choice. Bureti is not one of the available choices.
ERROR | 2026-02-19 09:04:09 | listings.validation | views | 917 | Field value: Bureti
ERROR | 2026-02-19 09:04:09 | listings.views | views | 921 | Location validation error - subcounty: Select a valid choice. Bureti is not one of the available choices.
ERROR | 2026-02-19 09:04:09 | listings.views | views | 922 | County selected: Kericho
ERROR | 2026-02-19 09:04:09 | listings.views | views | 923 | Subcounty selected: Bureti
ERROR | 2026-02-19 09:04:09 | listings.validation | views | 916 | Validation error - subcounty: Please select a sub-county
ERROR | 2026-02-19 09:04:09 | listings.validation | views | 917 | Field value: Bureti
ERROR | 2026-02-19 09:04:09 | listings.views | views | 921 | Location validation error - subcounty: Please select a sub-county
ERROR | 2026-02-19 09:04:09 | listings.views | views | 922 | County selected: Kericho
ERROR | 2026-02-19 09:04:09 | listings.views | views | 923 | Subcounty selected: Bureti
ERROR | 2026-02-19 09:04:09 | listings.views | views | 929 | Form validation errors summary: ['subcounty: Select a valid choice. Bureti is not one of the available choices.', 'subcounty: Please select a sub-county']
ERROR | 2026-02-19 09:04:09 | listings.views | views | 930 | POST data summary: County=Kericho, Subcounty=Bureti
ERROR | 2026-02-19 21:01:47 | django.request | log | 253 | Internal Server Error: /
Traceback (most recent call last):
  File "/home/createch/Documents/PROJECT/agriplot/env/lib/python3.13/site-packages/django/core/handlers/exception.py", line 55, in inner
    response = get_response(request)
  File "/home/createch/Documents/PROJECT/agriplot/env/lib/python3.13/site-packages/django/core/handlers/base.py", line 197, in _get_response
    response = wrapped_callback(request, *callback_args, **callback_kwargs)
  File "/home/createch/Documents/PROJECT/agriplot/listings/views.py", line 441, in home
    return render(request, 'listings/home.html', {
        'featured_plots': featured_plots,
    ...<14 lines>...
        },
    })
  File "/home/createch/Documents/PROJECT/agriplot/env/lib/python3.13/site-packages/django/shortcuts.py", line 25, in render
    content = loader.render_to_string(template_name, context, request, using=using)
  File "/home/createch/Documents/PROJECT/agriplot/env/lib/python3.13/site-packages/django/template/loader.py", line 62, in render_to_string
    return template.render(context, request)
           ~~~~~~~~~~~~~~~^^^^^^^^^^^^^^^^^^
  File "/home/createch/Documents/PROJECT/agriplot/env/lib/python3.13/site-packages/django/template/backends/django.py", line 107, in render
    return self.template.render(context)
           ~~~~~~~~~~~~~~~~~~~~^^^^^^^^^
  File "/home/createch/Documents/PROJECT/agriplot/env/lib/python3.13/site-packages/django/template/base.py", line 172, in render
    return self._render(context)
           ~~~~~~~~~~~~^^^^^^^^^
  File "/home/createch/Documents/PROJECT/agriplot/env/lib/python3.13/site-packages/django/template/base.py", line 164, in _render
    return self.nodelist.render(context)
           ~~~~~~~~~~~~~~~~~~~~^^^^^^^^^
  File "/home/createch/Documents/PROJECT/agriplot/env/lib/python3.13/site-packages/django/template/base.py", line 1018, in render
    return SafeString("".join([node.render_annotated(context) for node in self]))
                               ~~~~~~~~~~~~~~~~~~~~~^^^^^^^^^
  File "/home/createch/Documents/PROJECT/agriplot/env/lib/python3.13/site-packages/django/template/base.py", line 979, in render_annotated
    return self.render(context)
           ~~~~~~~~~~~^^^^^^^^^
  File "/home/createch/Documents/PROJECT/agriplot/env/lib/python3.13/site-packages/django/template/loader_tags.py", line 159, in render
    return compiled_parent._render(context)
           ~~~~~~~~~~~~~~~~~~~~~~~^^^^^^^^^
  File "/home/createch/Documents/PROJECT/agriplot/env/lib/python3.13/site-packages/django/template/base.py", line 164, in _render
    return self.nodelist.render(context)
           ~~~~~~~~~~~~~~~~~~~~^^^^^^^^^
  File "/home/createch/Documents/PROJECT/agriplot/env/lib/python3.13/site-packages/django/template/base.py", line 1018, in render
    return SafeString("".join([node.render_annotated(context) for node in self]))
                               ~~~~~~~~~~~~~~~~~~~~~^^^^^^^^^
  File "/home/createch/Documents/PROJECT/agriplot/env/lib/python3.13/site-packages/django/template/base.py", line 979, in render_annotated
    return self.render(context)
           ~~~~~~~~~~~^^^^^^^^^
  File "/home/createch/Documents/PROJECT/agriplot/env/lib/python3.13/site-packages/django/template/loader_tags.py", line 65, in render
    result = block.nodelist.render(context)
  File "/home/createch/Documents/PROJECT/agriplot/env/lib/python3.13/site-packages/django/template/base.py", line 1018, in render
    return SafeString("".join([node.render_annotated(context) for node in self]))
                               ~~~~~~~~~~~~~~~~~~~~~^^^^^^^^^
  File "/home/createch/Documents/PROJECT/agriplot/env/lib/python3.13/site-packages/django/template/base.py", line 979, in render_annotated
    return self.render(context)
           ~~~~~~~~~~~^^^^^^^^^
  File "/home/createch/Documents/PROJECT/agriplot/env/lib/python3.13/site-packages/django/template/loader_tags.py", line 199, in render
    template = context.template.engine.select_template(template_name)
  File "/home/createch/Documents/PROJECT/agriplot/env/lib/python3.13/site-packages/django/template/engine.py", line 208, in select_template
    return self.get_template(template_name)
           ~~~~~~~~~~~~~~~~~^^^^^^^^^^^^^^^
  File "/home/createch/Documents/PROJECT/agriplot/env/lib/python3.13/site-packages/django/template/engine.py", line 177, in get_template
    template, origin = self.find_template(template_name)
                       ~~~~~~~~~~~~~~~~~~^^^^^^^^^^^^^^^
  File "/home/createch/Documents/PROJECT/agriplot/env/lib/python3.13/site-packages/django/template/engine.py", line 159, in find_template
    template = loader.get_template(name, skip=skip)
  File "/home/createch/Documents/PROJECT/agriplot/env/lib/python3.13/site-packages/django/template/loaders/cached.py", line 57, in get_template
    template = super().get_template(template_name, skip)
  File "/home/createch/Documents/PROJECT/agriplot/env/lib/python3.13/site-packages/django/template/loaders/base.py", line 28, in get_template
    return Template(
        contents,
    ...<2 lines>...
        self.engine,
    )
  File "/home/createch/Documents/PROJECT/agriplot/env/lib/python3.13/site-packages/django/template/base.py", line 155, in __init__
    self.nodelist = self.compile_nodelist()
                    ~~~~~~~~~~~~~~~~~~~~~^^
  File "/home/createch/Documents/PROJECT/agriplot/env/lib/python3.13/site-packages/django/template/base.py", line 197, in compile_nodelist
    nodelist = parser.parse()
  File "/home/createch/Documents/PROJECT/agriplot/env/lib/python3.13/site-packages/django/template/base.py", line 519, in parse
    raise self.error(token, e)
  File "/home/createch/Documents/PROJECT/agriplot/env/lib/python3.13/site-packages/django/template/base.py", line 517, in parse
    compiled_result = compile_func(self, token)
  File "/home/createch/Documents/PROJECT/agriplot/env/lib/python3.13/site-packages/django/template/defaulttags.py", line 862, in do_for
    nodelist_loop = parser.parse(
        (
    ...<2 lines>...
        )
    )
  File "/home/createch/Documents/PROJECT/agriplot/env/lib/python3.13/site-packages/django/template/base.py", line 490, in parse
    raise self.error(token, e)
  File "/home/createch/Documents/PROJECT/agriplot/env/lib/python3.13/site-packages/django/template/base.py", line 488, in parse
    filter_expression = self.compile_filter(token.contents)
  File "/home/createch/Documents/PROJECT/agriplot/env/lib/python3.13/site-packages/django/template/base.py", line 610, in compile_filter
    return FilterExpression(token, self)
  File "/home/createch/Documents/PROJECT/agriplot/env/lib/python3.13/site-packages/django/template/base.py", line 706, in __init__
    filter_func = parser.find_filter(filter_name)
  File "/home/createch/Documents/PROJECT/agriplot/env/lib/python3.13/site-packages/django/template/base.py", line 616, in find_filter
    raise TemplateSyntaxError("Invalid filter: '%s'" % filter_name)
django.template.exceptions.TemplateSyntaxError: Invalid filter: 'intcomma'
ERROR | 2026-02-19 21:01:47 | django.server | basehttp | 213 | "GET / HTTP/1.1" 500 340192
ERROR | 2026-02-19 21:02:34 | django.request | log | 253 | Internal Server Error: /
Traceback (most recent call last):
  File "/home/createch/Documents/PROJECT/agriplot/env/lib/python3.13/site-packages/django/core/handlers/exception.py", line 55, in inner
    response = get_response(request)
  File "/home/createch/Documents/PROJECT/agriplot/env/lib/python3.13/site-packages/django/core/handlers/base.py", line 197, in _get_response
    response = wrapped_callback(request, *callback_args, **callback_kwargs)
  File "/home/createch/Documents/PROJECT/agriplot/listings/views.py", line 441, in home
    return render(request, 'listings/home.html', {
        'featured_plots': featured_plots,
    ...<14 lines>...
        },
    })
  File "/home/createch/Documents/PROJECT/agriplot/env/lib/python3.13/site-packages/django/shortcuts.py", line 25, in render
    content = loader.render_to_string(template_name, context, request, using=using)
  File "/home/createch/Documents/PROJECT/agriplot/env/lib/python3.13/site-packages/django/template/loader.py", line 62, in render_to_string
    return template.render(context, request)
           ~~~~~~~~~~~~~~~^^^^^^^^^^^^^^^^^^
  File "/home/createch/Documents/PROJECT/agriplot/env/lib/python3.13/site-packages/django/template/backends/django.py", line 107, in render
    return self.template.render(context)
           ~~~~~~~~~~~~~~~~~~~~^^^^^^^^^
  File "/home/createch/Documents/PROJECT/agriplot/env/lib/python3.13/site-packages/django/template/base.py", line 172, in render
    return self._render(context)
           ~~~~~~~~~~~~^^^^^^^^^
  File "/home/createch/Documents/PROJECT/agriplot/env/lib/python3.13/site-packages/django/template/base.py", line 164, in _render
    return self.nodelist.render(context)
           ~~~~~~~~~~~~~~~~~~~~^^^^^^^^^
  File "/home/createch/Documents/PROJECT/agriplot/env/lib/python3.13/site-packages/django/template/base.py", line 1018, in render
    return SafeString("".join([node.render_annotated(context) for node in self]))
                               ~~~~~~~~~~~~~~~~~~~~~^^^^^^^^^
  File "/home/createch/Documents/PROJECT/agriplot/env/lib/python3.13/site-packages/django/template/base.py", line 979, in render_annotated
    return self.render(context)
           ~~~~~~~~~~~^^^^^^^^^
  File "/home/createch/Documents/PROJECT/agriplot/env/lib/python3.13/site-packages/django/template/loader_tags.py", line 159, in render
    return compiled_parent._render(context)
           ~~~~~~~~~~~~~~~~~~~~~~~^^^^^^^^^
  File "/home/createch/Documents/PROJECT/agriplot/env/lib/python3.13/site-packages/django/template/base.py", line 164, in _render
    return self.nodelist.render(context)
           ~~~~~~~~~~~~~~~~~~~~^^^^^^^^^
  File "/home/createch/Documents/PROJECT/agriplot/env/lib/python3.13/site-packages/django/template/base.py", line 1018, in render
    return SafeString("".join([node.render_annotated(context) for node in self]))
                               ~~~~~~~~~~~~~~~~~~~~~^^^^^^^^^
  File "/home/createch/Documents/PROJECT/agriplot/env/lib/python3.13/site-packages/django/template/base.py", line 979, in render_annotated
    return self.render(context)
           ~~~~~~~~~~~^^^^^^^^^
  File "/home/createch/Documents/PROJECT/agriplot/env/lib/python3.13/site-packages/django/template/loader_tags.py", line 65, in render
    result = block.nodelist.render(context)
  File "/home/createch/Documents/PROJECT/agriplot/env/lib/python3.13/site-packages/django/template/base.py", line 1018, in render
    return SafeString("".join([node.render_annotated(context) for node in self]))
                               ~~~~~~~~~~~~~~~~~~~~~^^^^^^^^^
  File "/home/createch/Documents/PROJECT/agriplot/env/lib/python3.13/site-packages/django/template/base.py", line 979, in render_annotated
    return self.render(context)
           ~~~~~~~~~~~^^^^^^^^^
  File "/home/createch/Documents/PROJECT/agriplot/env/lib/python3.13/site-packages/django/template/loader_tags.py", line 199, in render
    template = context.template.engine.select_template(template_name)
  File "/home/createch/Documents/PROJECT/agriplot/env/lib/python3.13/site-packages/django/template/engine.py", line 208, in select_template
    return self.get_template(template_name)
           ~~~~~~~~~~~~~~~~~^^^^^^^^^^^^^^^
  File "/home/createch/Documents/PROJECT/agriplot/env/lib/python3.13/site-packages/django/template/engine.py", line 177, in get_template
    template, origin = self.find_template(template_name)
                       ~~~~~~~~~~~~~~~~~~^^^^^^^^^^^^^^^
  File "/home/createch/Documents/PROJECT/agriplot/env/lib/python3.13/site-packages/django/template/engine.py", line 159, in find_template
    template = loader.get_template(name, skip=skip)
  File "/home/createch/Documents/PROJECT/agriplot/env/lib/python3.13/site-packages/django/template/loaders/cached.py", line 57, in get_template
    template = super().get_template(template_name, skip)
  File "/home/createch/Documents/PROJECT/agriplot/env/lib/python3.13/site-packages/django/template/loaders/base.py", line 28, in get_template
    return Template(
        contents,
    ...<2 lines>...
        self.engine,
    )
  File "/home/createch/Documents/PROJECT/agriplot/env/lib/python3.13/site-packages/django/template/base.py", line 155, in __init__
    self.nodelist = self.compile_nodelist()
                    ~~~~~~~~~~~~~~~~~~~~~^^
  File "/home/createch/Documents/PROJECT/agriplot/env/lib/python3.13/site-packages/django/template/base.py", line 197, in compile_nodelist
    nodelist = parser.parse()
  File "/home/createch/Documents/PROJECT/agriplot/env/lib/python3.13/site-packages/django/template/base.py", line 519, in parse
    raise self.error(token, e)
  File "/home/createch/Documents/PROJECT/agriplot/env/lib/python3.13/site-packages/django/template/base.py", line 517, in parse
    compiled_result = compile_func(self, token)
  File "/home/createch/Documents/PROJECT/agriplot/env/lib/python3.13/site-packages/django/template/defaulttags.py", line 862, in do_for
    nodelist_loop = parser.parse(
        (
    ...<2 lines>...
        )
    )
  File "/home/createch/Documents/PROJECT/agriplot/env/lib/python3.13/site-packages/django/template/base.py", line 490, in parse
    raise self.error(token, e)
  File "/home/createch/Documents/PROJECT/agriplot/env/lib/python3.13/site-packages/django/template/base.py", line 488, in parse
    filter_expression = self.compile_filter(token.contents)
  File "/home/createch/Documents/PROJECT/agriplot/env/lib/python3.13/site-packages/django/template/base.py", line 610, in compile_filter
    return FilterExpression(token, self)
  File "/home/createch/Documents/PROJECT/agriplot/env/lib/python3.13/site-packages/django/template/base.py", line 706, in __init__
    filter_func = parser.find_filter(filter_name)
  File "/home/createch/Documents/PROJECT/agriplot/env/lib/python3.13/site-packages/django/template/base.py", line 616, in find_filter
    raise TemplateSyntaxError("Invalid filter: '%s'" % filter_name)
django.template.exceptions.TemplateSyntaxError: Invalid filter: 'intcomma'
ERROR | 2026-02-19 21:02:34 | django.server | basehttp | 213 | "GET / HTTP/1.1" 500 340192
ERROR | 2026-02-19 21:04:46 | django.request | log | 253 | Internal Server Error: /
Traceback (most recent call last):
  File "/home/createch/Documents/PROJECT/agriplot/env/lib/python3.13/site-packages/django/core/handlers/exception.py", line 55, in inner
    response = get_response(request)
  File "/home/createch/Documents/PROJECT/agriplot/env/lib/python3.13/site-packages/django/core/handlers/base.py", line 197, in _get_response
    response = wrapped_callback(request, *callback_args, **callback_kwargs)
  File "/home/createch/Documents/PROJECT/agriplot/listings/views.py", line 441, in home
    return render(request, 'listings/home.html', {
        'featured_plots': featured_plots,
    ...<14 lines>...
        },
    })
  File "/home/createch/Documents/PROJECT/agriplot/env/lib/python3.13/site-packages/django/shortcuts.py", line 25, in render
    content = loader.render_to_string(template_name, context, request, using=using)
  File "/home/createch/Documents/PROJECT/agriplot/env/lib/python3.13/site-packages/django/template/loader.py", line 62, in render_to_string
    return template.render(context, request)
           ~~~~~~~~~~~~~~~^^^^^^^^^^^^^^^^^^
  File "/home/createch/Documents/PROJECT/agriplot/env/lib/python3.13/site-packages/django/template/backends/django.py", line 107, in render
    return self.template.render(context)
           ~~~~~~~~~~~~~~~~~~~~^^^^^^^^^
  File "/home/createch/Documents/PROJECT/agriplot/env/lib/python3.13/site-packages/django/template/base.py", line 172, in render
    return self._render(context)
           ~~~~~~~~~~~~^^^^^^^^^
  File "/home/createch/Documents/PROJECT/agriplot/env/lib/python3.13/site-packages/django/template/base.py", line 164, in _render
    return self.nodelist.render(context)
           ~~~~~~~~~~~~~~~~~~~~^^^^^^^^^
  File "/home/createch/Documents/PROJECT/agriplot/env/lib/python3.13/site-packages/django/template/base.py", line 1018, in render
    return SafeString("".join([node.render_annotated(context) for node in self]))
                               ~~~~~~~~~~~~~~~~~~~~~^^^^^^^^^
  File "/home/createch/Documents/PROJECT/agriplot/env/lib/python3.13/site-packages/django/template/base.py", line 979, in render_annotated
    return self.render(context)
           ~~~~~~~~~~~^^^^^^^^^
  File "/home/createch/Documents/PROJECT/agriplot/env/lib/python3.13/site-packages/django/template/loader_tags.py", line 159, in render
    return compiled_parent._render(context)
           ~~~~~~~~~~~~~~~~~~~~~~~^^^^^^^^^
  File "/home/createch/Documents/PROJECT/agriplot/env/lib/python3.13/site-packages/django/template/base.py", line 164, in _render
    return self.nodelist.render(context)
           ~~~~~~~~~~~~~~~~~~~~^^^^^^^^^
  File "/home/createch/Documents/PROJECT/agriplot/env/lib/python3.13/site-packages/django/template/base.py", line 1018, in render
    return SafeString("".join([node.render_annotated(context) for node in self]))
                               ~~~~~~~~~~~~~~~~~~~~~^^^^^^^^^
  File "/home/createch/Documents/PROJECT/agriplot/env/lib/python3.13/site-packages/django/template/base.py", line 979, in render_annotated
    return self.render(context)
           ~~~~~~~~~~~^^^^^^^^^
  File "/home/createch/Documents/PROJECT/agriplot/env/lib/python3.13/site-packages/django/template/loader_tags.py", line 65, in render
    result = block.nodelist.render(context)
  File "/home/createch/Documents/PROJECT/agriplot/env/lib/python3.13/site-packages/django/template/base.py", line 1018, in render
    return SafeString("".join([node.render_annotated(context) for node in self]))
                               ~~~~~~~~~~~~~~~~~~~~~^^^^^^^^^
  File "/home/createch/Documents/PROJECT/agriplot/env/lib/python3.13/site-packages/django/template/base.py", line 979, in render_annotated
    return self.render(context)
           ~~~~~~~~~~~^^^^^^^^^
  File "/home/createch/Documents/PROJECT/agriplot/env/lib/python3.13/site-packages/django/template/loader_tags.py", line 210, in render
    return template.render(context)
           ~~~~~~~~~~~~~~~^^^^^^^^^
  File "/home/createch/Documents/PROJECT/agriplot/env/lib/python3.13/site-packages/django/template/base.py", line 174, in render
    return self._render(context)
           ~~~~~~~~~~~~^^^^^^^^^
  File "/home/createch/Documents/PROJECT/agriplot/env/lib/python3.13/site-packages/django/template/base.py", line 164, in _render
    return self.nodelist.render(context)
           ~~~~~~~~~~~~~~~~~~~~^^^^^^^^^
  File "/home/createch/Documents/PROJECT/agriplot/env/lib/python3.13/site-packages/django/template/base.py", line 1018, in render
    return SafeString("".join([node.render_annotated(context) for node in self]))
                               ~~~~~~~~~~~~~~~~~~~~~^^^^^^^^^
  File "/home/createch/Documents/PROJECT/agriplot/env/lib/python3.13/site-packages/django/template/base.py", line 979, in render_annotated
    return self.render(context)
           ~~~~~~~~~~~^^^^^^^^^
  File "/home/createch/Documents/PROJECT/agriplot/env/lib/python3.13/site-packages/django/template/defaulttags.py", line 243, in render
    nodelist.append(node.render_annotated(context))
                    ~~~~~~~~~~~~~~~~~~~~~^^^^^^^^^
  File "/home/createch/Documents/PROJECT/agriplot/env/lib/python3.13/site-packages/django/template/base.py", line 979, in render_annotated
    return self.render(context)
           ~~~~~~~~~~~^^^^^^^^^
  File "/home/createch/Documents/PROJECT/agriplot/env/lib/python3.13/site-packages/django/template/defaulttags.py", line 327, in render
    return nodelist.render(context)
           ~~~~~~~~~~~~~~~^^^^^^^^^
  File "/home/createch/Documents/PROJECT/agriplot/env/lib/python3.13/site-packages/django/template/base.py", line 1018, in render
    return SafeString("".join([node.render_annotated(context) for node in self]))
                               ~~~~~~~~~~~~~~~~~~~~~^^^^^^^^^
  File "/home/createch/Documents/PROJECT/agriplot/env/lib/python3.13/site-packages/django/template/base.py", line 979, in render_annotated
    return self.render(context)
           ~~~~~~~~~~~^^^^^^^^^
  File "/home/createch/Documents/PROJECT/agriplot/env/lib/python3.13/site-packages/django/template/defaulttags.py", line 480, in render
    url = reverse(view_name, args=args, kwargs=kwargs, current_app=current_app)
  File "/home/createch/Documents/PROJECT/agriplot/env/lib/python3.13/site-packages/django/urls/base.py", line 98, in reverse
    resolved_url = resolver._reverse_with_prefix(view, prefix, *args, **kwargs)
  File "/home/createch/Documents/PROJECT/agriplot/env/lib/python3.13/site-packages/django/urls/resolvers.py", line 831, in _reverse_with_prefix
    raise NoReverseMatch(msg)
django.urls.exceptions.NoReverseMatch: Reverse for 'contact_owner' not found. 'contact_owner' is not a valid view function or pattern name.
ERROR | 2026-02-19 21:04:46 | django.server | basehttp | 213 | "GET / HTTP/1.1" 500 262041
ERROR | 2026-02-19 21:09:03 | django.request | log | 253 | Internal Server Error: /
Traceback (most recent call last):
  File "/home/createch/Documents/PROJECT/agriplot/env/lib/python3.13/site-packages/django/template/base.py", line 892, in _resolve_lookup
    raise TypeError
TypeError

During handling of the above exception, another exception occurred:

Traceback (most recent call last):
  File "/home/createch/Documents/PROJECT/agriplot/env/lib/python3.13/site-packages/django/template/base.py", line 903, in _resolve_lookup
    current = getattr(current, bit)
AttributeError: 'Plot' object has no attribute 'broker'

During handling of the above exception, another exception occurred:

Traceback (most recent call last):
  File "/home/createch/Documents/PROJECT/agriplot/env/lib/python3.13/site-packages/django/template/base.py", line 909, in _resolve_lookup
    current = current[int(bit)]
                      ~~~^^^^^
ValueError: invalid literal for int() with base 10: 'broker'

During handling of the above exception, another exception occurred:

Traceback (most recent call last):
  File "/home/createch/Documents/PROJECT/agriplot/env/lib/python3.13/site-packages/django/core/handlers/exception.py", line 55, in inner
    response = get_response(request)
  File "/home/createch/Documents/PROJECT/agriplot/env/lib/python3.13/site-packages/django/core/handlers/base.py", line 197, in _get_response
    response = wrapped_callback(request, *callback_args, **callback_kwargs)
  File "/home/createch/Documents/PROJECT/agriplot/listings/views.py", line 441, in home
    return render(request, 'listings/home.html', {
        'featured_plots': featured_plots,
    ...<14 lines>...
        },
    })
  File "/home/createch/Documents/PROJECT/agriplot/env/lib/python3.13/site-packages/django/shortcuts.py", line 25, in render
    content = loader.render_to_string(template_name, context, request, using=using)
  File "/home/createch/Documents/PROJECT/agriplot/env/lib/python3.13/site-packages/django/template/loader.py", line 62, in render_to_string
    return template.render(context, request)
           ~~~~~~~~~~~~~~~^^^^^^^^^^^^^^^^^^
  File "/home/createch/Documents/PROJECT/agriplot/env/lib/python3.13/site-packages/django/template/backends/django.py", line 107, in render
    return self.template.render(context)
           ~~~~~~~~~~~~~~~~~~~~^^^^^^^^^
  File "/home/createch/Documents/PROJECT/agriplot/env/lib/python3.13/site-packages/django/template/base.py", line 172, in render
    return self._render(context)
           ~~~~~~~~~~~~^^^^^^^^^
  File "/home/createch/Documents/PROJECT/agriplot/env/lib/python3.13/site-packages/django/template/base.py", line 164, in _render
    return self.nodelist.render(context)
           ~~~~~~~~~~~~~~~~~~~~^^^^^^^^^
  File "/home/createch/Documents/PROJECT/agriplot/env/lib/python3.13/site-packages/django/template/base.py", line 1018, in render
    return SafeString("".join([node.render_annotated(context) for node in self]))
                               ~~~~~~~~~~~~~~~~~~~~~^^^^^^^^^
  File "/home/createch/Documents/PROJECT/agriplot/env/lib/python3.13/site-packages/django/template/base.py", line 979, in render_annotated
    return self.render(context)
           ~~~~~~~~~~~^^^^^^^^^
  File "/home/createch/Documents/PROJECT/agriplot/env/lib/python3.13/site-packages/django/template/loader_tags.py", line 159, in render
    return compiled_parent._render(context)
           ~~~~~~~~~~~~~~~~~~~~~~~^^^^^^^^^
  File "/home/createch/Documents/PROJECT/agriplot/env/lib/python3.13/site-packages/django/template/base.py", line 164, in _render
    return self.nodelist.render(context)
           ~~~~~~~~~~~~~~~~~~~~^^^^^^^^^
  File "/home/createch/Documents/PROJECT/agriplot/env/lib/python3.13/site-packages/django/template/base.py", line 1018, in render
    return SafeString("".join([node.render_annotated(context) for node in self]))
                               ~~~~~~~~~~~~~~~~~~~~~^^^^^^^^^
  File "/home/createch/Documents/PROJECT/agriplot/env/lib/python3.13/site-packages/django/template/base.py", line 979, in render_annotated
    return self.render(context)
           ~~~~~~~~~~~^^^^^^^^^
  File "/home/createch/Documents/PROJECT/agriplot/env/lib/python3.13/site-packages/django/template/loader_tags.py", line 65, in render
    result = block.nodelist.render(context)
  File "/home/createch/Documents/PROJECT/agriplot/env/lib/python3.13/site-packages/django/template/base.py", line 1018, in render
    return SafeString("".join([node.render_annotated(context) for node in self]))
                               ~~~~~~~~~~~~~~~~~~~~~^^^^^^^^^
  File "/home/createch/Documents/PROJECT/agriplot/env/lib/python3.13/site-packages/django/template/base.py", line 979, in render_annotated
    return self.render(context)
           ~~~~~~~~~~~^^^^^^^^^
  File "/home/createch/Documents/PROJECT/agriplot/env/lib/python3.13/site-packages/django/template/loader_tags.py", line 210, in render
    return template.render(context)
           ~~~~~~~~~~~~~~~^^^^^^^^^
  File "/home/createch/Documents/PROJECT/agriplot/env/lib/python3.13/site-packages/django/template/base.py", line 174, in render
    return self._render(context)
           ~~~~~~~~~~~~^^^^^^^^^
  File "/home/createch/Documents/PROJECT/agriplot/env/lib/python3.13/site-packages/django/template/base.py", line 164, in _render
    return self.nodelist.render(context)
           ~~~~~~~~~~~~~~~~~~~~^^^^^^^^^
  File "/home/createch/Documents/PROJECT/agriplot/env/lib/python3.13/site-packages/django/template/base.py", line 1018, in render
    return SafeString("".join([node.render_annotated(context) for node in self]))
                               ~~~~~~~~~~~~~~~~~~~~~^^^^^^^^^
  File "/home/createch/Documents/PROJECT/agriplot/env/lib/python3.13/site-packages/django/template/base.py", line 979, in render_annotated
    return self.render(context)
           ~~~~~~~~~~~^^^^^^^^^
  File "/home/createch/Documents/PROJECT/agriplot/env/lib/python3.13/site-packages/django/template/defaulttags.py", line 243, in render
    nodelist.append(node.render_annotated(context))
                    ~~~~~~~~~~~~~~~~~~~~~^^^^^^^^^
  File "/home/createch/Documents/PROJECT/agriplot/env/lib/python3.13/site-packages/django/template/base.py", line 979, in render_annotated
    return self.render(context)
           ~~~~~~~~~~~^^^^^^^^^
  File "/home/createch/Documents/PROJECT/agriplot/env/lib/python3.13/site-packages/django/template/defaulttags.py", line 327, in render
    return nodelist.render(context)
           ~~~~~~~~~~~~~~~^^^^^^^^^
  File "/home/createch/Documents/PROJECT/agriplot/env/lib/python3.13/site-packages/django/template/base.py", line 1018, in render
    return SafeString("".join([node.render_annotated(context) for node in self]))
                               ~~~~~~~~~~~~~~~~~~~~~^^^^^^^^^
  File "/home/createch/Documents/PROJECT/agriplot/env/lib/python3.13/site-packages/django/template/base.py", line 979, in render_annotated
    return self.render(context)
           ~~~~~~~~~~~^^^^^^^^^
  File "/home/createch/Documents/PROJECT/agriplot/env/lib/python3.13/site-packages/django/template/base.py", line 1077, in render
    output = self.filter_expression.resolve(context)
  File "/home/createch/Documents/PROJECT/agriplot/env/lib/python3.13/site-packages/django/template/base.py", line 744, in resolve
    arg_vals.append(arg.resolve(context))
                    ~~~~~~~~~~~^^^^^^^^^
  File "/home/createch/Documents/PROJECT/agriplot/env/lib/python3.13/site-packages/django/template/base.py", line 856, in resolve
    value = self._resolve_lookup(context)
  File "/home/createch/Documents/PROJECT/agriplot/env/lib/python3.13/site-packages/django/template/base.py", line 916, in _resolve_lookup
    raise VariableDoesNotExist(
    ^^^^^^^^^^^^^^^^^^^^^^^^^^^
    ...<2 lines>...
    )  # missing attribute
    ^
django.template.base.VariableDoesNotExist: Failed lookup for key [broker] in <Plot: New Plot for Lease>
ERROR | 2026-02-19 21:09:03 | django.server | basehttp | 213 | "GET / HTTP/1.1" 500 286419
ERROR | 2026-02-19 21:09:24 | django.request | log | 253 | Internal Server Error: /
Traceback (most recent call last):
  File "/home/createch/Documents/PROJECT/agriplot/env/lib/python3.13/site-packages/django/template/base.py", line 892, in _resolve_lookup
    raise TypeError
TypeError

During handling of the above exception, another exception occurred:

Traceback (most recent call last):
  File "/home/createch/Documents/PROJECT/agriplot/env/lib/python3.13/site-packages/django/template/base.py", line 903, in _resolve_lookup
    current = getattr(current, bit)
AttributeError: 'Plot' object has no attribute 'broker'

During handling of the above exception, another exception occurred:

Traceback (most recent call last):
  File "/home/createch/Documents/PROJECT/agriplot/env/lib/python3.13/site-packages/django/template/base.py", line 909, in _resolve_lookup
    current = current[int(bit)]
                      ~~~^^^^^
ValueError: invalid literal for int() with base 10: 'broker'

During handling of the above exception, another exception occurred:

Traceback (most recent call last):
  File "/home/createch/Documents/PROJECT/agriplot/env/lib/python3.13/site-packages/django/core/handlers/exception.py", line 55, in inner
    response = get_response(request)
  File "/home/createch/Documents/PROJECT/agriplot/env/lib/python3.13/site-packages/django/core/handlers/base.py", line 197, in _get_response
    response = wrapped_callback(request, *callback_args, **callback_kwargs)
  File "/home/createch/Documents/PROJECT/agriplot/listings/views.py", line 441, in home
    return render(request, 'listings/home.html', {
        'featured_plots': featured_plots,
    ...<14 lines>...
        },
    })
  File "/home/createch/Documents/PROJECT/agriplot/env/lib/python3.13/site-packages/django/shortcuts.py", line 25, in render
    content = loader.render_to_string(template_name, context, request, using=using)
  File "/home/createch/Documents/PROJECT/agriplot/env/lib/python3.13/site-packages/django/template/loader.py", line 62, in render_to_string
    return template.render(context, request)
           ~~~~~~~~~~~~~~~^^^^^^^^^^^^^^^^^^
  File "/home/createch/Documents/PROJECT/agriplot/env/lib/python3.13/site-packages/django/template/backends/django.py", line 107, in render
    return self.template.render(context)
           ~~~~~~~~~~~~~~~~~~~~^^^^^^^^^
  File "/home/createch/Documents/PROJECT/agriplot/env/lib/python3.13/site-packages/django/template/base.py", line 172, in render
    return self._render(context)
           ~~~~~~~~~~~~^^^^^^^^^
  File "/home/createch/Documents/PROJECT/agriplot/env/lib/python3.13/site-packages/django/template/base.py", line 164, in _render
    return self.nodelist.render(context)
           ~~~~~~~~~~~~~~~~~~~~^^^^^^^^^
  File "/home/createch/Documents/PROJECT/agriplot/env/lib/python3.13/site-packages/django/template/base.py", line 1018, in render
    return SafeString("".join([node.render_annotated(context) for node in self]))
                               ~~~~~~~~~~~~~~~~~~~~~^^^^^^^^^
  File "/home/createch/Documents/PROJECT/agriplot/env/lib/python3.13/site-packages/django/template/base.py", line 979, in render_annotated
    return self.render(context)
           ~~~~~~~~~~~^^^^^^^^^
  File "/home/createch/Documents/PROJECT/agriplot/env/lib/python3.13/site-packages/django/template/loader_tags.py", line 159, in render
    return compiled_parent._render(context)
           ~~~~~~~~~~~~~~~~~~~~~~~^^^^^^^^^
  File "/home/createch/Documents/PROJECT/agriplot/env/lib/python3.13/site-packages/django/template/base.py", line 164, in _render
    return self.nodelist.render(context)
           ~~~~~~~~~~~~~~~~~~~~^^^^^^^^^
  File "/home/createch/Documents/PROJECT/agriplot/env/lib/python3.13/site-packages/django/template/base.py", line 1018, in render
    return SafeString("".join([node.render_annotated(context) for node in self]))
                               ~~~~~~~~~~~~~~~~~~~~~^^^^^^^^^
  File "/home/createch/Documents/PROJECT/agriplot/env/lib/python3.13/site-packages/django/template/base.py", line 979, in render_annotated
    return self.render(context)
           ~~~~~~~~~~~^^^^^^^^^
  File "/home/createch/Documents/PROJECT/agriplot/env/lib/python3.13/site-packages/django/template/loader_tags.py", line 65, in render
    result = block.nodelist.render(context)
  File "/home/createch/Documents/PROJECT/agriplot/env/lib/python3.13/site-packages/django/template/base.py", line 1018, in render
    return SafeString("".join([node.render_annotated(context) for node in self]))
                               ~~~~~~~~~~~~~~~~~~~~~^^^^^^^^^
  File "/home/createch/Documents/PROJECT/agriplot/env/lib/python3.13/site-packages/django/template/base.py", line 979, in render_annotated
    return self.render(context)
           ~~~~~~~~~~~^^^^^^^^^
  File "/home/createch/Documents/PROJECT/agriplot/env/lib/python3.13/site-packages/django/template/loader_tags.py", line 210, in render
    return template.render(context)
           ~~~~~~~~~~~~~~~^^^^^^^^^
  File "/home/createch/Documents/PROJECT/agriplot/env/lib/python3.13/site-packages/django/template/base.py", line 174, in render
    return self._render(context)
           ~~~~~~~~~~~~^^^^^^^^^
  File "/home/createch/Documents/PROJECT/agriplot/env/lib/python3.13/site-packages/django/template/base.py", line 164, in _render
    return self.nodelist.render(context)
           ~~~~~~~~~~~~~~~~~~~~^^^^^^^^^
  File "/home/createch/Documents/PROJECT/agriplot/env/lib/python3.13/site-packages/django/template/base.py", line 1018, in render
    return SafeString("".join([node.render_annotated(context) for node in self]))
                               ~~~~~~~~~~~~~~~~~~~~~^^^^^^^^^
  File "/home/createch/Documents/PROJECT/agriplot/env/lib/python3.13/site-packages/django/template/base.py", line 979, in render_annotated
    return self.render(context)
           ~~~~~~~~~~~^^^^^^^^^
  File "/home/createch/Documents/PROJECT/agriplot/env/lib/python3.13/site-packages/django/template/defaulttags.py", line 243, in render
    nodelist.append(node.render_annotated(context))
                    ~~~~~~~~~~~~~~~~~~~~~^^^^^^^^^
  File "/home/createch/Documents/PROJECT/agriplot/env/lib/python3.13/site-packages/django/template/base.py", line 979, in render_annotated
    return self.render(context)
           ~~~~~~~~~~~^^^^^^^^^
  File "/home/createch/Documents/PROJECT/agriplot/env/lib/python3.13/site-packages/django/template/defaulttags.py", line 327, in render
    return nodelist.render(context)
           ~~~~~~~~~~~~~~~^^^^^^^^^
  File "/home/createch/Documents/PROJECT/agriplot/env/lib/python3.13/site-packages/django/template/base.py", line 1018, in render
    return SafeString("".join([node.render_annotated(context) for node in self]))
                               ~~~~~~~~~~~~~~~~~~~~~^^^^^^^^^
  File "/home/createch/Documents/PROJECT/agriplot/env/lib/python3.13/site-packages/django/template/base.py", line 979, in render_annotated
    return self.render(context)
           ~~~~~~~~~~~^^^^^^^^^
  File "/home/createch/Documents/PROJECT/agriplot/env/lib/python3.13/site-packages/django/template/base.py", line 1077, in render
    output = self.filter_expression.resolve(context)
  File "/home/createch/Documents/PROJECT/agriplot/env/lib/python3.13/site-packages/django/template/base.py", line 744, in resolve
    arg_vals.append(arg.resolve(context))
                    ~~~~~~~~~~~^^^^^^^^^
  File "/home/createch/Documents/PROJECT/agriplot/env/lib/python3.13/site-packages/django/template/base.py", line 856, in resolve
    value = self._resolve_lookup(context)
  File "/home/createch/Documents/PROJECT/agriplot/env/lib/python3.13/site-packages/django/template/base.py", line 916, in _resolve_lookup
    raise VariableDoesNotExist(
    ^^^^^^^^^^^^^^^^^^^^^^^^^^^
    ...<2 lines>...
    )  # missing attribute
    ^
django.template.base.VariableDoesNotExist: Failed lookup for key [broker] in <Plot: New Plot for Lease>
ERROR | 2026-02-19 21:09:24 | django.server | basehttp | 213 | "GET / HTTP/1.1" 500 286248
ERROR | 2026-02-19 21:10:58 | django.request | log | 253 | Internal Server Error: /
Traceback (most recent call last):
  File "/home/createch/Documents/PROJECT/agriplot/env/lib/python3.13/site-packages/django/template/base.py", line 892, in _resolve_lookup
    raise TypeError
TypeError

During handling of the above exception, another exception occurred:

Traceback (most recent call last):
  File "/home/createch/Documents/PROJECT/agriplot/env/lib/python3.13/site-packages/django/template/base.py", line 903, in _resolve_lookup
    current = getattr(current, bit)
AttributeError: 'NoneType' object has no attribute 'user'

During handling of the above exception, another exception occurred:

Traceback (most recent call last):
  File "/home/createch/Documents/PROJECT/agriplot/env/lib/python3.13/site-packages/django/template/base.py", line 909, in _resolve_lookup
    current = current[int(bit)]
                      ~~~^^^^^
ValueError: invalid literal for int() with base 10: 'user'

During handling of the above exception, another exception occurred:

Traceback (most recent call last):
  File "/home/createch/Documents/PROJECT/agriplot/env/lib/python3.13/site-packages/django/core/handlers/exception.py", line 55, in inner
    response = get_response(request)
  File "/home/createch/Documents/PROJECT/agriplot/env/lib/python3.13/site-packages/django/core/handlers/base.py", line 197, in _get_response
    response = wrapped_callback(request, *callback_args, **callback_kwargs)
  File "/home/createch/Documents/PROJECT/agriplot/listings/views.py", line 441, in home
    return render(request, 'listings/home.html', {
        'featured_plots': featured_plots,
    ...<14 lines>...
        },
    })
  File "/home/createch/Documents/PROJECT/agriplot/env/lib/python3.13/site-packages/django/shortcuts.py", line 25, in render
    content = loader.render_to_string(template_name, context, request, using=using)
  File "/home/createch/Documents/PROJECT/agriplot/env/lib/python3.13/site-packages/django/template/loader.py", line 62, in render_to_string
    return template.render(context, request)
           ~~~~~~~~~~~~~~~^^^^^^^^^^^^^^^^^^
  File "/home/createch/Documents/PROJECT/agriplot/env/lib/python3.13/site-packages/django/template/backends/django.py", line 107, in render
    return self.template.render(context)
           ~~~~~~~~~~~~~~~~~~~~^^^^^^^^^
  File "/home/createch/Documents/PROJECT/agriplot/env/lib/python3.13/site-packages/django/template/base.py", line 172, in render
    return self._render(context)
           ~~~~~~~~~~~~^^^^^^^^^
  File "/home/createch/Documents/PROJECT/agriplot/env/lib/python3.13/site-packages/django/template/base.py", line 164, in _render
    return self.nodelist.render(context)
           ~~~~~~~~~~~~~~~~~~~~^^^^^^^^^
  File "/home/createch/Documents/PROJECT/agriplot/env/lib/python3.13/site-packages/django/template/base.py", line 1018, in render
    return SafeString("".join([node.render_annotated(context) for node in self]))
                               ~~~~~~~~~~~~~~~~~~~~~^^^^^^^^^
  File "/home/createch/Documents/PROJECT/agriplot/env/lib/python3.13/site-packages/django/template/base.py", line 979, in render_annotated
    return self.render(context)
           ~~~~~~~~~~~^^^^^^^^^
  File "/home/createch/Documents/PROJECT/agriplot/env/lib/python3.13/site-packages/django/template/loader_tags.py", line 159, in render
    return compiled_parent._render(context)
           ~~~~~~~~~~~~~~~~~~~~~~~^^^^^^^^^
  File "/home/createch/Documents/PROJECT/agriplot/env/lib/python3.13/site-packages/django/template/base.py", line 164, in _render
    return self.nodelist.render(context)
           ~~~~~~~~~~~~~~~~~~~~^^^^^^^^^
  File "/home/createch/Documents/PROJECT/agriplot/env/lib/python3.13/site-packages/django/template/base.py", line 1018, in render
    return SafeString("".join([node.render_annotated(context) for node in self]))
                               ~~~~~~~~~~~~~~~~~~~~~^^^^^^^^^
  File "/home/createch/Documents/PROJECT/agriplot/env/lib/python3.13/site-packages/django/template/base.py", line 979, in render_annotated
    return self.render(context)
           ~~~~~~~~~~~^^^^^^^^^
  File "/home/createch/Documents/PROJECT/agriplot/env/lib/python3.13/site-packages/django/template/loader_tags.py", line 65, in render
    result = block.nodelist.render(context)
  File "/home/createch/Documents/PROJECT/agriplot/env/lib/python3.13/site-packages/django/template/base.py", line 1018, in render
    return SafeString("".join([node.render_annotated(context) for node in self]))
                               ~~~~~~~~~~~~~~~~~~~~~^^^^^^^^^
  File "/home/createch/Documents/PROJECT/agriplot/env/lib/python3.13/site-packages/django/template/base.py", line 979, in render_annotated
    return self.render(context)
           ~~~~~~~~~~~^^^^^^^^^
  File "/home/createch/Documents/PROJECT/agriplot/env/lib/python3.13/site-packages/django/template/loader_tags.py", line 210, in render
    return template.render(context)
           ~~~~~~~~~~~~~~~^^^^^^^^^
  File "/home/createch/Documents/PROJECT/agriplot/env/lib/python3.13/site-packages/django/template/base.py", line 174, in render
    return self._render(context)
           ~~~~~~~~~~~~^^^^^^^^^
  File "/home/createch/Documents/PROJECT/agriplot/env/lib/python3.13/site-packages/django/template/base.py", line 164, in _render
    return self.nodelist.render(context)
           ~~~~~~~~~~~~~~~~~~~~^^^^^^^^^
  File "/home/createch/Documents/PROJECT/agriplot/env/lib/python3.13/site-packages/django/template/base.py", line 1018, in render
    return SafeString("".join([node.render_annotated(context) for node in self]))
                               ~~~~~~~~~~~~~~~~~~~~~^^^^^^^^^
  File "/home/createch/Documents/PROJECT/agriplot/env/lib/python3.13/site-packages/django/template/base.py", line 979, in render_annotated
    return self.render(context)
           ~~~~~~~~~~~^^^^^^^^^
  File "/home/createch/Documents/PROJECT/agriplot/env/lib/python3.13/site-packages/django/template/defaulttags.py", line 243, in render
    nodelist.append(node.render_annotated(context))
                    ~~~~~~~~~~~~~~~~~~~~~^^^^^^^^^
  File "/home/createch/Documents/PROJECT/agriplot/env/lib/python3.13/site-packages/django/template/base.py", line 979, in render_annotated
    return self.render(context)
           ~~~~~~~~~~~^^^^^^^^^
  File "/home/createch/Documents/PROJECT/agriplot/env/lib/python3.13/site-packages/django/template/base.py", line 1077, in render
    output = self.filter_expression.resolve(context)
  File "/home/createch/Documents/PROJECT/agriplot/env/lib/python3.13/site-packages/django/template/base.py", line 744, in resolve
    arg_vals.append(arg.resolve(context))
                    ~~~~~~~~~~~^^^^^^^^^
  File "/home/createch/Documents/PROJECT/agriplot/env/lib/python3.13/site-packages/django/template/base.py", line 856, in resolve
    value = self._resolve_lookup(context)
  File "/home/createch/Documents/PROJECT/agriplot/env/lib/python3.13/site-packages/django/template/base.py", line 916, in _resolve_lookup
    raise VariableDoesNotExist(
    ^^^^^^^^^^^^^^^^^^^^^^^^^^^
    ...<2 lines>...
    )  # missing attribute
    ^
django.template.base.VariableDoesNotExist: Failed lookup for key [user] in None
ERROR | 2026-02-19 21:10:58 | django.server | basehttp | 213 | "GET / HTTP/1.1" 500 269577
ERROR | 2026-02-19 21:11:35 | django.request | log | 253 | Internal Server Error: /
Traceback (most recent call last):
  File "/home/createch/Documents/PROJECT/agriplot/env/lib/python3.13/site-packages/django/template/base.py", line 892, in _resolve_lookup
    raise TypeError
TypeError

During handling of the above exception, another exception occurred:

Traceback (most recent call last):
  File "/home/createch/Documents/PROJECT/agriplot/env/lib/python3.13/site-packages/django/template/base.py", line 903, in _resolve_lookup
    current = getattr(current, bit)
AttributeError: 'NoneType' object has no attribute 'user'

During handling of the above exception, another exception occurred:

Traceback (most recent call last):
  File "/home/createch/Documents/PROJECT/agriplot/env/lib/python3.13/site-packages/django/template/base.py", line 909, in _resolve_lookup
    current = current[int(bit)]
                      ~~~^^^^^
ValueError: invalid literal for int() with base 10: 'user'

During handling of the above exception, another exception occurred:

Traceback (most recent call last):
  File "/home/createch/Documents/PROJECT/agriplot/env/lib/python3.13/site-packages/django/core/handlers/exception.py", line 55, in inner
    response = get_response(request)
  File "/home/createch/Documents/PROJECT/agriplot/env/lib/python3.13/site-packages/django/core/handlers/base.py", line 197, in _get_response
    response = wrapped_callback(request, *callback_args, **callback_kwargs)
  File "/home/createch/Documents/PROJECT/agriplot/listings/views.py", line 441, in home
    return render(request, 'listings/home.html', {
        'featured_plots': featured_plots,
    ...<14 lines>...
        },
    })
  File "/home/createch/Documents/PROJECT/agriplot/env/lib/python3.13/site-packages/django/shortcuts.py", line 25, in render
    content = loader.render_to_string(template_name, context, request, using=using)
  File "/home/createch/Documents/PROJECT/agriplot/env/lib/python3.13/site-packages/django/template/loader.py", line 62, in render_to_string
    return template.render(context, request)
           ~~~~~~~~~~~~~~~^^^^^^^^^^^^^^^^^^
  File "/home/createch/Documents/PROJECT/agriplot/env/lib/python3.13/site-packages/django/template/backends/django.py", line 107, in render
    return self.template.render(context)
           ~~~~~~~~~~~~~~~~~~~~^^^^^^^^^
  File "/home/createch/Documents/PROJECT/agriplot/env/lib/python3.13/site-packages/django/template/base.py", line 172, in render
    return self._render(context)
           ~~~~~~~~~~~~^^^^^^^^^
  File "/home/createch/Documents/PROJECT/agriplot/env/lib/python3.13/site-packages/django/template/base.py", line 164, in _render
    return self.nodelist.render(context)
           ~~~~~~~~~~~~~~~~~~~~^^^^^^^^^
  File "/home/createch/Documents/PROJECT/agriplot/env/lib/python3.13/site-packages/django/template/base.py", line 1018, in render
    return SafeString("".join([node.render_annotated(context) for node in self]))
                               ~~~~~~~~~~~~~~~~~~~~~^^^^^^^^^
  File "/home/createch/Documents/PROJECT/agriplot/env/lib/python3.13/site-packages/django/template/base.py", line 979, in render_annotated
    return self.render(context)
           ~~~~~~~~~~~^^^^^^^^^
  File "/home/createch/Documents/PROJECT/agriplot/env/lib/python3.13/site-packages/django/template/loader_tags.py", line 159, in render
    return compiled_parent._render(context)
           ~~~~~~~~~~~~~~~~~~~~~~~^^^^^^^^^
  File "/home/createch/Documents/PROJECT/agriplot/env/lib/python3.13/site-packages/django/template/base.py", line 164, in _render
    return self.nodelist.render(context)
           ~~~~~~~~~~~~~~~~~~~~^^^^^^^^^
  File "/home/createch/Documents/PROJECT/agriplot/env/lib/python3.13/site-packages/django/template/base.py", line 1018, in render
    return SafeString("".join([node.render_annotated(context) for node in self]))
                               ~~~~~~~~~~~~~~~~~~~~~^^^^^^^^^
  File "/home/createch/Documents/PROJECT/agriplot/env/lib/python3.13/site-packages/django/template/base.py", line 979, in render_annotated
    return self.render(context)
           ~~~~~~~~~~~^^^^^^^^^
  File "/home/createch/Documents/PROJECT/agriplot/env/lib/python3.13/site-packages/django/template/loader_tags.py", line 65, in render
    result = block.nodelist.render(context)
  File "/home/createch/Documents/PROJECT/agriplot/env/lib/python3.13/site-packages/django/template/base.py", line 1018, in render
    return SafeString("".join([node.render_annotated(context) for node in self]))
                               ~~~~~~~~~~~~~~~~~~~~~^^^^^^^^^
  File "/home/createch/Documents/PROJECT/agriplot/env/lib/python3.13/site-packages/django/template/base.py", line 979, in render_annotated
    return self.render(context)
           ~~~~~~~~~~~^^^^^^^^^
  File "/home/createch/Documents/PROJECT/agriplot/env/lib/python3.13/site-packages/django/template/loader_tags.py", line 210, in render
    return template.render(context)
           ~~~~~~~~~~~~~~~^^^^^^^^^
  File "/home/createch/Documents/PROJECT/agriplot/env/lib/python3.13/site-packages/django/template/base.py", line 174, in render
    return self._render(context)
           ~~~~~~~~~~~~^^^^^^^^^
  File "/home/createch/Documents/PROJECT/agriplot/env/lib/python3.13/site-packages/django/template/base.py", line 164, in _render
    return self.nodelist.render(context)
           ~~~~~~~~~~~~~~~~~~~~^^^^^^^^^
  File "/home/createch/Documents/PROJECT/agriplot/env/lib/python3.13/site-packages/django/template/base.py", line 1018, in render
    return SafeString("".join([node.render_annotated(context) for node in self]))
                               ~~~~~~~~~~~~~~~~~~~~~^^^^^^^^^
  File "/home/createch/Documents/PROJECT/agriplot/env/lib/python3.13/site-packages/django/template/base.py", line 979, in render_annotated
    return self.render(context)
           ~~~~~~~~~~~^^^^^^^^^
  File "/home/createch/Documents/PROJECT/agriplot/env/lib/python3.13/site-packages/django/template/defaulttags.py", line 243, in render
    nodelist.append(node.render_annotated(context))
                    ~~~~~~~~~~~~~~~~~~~~~^^^^^^^^^
  File "/home/createch/Documents/PROJECT/agriplot/env/lib/python3.13/site-packages/django/template/base.py", line 979, in render_annotated
    return self.render(context)
           ~~~~~~~~~~~^^^^^^^^^
  File "/home/createch/Documents/PROJECT/agriplot/env/lib/python3.13/site-packages/django/template/base.py", line 1077, in render
    output = self.filter_expression.resolve(context)
  File "/home/createch/Documents/PROJECT/agriplot/env/lib/python3.13/site-packages/django/template/base.py", line 744, in resolve
    arg_vals.append(arg.resolve(context))
                    ~~~~~~~~~~~^^^^^^^^^
  File "/home/createch/Documents/PROJECT/agriplot/env/lib/python3.13/site-packages/django/template/base.py", line 856, in resolve
    value = self._resolve_lookup(context)
  File "/home/createch/Documents/PROJECT/agriplot/env/lib/python3.13/site-packages/django/template/base.py", line 916, in _resolve_lookup
    raise VariableDoesNotExist(
    ^^^^^^^^^^^^^^^^^^^^^^^^^^^
    ...<2 lines>...
    )  # missing attribute
    ^
django.template.base.VariableDoesNotExist: Failed lookup for key [user] in None
ERROR | 2026-02-19 21:11:35 | django.server | basehttp | 213 | "GET / HTTP/1.1" 500 268751
ERROR | 2026-02-19 21:19:44 | django.request | log | 253 | Internal Server Error: /
Traceback (most recent call last):
  File "/home/createch/Documents/PROJECT/agriplot/env/lib/python3.13/site-packages/django/template/base.py", line 511, in parse
    compile_func = self.tags[command]
                   ~~~~~~~~~^^^^^^^^^
KeyError: 'endif'

During handling of the above exception, another exception occurred:

Traceback (most recent call last):
  File "/home/createch/Documents/PROJECT/agriplot/env/lib/python3.13/site-packages/django/core/handlers/exception.py", line 55, in inner
    response = get_response(request)
  File "/home/createch/Documents/PROJECT/agriplot/env/lib/python3.13/site-packages/django/core/handlers/base.py", line 197, in _get_response
    response = wrapped_callback(request, *callback_args, **callback_kwargs)
  File "/home/createch/Documents/PROJECT/agriplot/listings/views.py", line 441, in home
    return render(request, 'listings/home.html', {
        'featured_plots': featured_plots,
    ...<14 lines>...
        },
    })
  File "/home/createch/Documents/PROJECT/agriplot/env/lib/python3.13/site-packages/django/shortcuts.py", line 25, in render
    content = loader.render_to_string(template_name, context, request, using=using)
  File "/home/createch/Documents/PROJECT/agriplot/env/lib/python3.13/site-packages/django/template/loader.py", line 62, in render_to_string
    return template.render(context, request)
           ~~~~~~~~~~~~~~~^^^^^^^^^^^^^^^^^^
  File "/home/createch/Documents/PROJECT/agriplot/env/lib/python3.13/site-packages/django/template/backends/django.py", line 107, in render
    return self.template.render(context)
           ~~~~~~~~~~~~~~~~~~~~^^^^^^^^^
  File "/home/createch/Documents/PROJECT/agriplot/env/lib/python3.13/site-packages/django/template/base.py", line 172, in render
    return self._render(context)
           ~~~~~~~~~~~~^^^^^^^^^
  File "/home/createch/Documents/PROJECT/agriplot/env/lib/python3.13/site-packages/django/template/base.py", line 164, in _render
    return self.nodelist.render(context)
           ~~~~~~~~~~~~~~~~~~~~^^^^^^^^^
  File "/home/createch/Documents/PROJECT/agriplot/env/lib/python3.13/site-packages/django/template/base.py", line 1018, in render
    return SafeString("".join([node.render_annotated(context) for node in self]))
                               ~~~~~~~~~~~~~~~~~~~~~^^^^^^^^^
  File "/home/createch/Documents/PROJECT/agriplot/env/lib/python3.13/site-packages/django/template/base.py", line 979, in render_annotated
    return self.render(context)
           ~~~~~~~~~~~^^^^^^^^^
  File "/home/createch/Documents/PROJECT/agriplot/env/lib/python3.13/site-packages/django/template/loader_tags.py", line 159, in render
    return compiled_parent._render(context)
           ~~~~~~~~~~~~~~~~~~~~~~~^^^^^^^^^
  File "/home/createch/Documents/PROJECT/agriplot/env/lib/python3.13/site-packages/django/template/base.py", line 164, in _render
    return self.nodelist.render(context)
           ~~~~~~~~~~~~~~~~~~~~^^^^^^^^^
  File "/home/createch/Documents/PROJECT/agriplot/env/lib/python3.13/site-packages/django/template/base.py", line 1018, in render
    return SafeString("".join([node.render_annotated(context) for node in self]))
                               ~~~~~~~~~~~~~~~~~~~~~^^^^^^^^^
  File "/home/createch/Documents/PROJECT/agriplot/env/lib/python3.13/site-packages/django/template/base.py", line 979, in render_annotated
    return self.render(context)
           ~~~~~~~~~~~^^^^^^^^^
  File "/home/createch/Documents/PROJECT/agriplot/env/lib/python3.13/site-packages/django/template/loader_tags.py", line 65, in render
    result = block.nodelist.render(context)
  File "/home/createch/Documents/PROJECT/agriplot/env/lib/python3.13/site-packages/django/template/base.py", line 1018, in render
    return SafeString("".join([node.render_annotated(context) for node in self]))
                               ~~~~~~~~~~~~~~~~~~~~~^^^^^^^^^
  File "/home/createch/Documents/PROJECT/agriplot/env/lib/python3.13/site-packages/django/template/base.py", line 979, in render_annotated
    return self.render(context)
           ~~~~~~~~~~~^^^^^^^^^
  File "/home/createch/Documents/PROJECT/agriplot/env/lib/python3.13/site-packages/django/template/loader_tags.py", line 199, in render
    template = context.template.engine.select_template(template_name)
  File "/home/createch/Documents/PROJECT/agriplot/env/lib/python3.13/site-packages/django/template/engine.py", line 208, in select_template
    return self.get_template(template_name)
           ~~~~~~~~~~~~~~~~~^^^^^^^^^^^^^^^
  File "/home/createch/Documents/PROJECT/agriplot/env/lib/python3.13/site-packages/django/template/engine.py", line 177, in get_template
    template, origin = self.find_template(template_name)
                       ~~~~~~~~~~~~~~~~~~^^^^^^^^^^^^^^^
  File "/home/createch/Documents/PROJECT/agriplot/env/lib/python3.13/site-packages/django/template/engine.py", line 159, in find_template
    template = loader.get_template(name, skip=skip)
  File "/home/createch/Documents/PROJECT/agriplot/env/lib/python3.13/site-packages/django/template/loaders/cached.py", line 57, in get_template
    template = super().get_template(template_name, skip)
  File "/home/createch/Documents/PROJECT/agriplot/env/lib/python3.13/site-packages/django/template/loaders/base.py", line 28, in get_template
    return Template(
        contents,
    ...<2 lines>...
        self.engine,
    )
  File "/home/createch/Documents/PROJECT/agriplot/env/lib/python3.13/site-packages/django/template/base.py", line 155, in __init__
    self.nodelist = self.compile_nodelist()
                    ~~~~~~~~~~~~~~~~~~~~~^^
  File "/home/createch/Documents/PROJECT/agriplot/env/lib/python3.13/site-packages/django/template/base.py", line 197, in compile_nodelist
    nodelist = parser.parse()
  File "/home/createch/Documents/PROJECT/agriplot/env/lib/python3.13/site-packages/django/template/base.py", line 519, in parse
    raise self.error(token, e)
  File "/home/createch/Documents/PROJECT/agriplot/env/lib/python3.13/site-packages/django/template/base.py", line 517, in parse
    compiled_result = compile_func(self, token)
  File "/home/createch/Documents/PROJECT/agriplot/env/lib/python3.13/site-packages/django/template/defaulttags.py", line 862, in do_for
    nodelist_loop = parser.parse(
        (
    ...<2 lines>...
        )
    )
  File "/home/createch/Documents/PROJECT/agriplot/env/lib/python3.13/site-packages/django/template/base.py", line 513, in parse
    self.invalid_block_tag(token, command, parse_until)
    ~~~~~~~~~~~~~~~~~~~~~~^^^^^^^^^^^^^^^^^^^^^^^^^^^^^
  File "/home/createch/Documents/PROJECT/agriplot/env/lib/python3.13/site-packages/django/template/base.py", line 568, in invalid_block_tag
    raise self.error(
    ...<8 lines>...
    )
django.template.exceptions.TemplateSyntaxError: Invalid block tag on line 305: 'endif', expected 'empty' or 'endfor'. Did you forget to register or load this tag?
ERROR | 2026-02-19 21:19:44 | django.server | basehttp | 213 | "GET / HTTP/1.1" 500 311218
ERROR | 2026-02-19 21:19:53 | django.request | log | 253 | Internal Server Error: /
Traceback (most recent call last):
  File "/home/createch/Documents/PROJECT/agriplot/env/lib/python3.13/site-packages/django/core/handlers/exception.py", line 55, in inner
    response = get_response(request)
  File "/home/createch/Documents/PROJECT/agriplot/env/lib/python3.13/site-packages/django/core/handlers/base.py", line 197, in _get_response
    response = wrapped_callback(request, *callback_args, **callback_kwargs)
  File "/home/createch/Documents/PROJECT/agriplot/listings/views.py", line 441, in home
    return render(request, 'listings/home.html', {
        'featured_plots': featured_plots,
    ...<14 lines>...
        },
    })
  File "/home/createch/Documents/PROJECT/agriplot/env/lib/python3.13/site-packages/django/shortcuts.py", line 25, in render
    content = loader.render_to_string(template_name, context, request, using=using)
  File "/home/createch/Documents/PROJECT/agriplot/env/lib/python3.13/site-packages/django/template/loader.py", line 62, in render_to_string
    return template.render(context, request)
           ~~~~~~~~~~~~~~~^^^^^^^^^^^^^^^^^^
  File "/home/createch/Documents/PROJECT/agriplot/env/lib/python3.13/site-packages/django/template/backends/django.py", line 107, in render
    return self.template.render(context)
           ~~~~~~~~~~~~~~~~~~~~^^^^^^^^^
  File "/home/createch/Documents/PROJECT/agriplot/env/lib/python3.13/site-packages/django/template/base.py", line 172, in render
    return self._render(context)
           ~~~~~~~~~~~~^^^^^^^^^
  File "/home/createch/Documents/PROJECT/agriplot/env/lib/python3.13/site-packages/django/template/base.py", line 164, in _render
    return self.nodelist.render(context)
           ~~~~~~~~~~~~~~~~~~~~^^^^^^^^^
  File "/home/createch/Documents/PROJECT/agriplot/env/lib/python3.13/site-packages/django/template/base.py", line 1018, in render
    return SafeString("".join([node.render_annotated(context) for node in self]))
                               ~~~~~~~~~~~~~~~~~~~~~^^^^^^^^^
  File "/home/createch/Documents/PROJECT/agriplot/env/lib/python3.13/site-packages/django/template/base.py", line 979, in render_annotated
    return self.render(context)
           ~~~~~~~~~~~^^^^^^^^^
  File "/home/createch/Documents/PROJECT/agriplot/env/lib/python3.13/site-packages/django/template/loader_tags.py", line 159, in render
    return compiled_parent._render(context)
           ~~~~~~~~~~~~~~~~~~~~~~~^^^^^^^^^
  File "/home/createch/Documents/PROJECT/agriplot/env/lib/python3.13/site-packages/django/template/base.py", line 164, in _render
    return self.nodelist.render(context)
           ~~~~~~~~~~~~~~~~~~~~^^^^^^^^^
  File "/home/createch/Documents/PROJECT/agriplot/env/lib/python3.13/site-packages/django/template/base.py", line 1018, in render
    return SafeString("".join([node.render_annotated(context) for node in self]))
                               ~~~~~~~~~~~~~~~~~~~~~^^^^^^^^^
  File "/home/createch/Documents/PROJECT/agriplot/env/lib/python3.13/site-packages/django/template/base.py", line 979, in render_annotated
    return self.render(context)
           ~~~~~~~~~~~^^^^^^^^^
  File "/home/createch/Documents/PROJECT/agriplot/env/lib/python3.13/site-packages/django/template/loader_tags.py", line 65, in render
    result = block.nodelist.render(context)
  File "/home/createch/Documents/PROJECT/agriplot/env/lib/python3.13/site-packages/django/template/base.py", line 1018, in render
    return SafeString("".join([node.render_annotated(context) for node in self]))
                               ~~~~~~~~~~~~~~~~~~~~~^^^^^^^^^
  File "/home/createch/Documents/PROJECT/agriplot/env/lib/python3.13/site-packages/django/template/base.py", line 979, in render_annotated
    return self.render(context)
           ~~~~~~~~~~~^^^^^^^^^
  File "/home/createch/Documents/PROJECT/agriplot/env/lib/python3.13/site-packages/django/template/loader_tags.py", line 199, in render
    template = context.template.engine.select_template(template_name)
  File "/home/createch/Documents/PROJECT/agriplot/env/lib/python3.13/site-packages/django/template/engine.py", line 208, in select_template
    return self.get_template(template_name)
           ~~~~~~~~~~~~~~~~~^^^^^^^^^^^^^^^
  File "/home/createch/Documents/PROJECT/agriplot/env/lib/python3.13/site-packages/django/template/engine.py", line 177, in get_template
    template, origin = self.find_template(template_name)
                       ~~~~~~~~~~~~~~~~~~^^^^^^^^^^^^^^^
  File "/home/createch/Documents/PROJECT/agriplot/env/lib/python3.13/site-packages/django/template/engine.py", line 159, in find_template
    template = loader.get_template(name, skip=skip)
  File "/home/createch/Documents/PROJECT/agriplot/env/lib/python3.13/site-packages/django/template/loaders/cached.py", line 57, in get_template
    template = super().get_template(template_name, skip)
  File "/home/createch/Documents/PROJECT/agriplot/env/lib/python3.13/site-packages/django/template/loaders/base.py", line 28, in get_template
    return Template(
        contents,
    ...<2 lines>...
        self.engine,
    )
  File "/home/createch/Documents/PROJECT/agriplot/env/lib/python3.13/site-packages/django/template/base.py", line 155, in __init__
    self.nodelist = self.compile_nodelist()
                    ~~~~~~~~~~~~~~~~~~~~~^^
  File "/home/createch/Documents/PROJECT/agriplot/env/lib/python3.13/site-packages/django/template/base.py", line 197, in compile_nodelist
    nodelist = parser.parse()
  File "/home/createch/Documents/PROJECT/agriplot/env/lib/python3.13/site-packages/django/template/base.py", line 519, in parse
    raise self.error(token, e)
  File "/home/createch/Documents/PROJECT/agriplot/env/lib/python3.13/site-packages/django/template/base.py", line 517, in parse
    compiled_result = compile_func(self, token)
  File "/home/createch/Documents/PROJECT/agriplot/env/lib/python3.13/site-packages/django/template/defaulttags.py", line 962, in do_if
    nodelist = parser.parse(("elif", "else", "endif"))
  File "/home/createch/Documents/PROJECT/agriplot/env/lib/python3.13/site-packages/django/template/base.py", line 524, in parse
    self.unclosed_block_tag(parse_until)
    ~~~~~~~~~~~~~~~~~~~~~~~^^^^^^^^^^^^^
  File "/home/createch/Documents/PROJECT/agriplot/env/lib/python3.13/site-packages/django/template/base.py", line 591, in unclosed_block_tag
    raise self.error(token, msg)
django.template.exceptions.TemplateSyntaxError: Unclosed tag on line 1220: 'if'. Looking for one of: elif, else, endif.
ERROR | 2026-02-19 21:19:53 | django.server | basehttp | 213 | "GET / HTTP/1.1" 500 266821
ERROR | 2026-02-19 21:29:08 | django.request | log | 253 | Internal Server Error: /
Traceback (most recent call last):
  File "/home/createch/Documents/PROJECT/agriplot/env/lib/python3.13/site-packages/django/template/base.py", line 511, in parse
    compile_func = self.tags[command]
                   ~~~~~~~~~^^^^^^^^^
KeyError: 'endif'

During handling of the above exception, another exception occurred:

Traceback (most recent call last):
  File "/home/createch/Documents/PROJECT/agriplot/env/lib/python3.13/site-packages/django/core/handlers/exception.py", line 55, in inner
    response = get_response(request)
  File "/home/createch/Documents/PROJECT/agriplot/env/lib/python3.13/site-packages/django/core/handlers/base.py", line 197, in _get_response
    response = wrapped_callback(request, *callback_args, **callback_kwargs)
  File "/home/createch/Documents/PROJECT/agriplot/listings/views.py", line 441, in home
    return render(request, 'listings/home.html', {
        'featured_plots': featured_plots,
    ...<14 lines>...
        },
    })
  File "/home/createch/Documents/PROJECT/agriplot/env/lib/python3.13/site-packages/django/shortcuts.py", line 25, in render
    content = loader.render_to_string(template_name, context, request, using=using)
  File "/home/createch/Documents/PROJECT/agriplot/env/lib/python3.13/site-packages/django/template/loader.py", line 62, in render_to_string
    return template.render(context, request)
           ~~~~~~~~~~~~~~~^^^^^^^^^^^^^^^^^^
  File "/home/createch/Documents/PROJECT/agriplot/env/lib/python3.13/site-packages/django/template/backends/django.py", line 107, in render
    return self.template.render(context)
           ~~~~~~~~~~~~~~~~~~~~^^^^^^^^^
  File "/home/createch/Documents/PROJECT/agriplot/env/lib/python3.13/site-packages/django/template/base.py", line 172, in render
    return self._render(context)
           ~~~~~~~~~~~~^^^^^^^^^
  File "/home/createch/Documents/PROJECT/agriplot/env/lib/python3.13/site-packages/django/template/base.py", line 164, in _render
    return self.nodelist.render(context)
           ~~~~~~~~~~~~~~~~~~~~^^^^^^^^^
  File "/home/createch/Documents/PROJECT/agriplot/env/lib/python3.13/site-packages/django/template/base.py", line 1018, in render
    return SafeString("".join([node.render_annotated(context) for node in self]))
                               ~~~~~~~~~~~~~~~~~~~~~^^^^^^^^^
  File "/home/createch/Documents/PROJECT/agriplot/env/lib/python3.13/site-packages/django/template/base.py", line 979, in render_annotated
    return self.render(context)
           ~~~~~~~~~~~^^^^^^^^^
  File "/home/createch/Documents/PROJECT/agriplot/env/lib/python3.13/site-packages/django/template/loader_tags.py", line 159, in render
    return compiled_parent._render(context)
           ~~~~~~~~~~~~~~~~~~~~~~~^^^^^^^^^
  File "/home/createch/Documents/PROJECT/agriplot/env/lib/python3.13/site-packages/django/template/base.py", line 164, in _render
    return self.nodelist.render(context)
           ~~~~~~~~~~~~~~~~~~~~^^^^^^^^^
  File "/home/createch/Documents/PROJECT/agriplot/env/lib/python3.13/site-packages/django/template/base.py", line 1018, in render
    return SafeString("".join([node.render_annotated(context) for node in self]))
                               ~~~~~~~~~~~~~~~~~~~~~^^^^^^^^^
  File "/home/createch/Documents/PROJECT/agriplot/env/lib/python3.13/site-packages/django/template/base.py", line 979, in render_annotated
    return self.render(context)
           ~~~~~~~~~~~^^^^^^^^^
  File "/home/createch/Documents/PROJECT/agriplot/env/lib/python3.13/site-packages/django/template/loader_tags.py", line 65, in render
    result = block.nodelist.render(context)
  File "/home/createch/Documents/PROJECT/agriplot/env/lib/python3.13/site-packages/django/template/base.py", line 1018, in render
    return SafeString("".join([node.render_annotated(context) for node in self]))
                               ~~~~~~~~~~~~~~~~~~~~~^^^^^^^^^
  File "/home/createch/Documents/PROJECT/agriplot/env/lib/python3.13/site-packages/django/template/base.py", line 979, in render_annotated
    return self.render(context)
           ~~~~~~~~~~~^^^^^^^^^
  File "/home/createch/Documents/PROJECT/agriplot/env/lib/python3.13/site-packages/django/template/loader_tags.py", line 199, in render
    template = context.template.engine.select_template(template_name)
  File "/home/createch/Documents/PROJECT/agriplot/env/lib/python3.13/site-packages/django/template/engine.py", line 208, in select_template
    return self.get_template(template_name)
           ~~~~~~~~~~~~~~~~~^^^^^^^^^^^^^^^
  File "/home/createch/Documents/PROJECT/agriplot/env/lib/python3.13/site-packages/django/template/engine.py", line 177, in get_template
    template, origin = self.find_template(template_name)
                       ~~~~~~~~~~~~~~~~~~^^^^^^^^^^^^^^^
  File "/home/createch/Documents/PROJECT/agriplot/env/lib/python3.13/site-packages/django/template/engine.py", line 159, in find_template
    template = loader.get_template(name, skip=skip)
  File "/home/createch/Documents/PROJECT/agriplot/env/lib/python3.13/site-packages/django/template/loaders/cached.py", line 57, in get_template
    template = super().get_template(template_name, skip)
  File "/home/createch/Documents/PROJECT/agriplot/env/lib/python3.13/site-packages/django/template/loaders/base.py", line 28, in get_template
    return Template(
        contents,
    ...<2 lines>...
        self.engine,
    )
  File "/home/createch/Documents/PROJECT/agriplot/env/lib/python3.13/site-packages/django/template/base.py", line 155, in __init__
    self.nodelist = self.compile_nodelist()
                    ~~~~~~~~~~~~~~~~~~~~~^^
  File "/home/createch/Documents/PROJECT/agriplot/env/lib/python3.13/site-packages/django/template/base.py", line 197, in compile_nodelist
    nodelist = parser.parse()
  File "/home/createch/Documents/PROJECT/agriplot/env/lib/python3.13/site-packages/django/template/base.py", line 519, in parse
    raise self.error(token, e)
  File "/home/createch/Documents/PROJECT/agriplot/env/lib/python3.13/site-packages/django/template/base.py", line 517, in parse
    compiled_result = compile_func(self, token)
  File "/home/createch/Documents/PROJECT/agriplot/env/lib/python3.13/site-packages/django/template/defaulttags.py", line 862, in do_for
    nodelist_loop = parser.parse(
        (
    ...<2 lines>...
        )
    )
  File "/home/createch/Documents/PROJECT/agriplot/env/lib/python3.13/site-packages/django/template/base.py", line 513, in parse
    self.invalid_block_tag(token, command, parse_until)
    ~~~~~~~~~~~~~~~~~~~~~~^^^^^^^^^^^^^^^^^^^^^^^^^^^^^
  File "/home/createch/Documents/PROJECT/agriplot/env/lib/python3.13/site-packages/django/template/base.py", line 568, in invalid_block_tag
    raise self.error(
    ...<8 lines>...
    )
django.template.exceptions.TemplateSyntaxError: Invalid block tag on line 133: 'endif', expected 'empty' or 'endfor'. Did you forget to register or load this tag?
ERROR | 2026-02-19 21:29:08 | django.server | basehttp | 213 | "GET / HTTP/1.1" 500 319428
ERROR | 2026-02-19 21:29:29 | django.request | log | 253 | Internal Server Error: /
Traceback (most recent call last):
  File "/home/createch/Documents/PROJECT/agriplot/env/lib/python3.13/site-packages/django/core/handlers/exception.py", line 55, in inner
    response = get_response(request)
  File "/home/createch/Documents/PROJECT/agriplot/env/lib/python3.13/site-packages/django/core/handlers/base.py", line 197, in _get_response
    response = wrapped_callback(request, *callback_args, **callback_kwargs)
  File "/home/createch/Documents/PROJECT/agriplot/listings/views.py", line 441, in home
    return render(request, 'listings/home.html', {
        'featured_plots': featured_plots,
    ...<14 lines>...
        },
    })
  File "/home/createch/Documents/PROJECT/agriplot/env/lib/python3.13/site-packages/django/shortcuts.py", line 25, in render
    content = loader.render_to_string(template_name, context, request, using=using)
  File "/home/createch/Documents/PROJECT/agriplot/env/lib/python3.13/site-packages/django/template/loader.py", line 62, in render_to_string
    return template.render(context, request)
           ~~~~~~~~~~~~~~~^^^^^^^^^^^^^^^^^^
  File "/home/createch/Documents/PROJECT/agriplot/env/lib/python3.13/site-packages/django/template/backends/django.py", line 107, in render
    return self.template.render(context)
           ~~~~~~~~~~~~~~~~~~~~^^^^^^^^^
  File "/home/createch/Documents/PROJECT/agriplot/env/lib/python3.13/site-packages/django/template/base.py", line 172, in render
    return self._render(context)
           ~~~~~~~~~~~~^^^^^^^^^
  File "/home/createch/Documents/PROJECT/agriplot/env/lib/python3.13/site-packages/django/template/base.py", line 164, in _render
    return self.nodelist.render(context)
           ~~~~~~~~~~~~~~~~~~~~^^^^^^^^^
  File "/home/createch/Documents/PROJECT/agriplot/env/lib/python3.13/site-packages/django/template/base.py", line 1018, in render
    return SafeString("".join([node.render_annotated(context) for node in self]))
                               ~~~~~~~~~~~~~~~~~~~~~^^^^^^^^^
  File "/home/createch/Documents/PROJECT/agriplot/env/lib/python3.13/site-packages/django/template/base.py", line 979, in render_annotated
    return self.render(context)
           ~~~~~~~~~~~^^^^^^^^^
  File "/home/createch/Documents/PROJECT/agriplot/env/lib/python3.13/site-packages/django/template/loader_tags.py", line 159, in render
    return compiled_parent._render(context)
           ~~~~~~~~~~~~~~~~~~~~~~~^^^^^^^^^
  File "/home/createch/Documents/PROJECT/agriplot/env/lib/python3.13/site-packages/django/template/base.py", line 164, in _render
    return self.nodelist.render(context)
           ~~~~~~~~~~~~~~~~~~~~^^^^^^^^^
  File "/home/createch/Documents/PROJECT/agriplot/env/lib/python3.13/site-packages/django/template/base.py", line 1018, in render
    return SafeString("".join([node.render_annotated(context) for node in self]))
                               ~~~~~~~~~~~~~~~~~~~~~^^^^^^^^^
  File "/home/createch/Documents/PROJECT/agriplot/env/lib/python3.13/site-packages/django/template/base.py", line 979, in render_annotated
    return self.render(context)
           ~~~~~~~~~~~^^^^^^^^^
  File "/home/createch/Documents/PROJECT/agriplot/env/lib/python3.13/site-packages/django/template/loader_tags.py", line 65, in render
    result = block.nodelist.render(context)
  File "/home/createch/Documents/PROJECT/agriplot/env/lib/python3.13/site-packages/django/template/base.py", line 1018, in render
    return SafeString("".join([node.render_annotated(context) for node in self]))
                               ~~~~~~~~~~~~~~~~~~~~~^^^^^^^^^
  File "/home/createch/Documents/PROJECT/agriplot/env/lib/python3.13/site-packages/django/template/base.py", line 979, in render_annotated
    return self.render(context)
           ~~~~~~~~~~~^^^^^^^^^
  File "/home/createch/Documents/PROJECT/agriplot/env/lib/python3.13/site-packages/django/template/loader_tags.py", line 199, in render
    template = context.template.engine.select_template(template_name)
  File "/home/createch/Documents/PROJECT/agriplot/env/lib/python3.13/site-packages/django/template/engine.py", line 208, in select_template
    return self.get_template(template_name)
           ~~~~~~~~~~~~~~~~~^^^^^^^^^^^^^^^
  File "/home/createch/Documents/PROJECT/agriplot/env/lib/python3.13/site-packages/django/template/engine.py", line 177, in get_template
    template, origin = self.find_template(template_name)
                       ~~~~~~~~~~~~~~~~~~^^^^^^^^^^^^^^^
  File "/home/createch/Documents/PROJECT/agriplot/env/lib/python3.13/site-packages/django/template/engine.py", line 159, in find_template
    template = loader.get_template(name, skip=skip)
  File "/home/createch/Documents/PROJECT/agriplot/env/lib/python3.13/site-packages/django/template/loaders/cached.py", line 57, in get_template
    template = super().get_template(template_name, skip)
  File "/home/createch/Documents/PROJECT/agriplot/env/lib/python3.13/site-packages/django/template/loaders/base.py", line 28, in get_template
    return Template(
        contents,
    ...<2 lines>...
        self.engine,
    )
  File "/home/createch/Documents/PROJECT/agriplot/env/lib/python3.13/site-packages/django/template/base.py", line 155, in __init__
    self.nodelist = self.compile_nodelist()
                    ~~~~~~~~~~~~~~~~~~~~~^^
  File "/home/createch/Documents/PROJECT/agriplot/env/lib/python3.13/site-packages/django/template/base.py", line 197, in compile_nodelist
    nodelist = parser.parse()
  File "/home/createch/Documents/PROJECT/agriplot/env/lib/python3.13/site-packages/django/template/base.py", line 519, in parse
    raise self.error(token, e)
  File "/home/createch/Documents/PROJECT/agriplot/env/lib/python3.13/site-packages/django/template/base.py", line 517, in parse
    compiled_result = compile_func(self, token)
  File "/home/createch/Documents/PROJECT/agriplot/env/lib/python3.13/site-packages/django/template/defaulttags.py", line 962, in do_if
    nodelist = parser.parse(("elif", "else", "endif"))
  File "/home/createch/Documents/PROJECT/agriplot/env/lib/python3.13/site-packages/django/template/base.py", line 524, in parse
    self.unclosed_block_tag(parse_until)
    ~~~~~~~~~~~~~~~~~~~~~~~^^^^^^^^^^^^^
  File "/home/createch/Documents/PROJECT/agriplot/env/lib/python3.13/site-packages/django/template/base.py", line 591, in unclosed_block_tag
    raise self.error(token, msg)
django.template.exceptions.TemplateSyntaxError: Unclosed tag on line 1221: 'if'. Looking for one of: elif, else, endif.
ERROR | 2026-02-19 21:29:29 | django.server | basehttp | 213 | "GET / HTTP/1.1" 500 266231
ERROR | 2026-02-19 21:29:50 | django.request | log | 253 | Internal Server Error: /
Traceback (most recent call last):
  File "/home/createch/Documents/PROJECT/agriplot/env/lib/python3.13/site-packages/django/template/base.py", line 511, in parse
    compile_func = self.tags[command]
                   ~~~~~~~~~^^^^^^^^^
KeyError: 'endif'

During handling of the above exception, another exception occurred:

Traceback (most recent call last):
  File "/home/createch/Documents/PROJECT/agriplot/env/lib/python3.13/site-packages/django/core/handlers/exception.py", line 55, in inner
    response = get_response(request)
  File "/home/createch/Documents/PROJECT/agriplot/env/lib/python3.13/site-packages/django/core/handlers/base.py", line 197, in _get_response
    response = wrapped_callback(request, *callback_args, **callback_kwargs)
  File "/home/createch/Documents/PROJECT/agriplot/listings/views.py", line 441, in home
    return render(request, 'listings/home.html', {
        'featured_plots': featured_plots,
    ...<14 lines>...
        },
    })
  File "/home/createch/Documents/PROJECT/agriplot/env/lib/python3.13/site-packages/django/shortcuts.py", line 25, in render
    content = loader.render_to_string(template_name, context, request, using=using)
  File "/home/createch/Documents/PROJECT/agriplot/env/lib/python3.13/site-packages/django/template/loader.py", line 62, in render_to_string
    return template.render(context, request)
           ~~~~~~~~~~~~~~~^^^^^^^^^^^^^^^^^^
  File "/home/createch/Documents/PROJECT/agriplot/env/lib/python3.13/site-packages/django/template/backends/django.py", line 107, in render
    return self.template.render(context)
           ~~~~~~~~~~~~~~~~~~~~^^^^^^^^^
  File "/home/createch/Documents/PROJECT/agriplot/env/lib/python3.13/site-packages/django/template/base.py", line 172, in render
    return self._render(context)
           ~~~~~~~~~~~~^^^^^^^^^
  File "/home/createch/Documents/PROJECT/agriplot/env/lib/python3.13/site-packages/django/template/base.py", line 164, in _render
    return self.nodelist.render(context)
           ~~~~~~~~~~~~~~~~~~~~^^^^^^^^^
  File "/home/createch/Documents/PROJECT/agriplot/env/lib/python3.13/site-packages/django/template/base.py", line 1018, in render
    return SafeString("".join([node.render_annotated(context) for node in self]))
                               ~~~~~~~~~~~~~~~~~~~~~^^^^^^^^^
  File "/home/createch/Documents/PROJECT/agriplot/env/lib/python3.13/site-packages/django/template/base.py", line 979, in render_annotated
    return self.render(context)
           ~~~~~~~~~~~^^^^^^^^^
  File "/home/createch/Documents/PROJECT/agriplot/env/lib/python3.13/site-packages/django/template/loader_tags.py", line 159, in render
    return compiled_parent._render(context)
           ~~~~~~~~~~~~~~~~~~~~~~~^^^^^^^^^
  File "/home/createch/Documents/PROJECT/agriplot/env/lib/python3.13/site-packages/django/template/base.py", line 164, in _render
    return self.nodelist.render(context)
           ~~~~~~~~~~~~~~~~~~~~^^^^^^^^^
  File "/home/createch/Documents/PROJECT/agriplot/env/lib/python3.13/site-packages/django/template/base.py", line 1018, in render
    return SafeString("".join([node.render_annotated(context) for node in self]))
                               ~~~~~~~~~~~~~~~~~~~~~^^^^^^^^^
  File "/home/createch/Documents/PROJECT/agriplot/env/lib/python3.13/site-packages/django/template/base.py", line 979, in render_annotated
    return self.render(context)
           ~~~~~~~~~~~^^^^^^^^^
  File "/home/createch/Documents/PROJECT/agriplot/env/lib/python3.13/site-packages/django/template/loader_tags.py", line 65, in render
    result = block.nodelist.render(context)
  File "/home/createch/Documents/PROJECT/agriplot/env/lib/python3.13/site-packages/django/template/base.py", line 1018, in render
    return SafeString("".join([node.render_annotated(context) for node in self]))
                               ~~~~~~~~~~~~~~~~~~~~~^^^^^^^^^
  File "/home/createch/Documents/PROJECT/agriplot/env/lib/python3.13/site-packages/django/template/base.py", line 979, in render_annotated
    return self.render(context)
           ~~~~~~~~~~~^^^^^^^^^
  File "/home/createch/Documents/PROJECT/agriplot/env/lib/python3.13/site-packages/django/template/loader_tags.py", line 199, in render
    template = context.template.engine.select_template(template_name)
  File "/home/createch/Documents/PROJECT/agriplot/env/lib/python3.13/site-packages/django/template/engine.py", line 208, in select_template
    return self.get_template(template_name)
           ~~~~~~~~~~~~~~~~~^^^^^^^^^^^^^^^
  File "/home/createch/Documents/PROJECT/agriplot/env/lib/python3.13/site-packages/django/template/engine.py", line 177, in get_template
    template, origin = self.find_template(template_name)
                       ~~~~~~~~~~~~~~~~~~^^^^^^^^^^^^^^^
  File "/home/createch/Documents/PROJECT/agriplot/env/lib/python3.13/site-packages/django/template/engine.py", line 159, in find_template
    template = loader.get_template(name, skip=skip)
  File "/home/createch/Documents/PROJECT/agriplot/env/lib/python3.13/site-packages/django/template/loaders/cached.py", line 57, in get_template
    template = super().get_template(template_name, skip)
  File "/home/createch/Documents/PROJECT/agriplot/env/lib/python3.13/site-packages/django/template/loaders/base.py", line 28, in get_template
    return Template(
        contents,
    ...<2 lines>...
        self.engine,
    )
  File "/home/createch/Documents/PROJECT/agriplot/env/lib/python3.13/site-packages/django/template/base.py", line 155, in __init__
    self.nodelist = self.compile_nodelist()
                    ~~~~~~~~~~~~~~~~~~~~~^^
  File "/home/createch/Documents/PROJECT/agriplot/env/lib/python3.13/site-packages/django/template/base.py", line 197, in compile_nodelist
    nodelist = parser.parse()
  File "/home/createch/Documents/PROJECT/agriplot/env/lib/python3.13/site-packages/django/template/base.py", line 519, in parse
    raise self.error(token, e)
  File "/home/createch/Documents/PROJECT/agriplot/env/lib/python3.13/site-packages/django/template/base.py", line 517, in parse
    compiled_result = compile_func(self, token)
  File "/home/createch/Documents/PROJECT/agriplot/env/lib/python3.13/site-packages/django/template/defaulttags.py", line 862, in do_for
    nodelist_loop = parser.parse(
        (
    ...<2 lines>...
        )
    )
  File "/home/createch/Documents/PROJECT/agriplot/env/lib/python3.13/site-packages/django/template/base.py", line 513, in parse
    self.invalid_block_tag(token, command, parse_until)
    ~~~~~~~~~~~~~~~~~~~~~~^^^^^^^^^^^^^^^^^^^^^^^^^^^^^
  File "/home/createch/Documents/PROJECT/agriplot/env/lib/python3.13/site-packages/django/template/base.py", line 568, in invalid_block_tag
    raise self.error(
    ...<8 lines>...
    )
django.template.exceptions.TemplateSyntaxError: Invalid block tag on line 133: 'endif', expected 'empty' or 'endfor'. Did you forget to register or load this tag?
ERROR | 2026-02-19 21:29:50 | django.server | basehttp | 213 | "GET / HTTP/1.1" 500 319449
ERROR | 2026-02-19 21:56:35 | django.request | log | 253 | Internal Server Error: /verify/verification/
Traceback (most recent call last):
  File "/home/createch/Documents/PROJECT/agriplot/env/lib/python3.13/site-packages/django/core/handlers/exception.py", line 55, in inner
    response = get_response(request)
  File "/home/createch/Documents/PROJECT/agriplot/env/lib/python3.13/site-packages/django/core/handlers/base.py", line 197, in _get_response
    response = wrapped_callback(request, *callback_args, **callback_kwargs)
  File "/home/createch/Documents/PROJECT/agriplot/env/lib/python3.13/site-packages/django/contrib/auth/decorators.py", line 59, in _view_wrapper
    return view_func(request, *args, **kwargs)
  File "/home/createch/Documents/PROJECT/agriplot/listings/views_admin.py", line 17, in verification_dashboard
    'pending_review': Plot.objects.filter(
                      ~~~~~~~~~~~~~~~~~~~^
        verification_status__current_stage='document_uploaded'
        ^^^^^^^^^^^^^^^^^^^^^^^^^^^^^^^^^^^^^^^^^^^^^^^^^^^^^^
    ).count(),
    ^
  File "/home/createch/Documents/PROJECT/agriplot/env/lib/python3.13/site-packages/django/db/models/manager.py", line 87, in manager_method
    return getattr(self.get_queryset(), name)(*args, **kwargs)
           ~~~~~~~~~~~~~~~~~~~~~~~~~~~~~~~~~~^^^^^^^^^^^^^^^^^
  File "/home/createch/Documents/PROJECT/agriplot/env/lib/python3.13/site-packages/django/db/models/query.py", line 1495, in filter
    return self._filter_or_exclude(False, args, kwargs)
           ~~~~~~~~~~~~~~~~~~~~~~~^^^^^^^^^^^^^^^^^^^^^
  File "/home/createch/Documents/PROJECT/agriplot/env/lib/python3.13/site-packages/django/db/models/query.py", line 1513, in _filter_or_exclude
    clone._filter_or_exclude_inplace(negate, args, kwargs)
    ~~~~~~~~~~~~~~~~~~~~~~~~~~~~~~~~^^^^^^^^^^^^^^^^^^^^^^
  File "/home/createch/Documents/PROJECT/agriplot/env/lib/python3.13/site-packages/django/db/models/query.py", line 1523, in _filter_or_exclude_inplace
    self._query.add_q(Q(*args, **kwargs))
    ~~~~~~~~~~~~~~~~~^^^^^^^^^^^^^^^^^^^^
  File "/home/createch/Documents/PROJECT/agriplot/env/lib/python3.13/site-packages/django/db/models/sql/query.py", line 1646, in add_q
    clause, _ = self._add_q(q_object, can_reuse)
                ~~~~~~~~~~~^^^^^^^^^^^^^^^^^^^^^
  File "/home/createch/Documents/PROJECT/agriplot/env/lib/python3.13/site-packages/django/db/models/sql/query.py", line 1678, in _add_q
    child_clause, needed_inner = self.build_filter(
                                 ~~~~~~~~~~~~~~~~~^
        child,
        ^^^^^^
    ...<7 lines>...
        update_join_types=update_join_types,
        ^^^^^^^^^^^^^^^^^^^^^^^^^^^^^^^^^^^^
    )
    ^
  File "/home/createch/Documents/PROJECT/agriplot/env/lib/python3.13/site-packages/django/db/models/sql/query.py", line 1526, in build_filter
    lookups, parts, reffed_expression = self.solve_lookup_type(arg, summarize)
                                        ~~~~~~~~~~~~~~~~~~~~~~^^^^^^^^^^^^^^^^
  File "/home/createch/Documents/PROJECT/agriplot/env/lib/python3.13/site-packages/django/db/models/sql/query.py", line 1333, in solve_lookup_type
    _, field, _, lookup_parts = self.names_to_path(lookup_splitted, self.get_meta())
                                ~~~~~~~~~~~~~~~~~~^^^^^^^^^^^^^^^^^^^^^^^^^^^^^^^^^^
  File "/home/createch/Documents/PROJECT/agriplot/env/lib/python3.13/site-packages/django/db/models/sql/query.py", line 1806, in names_to_path
    raise FieldError(
    ...<2 lines>...
    )
django.core.exceptions.FieldError: Cannot resolve keyword 'verification_status' into field. Choices are: agent, agent_id, area, building_description, buyer_interests, climate_zone, contact_requests, county, created_at, crop_suitability, electricity_meter, elevation_meters, fencing, has_buildings, has_electricity, has_road_access, has_water, id, is_protected_area, kra_pin, land_type, land_use_description, landowner, landowner_id, landowner_id_doc, latitude, lease_duration, lease_price_monthly, lease_price_yearly, lease_terms, listing_type, location, longitude, official_search, ph_level, price, price_per_acre, pricing_suggestions, reactions, road_distance_km, road_type, sale_price, search_result, soil_report, soil_reports, soil_type, special_features, subcounty, title, title_deed, updated_at, verification, verification_docs, verification_logs, verification_tasks, water_source
ERROR | 2026-02-19 21:56:35 | django.server | basehttp | 213 | "GET /verify/verification/ HTTP/1.1" 500 134040
ERROR | 2026-02-19 22:00:34 | django.request | log | 253 | Internal Server Error: /verify/verification/queue/
Traceback (most recent call last):
  File "/home/createch/Documents/PROJECT/agriplot/env/lib/python3.13/site-packages/django/core/handlers/exception.py", line 55, in inner
    response = get_response(request)
  File "/home/createch/Documents/PROJECT/agriplot/env/lib/python3.13/site-packages/django/core/handlers/base.py", line 197, in _get_response
    response = wrapped_callback(request, *callback_args, **callback_kwargs)
  File "/home/createch/Documents/PROJECT/agriplot/env/lib/python3.13/site-packages/django/contrib/auth/decorators.py", line 59, in _view_wrapper
    return view_func(request, *args, **kwargs)
  File "/home/createch/Documents/PROJECT/agriplot/listings/views_admin.py", line 120, in verification_queue
    return render(request, 'listings/admin/verification_queue.html', context)
  File "/home/createch/Documents/PROJECT/agriplot/env/lib/python3.13/site-packages/django/shortcuts.py", line 25, in render
    content = loader.render_to_string(template_name, context, request, using=using)
  File "/home/createch/Documents/PROJECT/agriplot/env/lib/python3.13/site-packages/django/template/loader.py", line 61, in render_to_string
    template = get_template(template_name, using=using)
  File "/home/createch/Documents/PROJECT/agriplot/env/lib/python3.13/site-packages/django/template/loader.py", line 19, in get_template
    raise TemplateDoesNotExist(template_name, chain=chain)
django.template.exceptions.TemplateDoesNotExist: listings/admin/verification_queue.html
ERROR | 2026-02-19 22:00:34 | django.server | basehttp | 213 | "GET /verify/verification/queue/?filter=approved HTTP/1.1" 500 103078
ERROR | 2026-02-19 22:00:42 | django.request | log | 253 | Internal Server Error: /verify/verification/queue/
Traceback (most recent call last):
  File "/home/createch/Documents/PROJECT/agriplot/env/lib/python3.13/site-packages/django/core/handlers/exception.py", line 55, in inner
    response = get_response(request)
  File "/home/createch/Documents/PROJECT/agriplot/env/lib/python3.13/site-packages/django/core/handlers/base.py", line 197, in _get_response
    response = wrapped_callback(request, *callback_args, **callback_kwargs)
  File "/home/createch/Documents/PROJECT/agriplot/env/lib/python3.13/site-packages/django/contrib/auth/decorators.py", line 59, in _view_wrapper
    return view_func(request, *args, **kwargs)
  File "/home/createch/Documents/PROJECT/agriplot/listings/views_admin.py", line 120, in verification_queue
    return render(request, 'listings/admin/verification_queue.html', context)
  File "/home/createch/Documents/PROJECT/agriplot/env/lib/python3.13/site-packages/django/shortcuts.py", line 25, in render
    content = loader.render_to_string(template_name, context, request, using=using)
  File "/home/createch/Documents/PROJECT/agriplot/env/lib/python3.13/site-packages/django/template/loader.py", line 61, in render_to_string
    template = get_template(template_name, using=using)
  File "/home/createch/Documents/PROJECT/agriplot/env/lib/python3.13/site-packages/django/template/loader.py", line 19, in get_template
    raise TemplateDoesNotExist(template_name, chain=chain)
django.template.exceptions.TemplateDoesNotExist: listings/admin/verification_queue.html
ERROR | 2026-02-19 22:00:42 | django.server | basehttp | 213 | "GET /verify/verification/queue/ HTTP/1.1" 500 102596
ERROR | 2026-02-19 22:06:29 | django.request | log | 253 | Internal Server Error: /verify/verification/review/9/
Traceback (most recent call last):
  File "/home/createch/Documents/PROJECT/agriplot/env/lib/python3.13/site-packages/django/core/handlers/exception.py", line 55, in inner
    response = get_response(request)
  File "/home/createch/Documents/PROJECT/agriplot/env/lib/python3.13/site-packages/django/core/handlers/base.py", line 197, in _get_response
    response = wrapped_callback(request, *callback_args, **callback_kwargs)
  File "/home/createch/Documents/PROJECT/agriplot/env/lib/python3.13/site-packages/django/contrib/auth/decorators.py", line 59, in _view_wrapper
    return view_func(request, *args, **kwargs)
  File "/home/createch/Documents/PROJECT/agriplot/listings/views_admin.py", line 219, in review_plot
    return render(request, 'listings/admin/review_plot.html', context)
  File "/home/createch/Documents/PROJECT/agriplot/env/lib/python3.13/site-packages/django/shortcuts.py", line 25, in render
    content = loader.render_to_string(template_name, context, request, using=using)
  File "/home/createch/Documents/PROJECT/agriplot/env/lib/python3.13/site-packages/django/template/loader.py", line 61, in render_to_string
    template = get_template(template_name, using=using)
  File "/home/createch/Documents/PROJECT/agriplot/env/lib/python3.13/site-packages/django/template/loader.py", line 15, in get_template
    return engine.get_template(template_name)
           ~~~~~~~~~~~~~~~~~~~^^^^^^^^^^^^^^^
  File "/home/createch/Documents/PROJECT/agriplot/env/lib/python3.13/site-packages/django/template/backends/django.py", line 79, in get_template
    return Template(self.engine.get_template(template_name), self)
                    ~~~~~~~~~~~~~~~~~~~~~~~~^^^^^^^^^^^^^^^
  File "/home/createch/Documents/PROJECT/agriplot/env/lib/python3.13/site-packages/django/template/engine.py", line 177, in get_template
    template, origin = self.find_template(template_name)
                       ~~~~~~~~~~~~~~~~~~^^^^^^^^^^^^^^^
  File "/home/createch/Documents/PROJECT/agriplot/env/lib/python3.13/site-packages/django/template/engine.py", line 159, in find_template
    template = loader.get_template(name, skip=skip)
  File "/home/createch/Documents/PROJECT/agriplot/env/lib/python3.13/site-packages/django/template/loaders/cached.py", line 57, in get_template
    template = super().get_template(template_name, skip)
  File "/home/createch/Documents/PROJECT/agriplot/env/lib/python3.13/site-packages/django/template/loaders/base.py", line 28, in get_template
    return Template(
        contents,
    ...<2 lines>...
        self.engine,
    )
  File "/home/createch/Documents/PROJECT/agriplot/env/lib/python3.13/site-packages/django/template/base.py", line 155, in __init__
    self.nodelist = self.compile_nodelist()
                    ~~~~~~~~~~~~~~~~~~~~~^^
  File "/home/createch/Documents/PROJECT/agriplot/env/lib/python3.13/site-packages/django/template/base.py", line 197, in compile_nodelist
    nodelist = parser.parse()
  File "/home/createch/Documents/PROJECT/agriplot/env/lib/python3.13/site-packages/django/template/base.py", line 519, in parse
    raise self.error(token, e)
  File "/home/createch/Documents/PROJECT/agriplot/env/lib/python3.13/site-packages/django/template/base.py", line 517, in parse
    compiled_result = compile_func(self, token)
  File "/home/createch/Documents/PROJECT/agriplot/env/lib/python3.13/site-packages/django/template/loader_tags.py", line 299, in do_extends
    nodelist = parser.parse()
  File "/home/createch/Documents/PROJECT/agriplot/env/lib/python3.13/site-packages/django/template/base.py", line 519, in parse
    raise self.error(token, e)
  File "/home/createch/Documents/PROJECT/agriplot/env/lib/python3.13/site-packages/django/template/base.py", line 517, in parse
    compiled_result = compile_func(self, token)
  File "/home/createch/Documents/PROJECT/agriplot/env/lib/python3.13/site-packages/django/template/loader_tags.py", line 234, in do_block
    nodelist = parser.parse(("endblock",))
  File "/home/createch/Documents/PROJECT/agriplot/env/lib/python3.13/site-packages/django/template/base.py", line 490, in parse
    raise self.error(token, e)
  File "/home/createch/Documents/PROJECT/agriplot/env/lib/python3.13/site-packages/django/template/base.py", line 488, in parse
    filter_expression = self.compile_filter(token.contents)
  File "/home/createch/Documents/PROJECT/agriplot/env/lib/python3.13/site-packages/django/template/base.py", line 610, in compile_filter
    return FilterExpression(token, self)
  File "/home/createch/Documents/PROJECT/agriplot/env/lib/python3.13/site-packages/django/template/base.py", line 706, in __init__
    filter_func = parser.find_filter(filter_name)
  File "/home/createch/Documents/PROJECT/agriplot/env/lib/python3.13/site-packages/django/template/base.py", line 616, in find_filter
    raise TemplateSyntaxError("Invalid filter: '%s'" % filter_name)
django.template.exceptions.TemplateSyntaxError: Invalid filter: 'intcomma'
ERROR | 2026-02-19 22:06:29 | django.server | basehttp | 213 | "GET /verify/verification/review/9/ HTTP/1.1" 500 289920
ERROR | 2026-02-19 22:07:05 | django.request | log | 253 | Internal Server Error: /verify/verification/review/9/
Traceback (most recent call last):
  File "/home/createch/Documents/PROJECT/agriplot/env/lib/python3.13/site-packages/django/core/handlers/exception.py", line 55, in inner
    response = get_response(request)
  File "/home/createch/Documents/PROJECT/agriplot/env/lib/python3.13/site-packages/django/core/handlers/base.py", line 197, in _get_response
    response = wrapped_callback(request, *callback_args, **callback_kwargs)
  File "/home/createch/Documents/PROJECT/agriplot/env/lib/python3.13/site-packages/django/contrib/auth/decorators.py", line 59, in _view_wrapper
    return view_func(request, *args, **kwargs)
  File "/home/createch/Documents/PROJECT/agriplot/listings/views_admin.py", line 219, in review_plot
    return render(request, 'listings/admin/review_plot.html', context)
  File "/home/createch/Documents/PROJECT/agriplot/env/lib/python3.13/site-packages/django/shortcuts.py", line 25, in render
    content = loader.render_to_string(template_name, context, request, using=using)
  File "/home/createch/Documents/PROJECT/agriplot/env/lib/python3.13/site-packages/django/template/loader.py", line 61, in render_to_string
    template = get_template(template_name, using=using)
  File "/home/createch/Documents/PROJECT/agriplot/env/lib/python3.13/site-packages/django/template/loader.py", line 15, in get_template
    return engine.get_template(template_name)
           ~~~~~~~~~~~~~~~~~~~^^^^^^^^^^^^^^^
  File "/home/createch/Documents/PROJECT/agriplot/env/lib/python3.13/site-packages/django/template/backends/django.py", line 79, in get_template
    return Template(self.engine.get_template(template_name), self)
                    ~~~~~~~~~~~~~~~~~~~~~~~~^^^^^^^^^^^^^^^
  File "/home/createch/Documents/PROJECT/agriplot/env/lib/python3.13/site-packages/django/template/engine.py", line 177, in get_template
    template, origin = self.find_template(template_name)
                       ~~~~~~~~~~~~~~~~~~^^^^^^^^^^^^^^^
  File "/home/createch/Documents/PROJECT/agriplot/env/lib/python3.13/site-packages/django/template/engine.py", line 159, in find_template
    template = loader.get_template(name, skip=skip)
  File "/home/createch/Documents/PROJECT/agriplot/env/lib/python3.13/site-packages/django/template/loaders/cached.py", line 57, in get_template
    template = super().get_template(template_name, skip)
  File "/home/createch/Documents/PROJECT/agriplot/env/lib/python3.13/site-packages/django/template/loaders/base.py", line 28, in get_template
    return Template(
        contents,
    ...<2 lines>...
        self.engine,
    )
  File "/home/createch/Documents/PROJECT/agriplot/env/lib/python3.13/site-packages/django/template/base.py", line 155, in __init__
    self.nodelist = self.compile_nodelist()
                    ~~~~~~~~~~~~~~~~~~~~~^^
  File "/home/createch/Documents/PROJECT/agriplot/env/lib/python3.13/site-packages/django/template/base.py", line 197, in compile_nodelist
    nodelist = parser.parse()
  File "/home/createch/Documents/PROJECT/agriplot/env/lib/python3.13/site-packages/django/template/base.py", line 519, in parse
    raise self.error(token, e)
  File "/home/createch/Documents/PROJECT/agriplot/env/lib/python3.13/site-packages/django/template/base.py", line 517, in parse
    compiled_result = compile_func(self, token)
  File "/home/createch/Documents/PROJECT/agriplot/env/lib/python3.13/site-packages/django/template/loader_tags.py", line 299, in do_extends
    nodelist = parser.parse()
  File "/home/createch/Documents/PROJECT/agriplot/env/lib/python3.13/site-packages/django/template/base.py", line 519, in parse
    raise self.error(token, e)
  File "/home/createch/Documents/PROJECT/agriplot/env/lib/python3.13/site-packages/django/template/base.py", line 517, in parse
    compiled_result = compile_func(self, token)
  File "/home/createch/Documents/PROJECT/agriplot/env/lib/python3.13/site-packages/django/template/loader_tags.py", line 234, in do_block
    nodelist = parser.parse(("endblock",))
  File "/home/createch/Documents/PROJECT/agriplot/env/lib/python3.13/site-packages/django/template/base.py", line 490, in parse
    raise self.error(token, e)
  File "/home/createch/Documents/PROJECT/agriplot/env/lib/python3.13/site-packages/django/template/base.py", line 488, in parse
    filter_expression = self.compile_filter(token.contents)
  File "/home/createch/Documents/PROJECT/agriplot/env/lib/python3.13/site-packages/django/template/base.py", line 610, in compile_filter
    return FilterExpression(token, self)
  File "/home/createch/Documents/PROJECT/agriplot/env/lib/python3.13/site-packages/django/template/base.py", line 706, in __init__
    filter_func = parser.find_filter(filter_name)
  File "/home/createch/Documents/PROJECT/agriplot/env/lib/python3.13/site-packages/django/template/base.py", line 616, in find_filter
    raise TemplateSyntaxError("Invalid filter: '%s'" % filter_name)
django.template.exceptions.TemplateSyntaxError: Invalid filter: 'intcomma'
ERROR | 2026-02-19 22:07:05 | django.server | basehttp | 213 | "GET /verify/verification/review/9/ HTTP/1.1" 500 289920
ERROR | 2026-02-19 22:34:23 | django.request | log | 253 | Internal Server Error: /verify/verification/queue/
Traceback (most recent call last):
  File "/home/createch/Documents/PROJECT/agriplot/env/lib/python3.13/site-packages/django/template/backends/django.py", line 107, in render
    return self.template.render(context)
           ~~~~~~~~~~~~~~~~~~~~^^^^^^^^^
  File "/home/createch/Documents/PROJECT/agriplot/env/lib/python3.13/site-packages/django/template/base.py", line 172, in render
    return self._render(context)
           ~~~~~~~~~~~~^^^^^^^^^
  File "/home/createch/Documents/PROJECT/agriplot/env/lib/python3.13/site-packages/django/template/base.py", line 164, in _render
    return self.nodelist.render(context)
           ~~~~~~~~~~~~~~~~~~~~^^^^^^^^^
  File "/home/createch/Documents/PROJECT/agriplot/env/lib/python3.13/site-packages/django/template/base.py", line 1018, in render
    return SafeString("".join([node.render_annotated(context) for node in self]))
                               ~~~~~~~~~~~~~~~~~~~~~^^^^^^^^^
  File "/home/createch/Documents/PROJECT/agriplot/env/lib/python3.13/site-packages/django/template/base.py", line 979, in render_annotated
    return self.render(context)
           ~~~~~~~~~~~^^^^^^^^^
  File "/home/createch/Documents/PROJECT/agriplot/env/lib/python3.13/site-packages/django/template/loader_tags.py", line 134, in render
    compiled_parent = self.get_parent(context)
  File "/home/createch/Documents/PROJECT/agriplot/env/lib/python3.13/site-packages/django/template/loader_tags.py", line 131, in get_parent
    return self.find_template(parent, context)
           ~~~~~~~~~~~~~~~~~~^^^^^^^^^^^^^^^^^
  File "/home/createch/Documents/PROJECT/agriplot/env/lib/python3.13/site-packages/django/template/loader_tags.py", line 109, in find_template
    template, origin = context.template.engine.find_template(
                       ~~~~~~~~~~~~~~~~~~~~~~~~~~~~~~~~~~~~~^
        template_name,
        ^^^^^^^^^^^^^^
        skip=history,
        ^^^^^^^^^^^^^
    )
    ^
  File "/home/createch/Documents/PROJECT/agriplot/env/lib/python3.13/site-packages/django/template/engine.py", line 163, in find_template
    raise TemplateDoesNotExist(name, tried=tried)
django.template.exceptions.TemplateDoesNotExist: admin/base_admin.html

The above exception was the direct cause of the following exception:

Traceback (most recent call last):
  File "/home/createch/Documents/PROJECT/agriplot/env/lib/python3.13/site-packages/django/core/handlers/exception.py", line 55, in inner
    response = get_response(request)
  File "/home/createch/Documents/PROJECT/agriplot/env/lib/python3.13/site-packages/django/core/handlers/base.py", line 197, in _get_response
    response = wrapped_callback(request, *callback_args, **callback_kwargs)
  File "/home/createch/Documents/PROJECT/agriplot/env/lib/python3.13/site-packages/django/contrib/auth/decorators.py", line 59, in _view_wrapper
    return view_func(request, *args, **kwargs)
  File "/home/createch/Documents/PROJECT/agriplot/listings/views_admin.py", line 120, in verification_queue
    return render(request, 'listings/admin/verification_queue.html', context)
  File "/home/createch/Documents/PROJECT/agriplot/env/lib/python3.13/site-packages/django/shortcuts.py", line 25, in render
    content = loader.render_to_string(template_name, context, request, using=using)
  File "/home/createch/Documents/PROJECT/agriplot/env/lib/python3.13/site-packages/django/template/loader.py", line 62, in render_to_string
    return template.render(context, request)
           ~~~~~~~~~~~~~~~^^^^^^^^^^^^^^^^^^
  File "/home/createch/Documents/PROJECT/agriplot/env/lib/python3.13/site-packages/django/template/backends/django.py", line 109, in render
    reraise(exc, self.backend)
    ~~~~~~~^^^^^^^^^^^^^^^^^^^
  File "/home/createch/Documents/PROJECT/agriplot/env/lib/python3.13/site-packages/django/template/backends/django.py", line 130, in reraise
    raise new from exc
django.template.exceptions.TemplateDoesNotExist: admin/base_admin.html
ERROR | 2026-02-19 22:34:23 | django.server | basehttp | 213 | "GET /verify/verification/queue/ HTTP/1.1" 500 152102
ERROR | 2026-02-19 22:34:43 | django.request | log | 253 | Internal Server Error: /verify/verification/
Traceback (most recent call last):
  File "/home/createch/Documents/PROJECT/agriplot/env/lib/python3.13/site-packages/django/template/backends/django.py", line 107, in render
    return self.template.render(context)
           ~~~~~~~~~~~~~~~~~~~~^^^^^^^^^
  File "/home/createch/Documents/PROJECT/agriplot/env/lib/python3.13/site-packages/django/template/base.py", line 172, in render
    return self._render(context)
           ~~~~~~~~~~~~^^^^^^^^^
  File "/home/createch/Documents/PROJECT/agriplot/env/lib/python3.13/site-packages/django/template/base.py", line 164, in _render
    return self.nodelist.render(context)
           ~~~~~~~~~~~~~~~~~~~~^^^^^^^^^
  File "/home/createch/Documents/PROJECT/agriplot/env/lib/python3.13/site-packages/django/template/base.py", line 1018, in render
    return SafeString("".join([node.render_annotated(context) for node in self]))
                               ~~~~~~~~~~~~~~~~~~~~~^^^^^^^^^
  File "/home/createch/Documents/PROJECT/agriplot/env/lib/python3.13/site-packages/django/template/base.py", line 979, in render_annotated
    return self.render(context)
           ~~~~~~~~~~~^^^^^^^^^
  File "/home/createch/Documents/PROJECT/agriplot/env/lib/python3.13/site-packages/django/template/loader_tags.py", line 134, in render
    compiled_parent = self.get_parent(context)
  File "/home/createch/Documents/PROJECT/agriplot/env/lib/python3.13/site-packages/django/template/loader_tags.py", line 131, in get_parent
    return self.find_template(parent, context)
           ~~~~~~~~~~~~~~~~~~^^^^^^^^^^^^^^^^^
  File "/home/createch/Documents/PROJECT/agriplot/env/lib/python3.13/site-packages/django/template/loader_tags.py", line 109, in find_template
    template, origin = context.template.engine.find_template(
                       ~~~~~~~~~~~~~~~~~~~~~~~~~~~~~~~~~~~~~^
        template_name,
        ^^^^^^^^^^^^^^
        skip=history,
        ^^^^^^^^^^^^^
    )
    ^
  File "/home/createch/Documents/PROJECT/agriplot/env/lib/python3.13/site-packages/django/template/engine.py", line 163, in find_template
    raise TemplateDoesNotExist(name, tried=tried)
django.template.exceptions.TemplateDoesNotExist: admin/base_admin.html

The above exception was the direct cause of the following exception:

Traceback (most recent call last):
  File "/home/createch/Documents/PROJECT/agriplot/env/lib/python3.13/site-packages/django/core/handlers/exception.py", line 55, in inner
    response = get_response(request)
  File "/home/createch/Documents/PROJECT/agriplot/env/lib/python3.13/site-packages/django/core/handlers/base.py", line 197, in _get_response
    response = wrapped_callback(request, *callback_args, **callback_kwargs)
  File "/home/createch/Documents/PROJECT/agriplot/env/lib/python3.13/site-packages/django/contrib/auth/decorators.py", line 59, in _view_wrapper
    return view_func(request, *args, **kwargs)
  File "/home/createch/Documents/PROJECT/agriplot/listings/views_admin.py", line 65, in verification_dashboard
    return render(request, 'listings/admin/verification_dashboard.html', context)
  File "/home/createch/Documents/PROJECT/agriplot/env/lib/python3.13/site-packages/django/shortcuts.py", line 25, in render
    content = loader.render_to_string(template_name, context, request, using=using)
  File "/home/createch/Documents/PROJECT/agriplot/env/lib/python3.13/site-packages/django/template/loader.py", line 62, in render_to_string
    return template.render(context, request)
           ~~~~~~~~~~~~~~~^^^^^^^^^^^^^^^^^^
  File "/home/createch/Documents/PROJECT/agriplot/env/lib/python3.13/site-packages/django/template/backends/django.py", line 109, in render
    reraise(exc, self.backend)
    ~~~~~~~^^^^^^^^^^^^^^^^^^^
  File "/home/createch/Documents/PROJECT/agriplot/env/lib/python3.13/site-packages/django/template/backends/django.py", line 130, in reraise
    raise new from exc
django.template.exceptions.TemplateDoesNotExist: admin/base_admin.html
ERROR | 2026-02-19 22:34:43 | django.server | basehttp | 213 | "GET /verify/verification/ HTTP/1.1" 500 152490
ERROR | 2026-02-19 22:35:03 | django.request | log | 253 | Internal Server Error: /verify/verification/
Traceback (most recent call last):
  File "/home/createch/Documents/PROJECT/agriplot/env/lib/python3.13/site-packages/django/template/backends/django.py", line 107, in render
    return self.template.render(context)
           ~~~~~~~~~~~~~~~~~~~~^^^^^^^^^
  File "/home/createch/Documents/PROJECT/agriplot/env/lib/python3.13/site-packages/django/template/base.py", line 172, in render
    return self._render(context)
           ~~~~~~~~~~~~^^^^^^^^^
  File "/home/createch/Documents/PROJECT/agriplot/env/lib/python3.13/site-packages/django/template/base.py", line 164, in _render
    return self.nodelist.render(context)
           ~~~~~~~~~~~~~~~~~~~~^^^^^^^^^
  File "/home/createch/Documents/PROJECT/agriplot/env/lib/python3.13/site-packages/django/template/base.py", line 1018, in render
    return SafeString("".join([node.render_annotated(context) for node in self]))
                               ~~~~~~~~~~~~~~~~~~~~~^^^^^^^^^
  File "/home/createch/Documents/PROJECT/agriplot/env/lib/python3.13/site-packages/django/template/base.py", line 979, in render_annotated
    return self.render(context)
           ~~~~~~~~~~~^^^^^^^^^
  File "/home/createch/Documents/PROJECT/agriplot/env/lib/python3.13/site-packages/django/template/loader_tags.py", line 134, in render
    compiled_parent = self.get_parent(context)
  File "/home/createch/Documents/PROJECT/agriplot/env/lib/python3.13/site-packages/django/template/loader_tags.py", line 131, in get_parent
    return self.find_template(parent, context)
           ~~~~~~~~~~~~~~~~~~^^^^^^^^^^^^^^^^^
  File "/home/createch/Documents/PROJECT/agriplot/env/lib/python3.13/site-packages/django/template/loader_tags.py", line 109, in find_template
    template, origin = context.template.engine.find_template(
                       ~~~~~~~~~~~~~~~~~~~~~~~~~~~~~~~~~~~~~^
        template_name,
        ^^^^^^^^^^^^^^
        skip=history,
        ^^^^^^^^^^^^^
    )
    ^
  File "/home/createch/Documents/PROJECT/agriplot/env/lib/python3.13/site-packages/django/template/engine.py", line 163, in find_template
    raise TemplateDoesNotExist(name, tried=tried)
django.template.exceptions.TemplateDoesNotExist: base_admin.html

The above exception was the direct cause of the following exception:

Traceback (most recent call last):
  File "/home/createch/Documents/PROJECT/agriplot/env/lib/python3.13/site-packages/django/core/handlers/exception.py", line 55, in inner
    response = get_response(request)
  File "/home/createch/Documents/PROJECT/agriplot/env/lib/python3.13/site-packages/django/core/handlers/base.py", line 197, in _get_response
    response = wrapped_callback(request, *callback_args, **callback_kwargs)
  File "/home/createch/Documents/PROJECT/agriplot/env/lib/python3.13/site-packages/django/contrib/auth/decorators.py", line 59, in _view_wrapper
    return view_func(request, *args, **kwargs)
  File "/home/createch/Documents/PROJECT/agriplot/listings/views_admin.py", line 65, in verification_dashboard
    return render(request, 'listings/admin/verification_dashboard.html', context)
  File "/home/createch/Documents/PROJECT/agriplot/env/lib/python3.13/site-packages/django/shortcuts.py", line 25, in render
    content = loader.render_to_string(template_name, context, request, using=using)
  File "/home/createch/Documents/PROJECT/agriplot/env/lib/python3.13/site-packages/django/template/loader.py", line 62, in render_to_string
    return template.render(context, request)
           ~~~~~~~~~~~~~~~^^^^^^^^^^^^^^^^^^
  File "/home/createch/Documents/PROJECT/agriplot/env/lib/python3.13/site-packages/django/template/backends/django.py", line 109, in render
    reraise(exc, self.backend)
    ~~~~~~~^^^^^^^^^^^^^^^^^^^
  File "/home/createch/Documents/PROJECT/agriplot/env/lib/python3.13/site-packages/django/template/backends/django.py", line 130, in reraise
    raise new from exc
django.template.exceptions.TemplateDoesNotExist: base_admin.html
ERROR | 2026-02-19 22:35:03 | django.server | basehttp | 213 | "GET /verify/verification/ HTTP/1.1" 500 152399
ERROR | 2026-02-19 22:35:55 | django.request | log | 253 | Internal Server Error: /verify/verification/queue/
Traceback (most recent call last):
  File "/home/createch/Documents/PROJECT/agriplot/env/lib/python3.13/site-packages/django/template/backends/django.py", line 107, in render
    return self.template.render(context)
           ~~~~~~~~~~~~~~~~~~~~^^^^^^^^^
  File "/home/createch/Documents/PROJECT/agriplot/env/lib/python3.13/site-packages/django/template/base.py", line 172, in render
    return self._render(context)
           ~~~~~~~~~~~~^^^^^^^^^
  File "/home/createch/Documents/PROJECT/agriplot/env/lib/python3.13/site-packages/django/template/base.py", line 164, in _render
    return self.nodelist.render(context)
           ~~~~~~~~~~~~~~~~~~~~^^^^^^^^^
  File "/home/createch/Documents/PROJECT/agriplot/env/lib/python3.13/site-packages/django/template/base.py", line 1018, in render
    return SafeString("".join([node.render_annotated(context) for node in self]))
                               ~~~~~~~~~~~~~~~~~~~~~^^^^^^^^^
  File "/home/createch/Documents/PROJECT/agriplot/env/lib/python3.13/site-packages/django/template/base.py", line 979, in render_annotated
    return self.render(context)
           ~~~~~~~~~~~^^^^^^^^^
  File "/home/createch/Documents/PROJECT/agriplot/env/lib/python3.13/site-packages/django/template/loader_tags.py", line 134, in render
    compiled_parent = self.get_parent(context)
  File "/home/createch/Documents/PROJECT/agriplot/env/lib/python3.13/site-packages/django/template/loader_tags.py", line 131, in get_parent
    return self.find_template(parent, context)
           ~~~~~~~~~~~~~~~~~~^^^^^^^^^^^^^^^^^
  File "/home/createch/Documents/PROJECT/agriplot/env/lib/python3.13/site-packages/django/template/loader_tags.py", line 109, in find_template
    template, origin = context.template.engine.find_template(
                       ~~~~~~~~~~~~~~~~~~~~~~~~~~~~~~~~~~~~~^
        template_name,
        ^^^^^^^^^^^^^^
        skip=history,
        ^^^^^^^^^^^^^
    )
    ^
  File "/home/createch/Documents/PROJECT/agriplot/env/lib/python3.13/site-packages/django/template/engine.py", line 163, in find_template
    raise TemplateDoesNotExist(name, tried=tried)
django.template.exceptions.TemplateDoesNotExist: admin/base_admin.html

The above exception was the direct cause of the following exception:

Traceback (most recent call last):
  File "/home/createch/Documents/PROJECT/agriplot/env/lib/python3.13/site-packages/django/core/handlers/exception.py", line 55, in inner
    response = get_response(request)
  File "/home/createch/Documents/PROJECT/agriplot/env/lib/python3.13/site-packages/django/core/handlers/base.py", line 197, in _get_response
    response = wrapped_callback(request, *callback_args, **callback_kwargs)
  File "/home/createch/Documents/PROJECT/agriplot/env/lib/python3.13/site-packages/django/contrib/auth/decorators.py", line 59, in _view_wrapper
    return view_func(request, *args, **kwargs)
  File "/home/createch/Documents/PROJECT/agriplot/listings/views_admin.py", line 120, in verification_queue
    return render(request, 'listings/admin/verification_queue.html', context)
  File "/home/createch/Documents/PROJECT/agriplot/env/lib/python3.13/site-packages/django/shortcuts.py", line 25, in render
    content = loader.render_to_string(template_name, context, request, using=using)
  File "/home/createch/Documents/PROJECT/agriplot/env/lib/python3.13/site-packages/django/template/loader.py", line 62, in render_to_string
    return template.render(context, request)
           ~~~~~~~~~~~~~~~^^^^^^^^^^^^^^^^^^
  File "/home/createch/Documents/PROJECT/agriplot/env/lib/python3.13/site-packages/django/template/backends/django.py", line 109, in render
    reraise(exc, self.backend)
    ~~~~~~~^^^^^^^^^^^^^^^^^^^
  File "/home/createch/Documents/PROJECT/agriplot/env/lib/python3.13/site-packages/django/template/backends/django.py", line 130, in reraise
    raise new from exc
django.template.exceptions.TemplateDoesNotExist: admin/base_admin.html
ERROR | 2026-02-19 22:35:55 | django.server | basehttp | 213 | "GET /verify/verification/queue/ HTTP/1.1" 500 151965
ERROR | 2026-02-19 22:37:44 | django.request | log | 253 | Internal Server Error: /verify/verification/
Traceback (most recent call last):
  File "/home/createch/Documents/PROJECT/agriplot/env/lib/python3.13/site-packages/django/core/handlers/exception.py", line 55, in inner
    response = get_response(request)
  File "/home/createch/Documents/PROJECT/agriplot/env/lib/python3.13/site-packages/django/core/handlers/base.py", line 197, in _get_response
    response = wrapped_callback(request, *callback_args, **callback_kwargs)
  File "/home/createch/Documents/PROJECT/agriplot/env/lib/python3.13/site-packages/django/contrib/auth/decorators.py", line 59, in _view_wrapper
    return view_func(request, *args, **kwargs)
  File "/home/createch/Documents/PROJECT/agriplot/listings/views_admin.py", line 65, in verification_dashboard
    return render(request, 'listings/admin/verification_dashboard.html', context)
  File "/home/createch/Documents/PROJECT/agriplot/env/lib/python3.13/site-packages/django/shortcuts.py", line 25, in render
    content = loader.render_to_string(template_name, context, request, using=using)
  File "/home/createch/Documents/PROJECT/agriplot/env/lib/python3.13/site-packages/django/template/loader.py", line 62, in render_to_string
    return template.render(context, request)
           ~~~~~~~~~~~~~~~^^^^^^^^^^^^^^^^^^
  File "/home/createch/Documents/PROJECT/agriplot/env/lib/python3.13/site-packages/django/template/backends/django.py", line 107, in render
    return self.template.render(context)
           ~~~~~~~~~~~~~~~~~~~~^^^^^^^^^
  File "/home/createch/Documents/PROJECT/agriplot/env/lib/python3.13/site-packages/django/template/base.py", line 172, in render
    return self._render(context)
           ~~~~~~~~~~~~^^^^^^^^^
  File "/home/createch/Documents/PROJECT/agriplot/env/lib/python3.13/site-packages/django/template/base.py", line 164, in _render
    return self.nodelist.render(context)
           ~~~~~~~~~~~~~~~~~~~~^^^^^^^^^
  File "/home/createch/Documents/PROJECT/agriplot/env/lib/python3.13/site-packages/django/template/base.py", line 1018, in render
    return SafeString("".join([node.render_annotated(context) for node in self]))
                               ~~~~~~~~~~~~~~~~~~~~~^^^^^^^^^
  File "/home/createch/Documents/PROJECT/agriplot/env/lib/python3.13/site-packages/django/template/base.py", line 979, in render_annotated
    return self.render(context)
           ~~~~~~~~~~~^^^^^^^^^
  File "/home/createch/Documents/PROJECT/agriplot/env/lib/python3.13/site-packages/django/template/loader_tags.py", line 159, in render
    return compiled_parent._render(context)
           ~~~~~~~~~~~~~~~~~~~~~~~^^^^^^^^^
  File "/home/createch/Documents/PROJECT/agriplot/env/lib/python3.13/site-packages/django/template/base.py", line 164, in _render
    return self.nodelist.render(context)
           ~~~~~~~~~~~~~~~~~~~~^^^^^^^^^
  File "/home/createch/Documents/PROJECT/agriplot/env/lib/python3.13/site-packages/django/template/base.py", line 1018, in render
    return SafeString("".join([node.render_annotated(context) for node in self]))
                               ~~~~~~~~~~~~~~~~~~~~~^^^^^^^^^
  File "/home/createch/Documents/PROJECT/agriplot/env/lib/python3.13/site-packages/django/template/base.py", line 979, in render_annotated
    return self.render(context)
           ~~~~~~~~~~~^^^^^^^^^
  File "/home/createch/Documents/PROJECT/agriplot/env/lib/python3.13/site-packages/django/template/loader_tags.py", line 159, in render
    return compiled_parent._render(context)
           ~~~~~~~~~~~~~~~~~~~~~~~^^^^^^^^^
  File "/home/createch/Documents/PROJECT/agriplot/env/lib/python3.13/site-packages/django/template/base.py", line 164, in _render
    return self.nodelist.render(context)
           ~~~~~~~~~~~~~~~~~~~~^^^^^^^^^
  File "/home/createch/Documents/PROJECT/agriplot/env/lib/python3.13/site-packages/django/template/base.py", line 1018, in render
    return SafeString("".join([node.render_annotated(context) for node in self]))
                               ~~~~~~~~~~~~~~~~~~~~~^^^^^^^^^
  File "/home/createch/Documents/PROJECT/agriplot/env/lib/python3.13/site-packages/django/template/base.py", line 979, in render_annotated
    return self.render(context)
           ~~~~~~~~~~~^^^^^^^^^
  File "/home/createch/Documents/PROJECT/agriplot/env/lib/python3.13/site-packages/django/template/loader_tags.py", line 65, in render
    result = block.nodelist.render(context)
  File "/home/createch/Documents/PROJECT/agriplot/env/lib/python3.13/site-packages/django/template/base.py", line 1018, in render
    return SafeString("".join([node.render_annotated(context) for node in self]))
                               ~~~~~~~~~~~~~~~~~~~~~^^^^^^^^^
  File "/home/createch/Documents/PROJECT/agriplot/env/lib/python3.13/site-packages/django/template/base.py", line 979, in render_annotated
    return self.render(context)
           ~~~~~~~~~~~^^^^^^^^^
  File "/home/createch/Documents/PROJECT/agriplot/env/lib/python3.13/site-packages/django/template/defaulttags.py", line 480, in render
    url = reverse(view_name, args=args, kwargs=kwargs, current_app=current_app)
  File "/home/createch/Documents/PROJECT/agriplot/env/lib/python3.13/site-packages/django/urls/base.py", line 98, in reverse
    resolved_url = resolver._reverse_with_prefix(view, prefix, *args, **kwargs)
  File "/home/createch/Documents/PROJECT/agriplot/env/lib/python3.13/site-packages/django/urls/resolvers.py", line 831, in _reverse_with_prefix
    raise NoReverseMatch(msg)
django.urls.exceptions.NoReverseMatch: Reverse for 'plot_list' not found. 'plot_list' is not a valid view function or pattern name.
ERROR | 2026-02-19 22:37:44 | django.server | basehttp | 213 | "GET /verify/verification/ HTTP/1.1" 500 213050
ERROR | 2026-02-19 22:42:46 | django.request | log | 253 | Internal Server Error: /verify/verification/history/10/
Traceback (most recent call last):
  File "/home/createch/Documents/PROJECT/agriplot/env/lib/python3.13/site-packages/django/template/base.py", line 892, in _resolve_lookup
    raise TypeError
TypeError

During handling of the above exception, another exception occurred:

Traceback (most recent call last):
  File "/home/createch/Documents/PROJECT/agriplot/env/lib/python3.13/site-packages/django/template/base.py", line 903, in _resolve_lookup
    current = getattr(current, bit)
AttributeError: 'NoneType' object has no attribute 'username'

During handling of the above exception, another exception occurred:

Traceback (most recent call last):
  File "/home/createch/Documents/PROJECT/agriplot/env/lib/python3.13/site-packages/django/template/base.py", line 909, in _resolve_lookup
    current = current[int(bit)]
                      ~~~^^^^^
ValueError: invalid literal for int() with base 10: 'username'

During handling of the above exception, another exception occurred:

Traceback (most recent call last):
  File "/home/createch/Documents/PROJECT/agriplot/env/lib/python3.13/site-packages/django/core/handlers/exception.py", line 55, in inner
    response = get_response(request)
  File "/home/createch/Documents/PROJECT/agriplot/env/lib/python3.13/site-packages/django/core/handlers/base.py", line 197, in _get_response
    response = wrapped_callback(request, *callback_args, **callback_kwargs)
  File "/home/createch/Documents/PROJECT/agriplot/env/lib/python3.13/site-packages/django/contrib/auth/decorators.py", line 59, in _view_wrapper
    return view_func(request, *args, **kwargs)
  File "/home/createch/Documents/PROJECT/agriplot/listings/views_admin.py", line 246, in plot_verification_history
    return render(request, 'listings/admin/verification_history.html', context)
  File "/home/createch/Documents/PROJECT/agriplot/env/lib/python3.13/site-packages/django/shortcuts.py", line 25, in render
    content = loader.render_to_string(template_name, context, request, using=using)
  File "/home/createch/Documents/PROJECT/agriplot/env/lib/python3.13/site-packages/django/template/loader.py", line 62, in render_to_string
    return template.render(context, request)
           ~~~~~~~~~~~~~~~^^^^^^^^^^^^^^^^^^
  File "/home/createch/Documents/PROJECT/agriplot/env/lib/python3.13/site-packages/django/template/backends/django.py", line 107, in render
    return self.template.render(context)
           ~~~~~~~~~~~~~~~~~~~~^^^^^^^^^
  File "/home/createch/Documents/PROJECT/agriplot/env/lib/python3.13/site-packages/django/template/base.py", line 172, in render
    return self._render(context)
           ~~~~~~~~~~~~^^^^^^^^^
  File "/home/createch/Documents/PROJECT/agriplot/env/lib/python3.13/site-packages/django/template/base.py", line 164, in _render
    return self.nodelist.render(context)
           ~~~~~~~~~~~~~~~~~~~~^^^^^^^^^
  File "/home/createch/Documents/PROJECT/agriplot/env/lib/python3.13/site-packages/django/template/base.py", line 1018, in render
    return SafeString("".join([node.render_annotated(context) for node in self]))
                               ~~~~~~~~~~~~~~~~~~~~~^^^^^^^^^
  File "/home/createch/Documents/PROJECT/agriplot/env/lib/python3.13/site-packages/django/template/base.py", line 979, in render_annotated
    return self.render(context)
           ~~~~~~~~~~~^^^^^^^^^
  File "/home/createch/Documents/PROJECT/agriplot/env/lib/python3.13/site-packages/django/template/loader_tags.py", line 159, in render
    return compiled_parent._render(context)
           ~~~~~~~~~~~~~~~~~~~~~~~^^^^^^^^^
  File "/home/createch/Documents/PROJECT/agriplot/env/lib/python3.13/site-packages/django/template/base.py", line 164, in _render
    return self.nodelist.render(context)
           ~~~~~~~~~~~~~~~~~~~~^^^^^^^^^
  File "/home/createch/Documents/PROJECT/agriplot/env/lib/python3.13/site-packages/django/template/base.py", line 1018, in render
    return SafeString("".join([node.render_annotated(context) for node in self]))
                               ~~~~~~~~~~~~~~~~~~~~~^^^^^^^^^
  File "/home/createch/Documents/PROJECT/agriplot/env/lib/python3.13/site-packages/django/template/base.py", line 979, in render_annotated
    return self.render(context)
           ~~~~~~~~~~~^^^^^^^^^
  File "/home/createch/Documents/PROJECT/agriplot/env/lib/python3.13/site-packages/django/template/loader_tags.py", line 159, in render
    return compiled_parent._render(context)
           ~~~~~~~~~~~~~~~~~~~~~~~^^^^^^^^^
  File "/home/createch/Documents/PROJECT/agriplot/env/lib/python3.13/site-packages/django/template/base.py", line 164, in _render
    return self.nodelist.render(context)
           ~~~~~~~~~~~~~~~~~~~~^^^^^^^^^
  File "/home/createch/Documents/PROJECT/agriplot/env/lib/python3.13/site-packages/django/template/base.py", line 1018, in render
    return SafeString("".join([node.render_annotated(context) for node in self]))
                               ~~~~~~~~~~~~~~~~~~~~~^^^^^^^^^
  File "/home/createch/Documents/PROJECT/agriplot/env/lib/python3.13/site-packages/django/template/base.py", line 979, in render_annotated
    return self.render(context)
           ~~~~~~~~~~~^^^^^^^^^
  File "/home/createch/Documents/PROJECT/agriplot/env/lib/python3.13/site-packages/django/template/loader_tags.py", line 65, in render
    result = block.nodelist.render(context)
  File "/home/createch/Documents/PROJECT/agriplot/env/lib/python3.13/site-packages/django/template/base.py", line 1018, in render
    return SafeString("".join([node.render_annotated(context) for node in self]))
                               ~~~~~~~~~~~~~~~~~~~~~^^^^^^^^^
  File "/home/createch/Documents/PROJECT/agriplot/env/lib/python3.13/site-packages/django/template/base.py", line 979, in render_annotated
    return self.render(context)
           ~~~~~~~~~~~^^^^^^^^^
  File "/home/createch/Documents/PROJECT/agriplot/env/lib/python3.13/site-packages/django/template/defaulttags.py", line 327, in render
    return nodelist.render(context)
           ~~~~~~~~~~~~~~~^^^^^^^^^
  File "/home/createch/Documents/PROJECT/agriplot/env/lib/python3.13/site-packages/django/template/base.py", line 1018, in render
    return SafeString("".join([node.render_annotated(context) for node in self]))
                               ~~~~~~~~~~~~~~~~~~~~~^^^^^^^^^
  File "/home/createch/Documents/PROJECT/agriplot/env/lib/python3.13/site-packages/django/template/base.py", line 979, in render_annotated
    return self.render(context)
           ~~~~~~~~~~~^^^^^^^^^
  File "/home/createch/Documents/PROJECT/agriplot/env/lib/python3.13/site-packages/django/template/defaulttags.py", line 243, in render
    nodelist.append(node.render_annotated(context))
                    ~~~~~~~~~~~~~~~~~~~~~^^^^^^^^^
  File "/home/createch/Documents/PROJECT/agriplot/env/lib/python3.13/site-packages/django/template/base.py", line 979, in render_annotated
    return self.render(context)
           ~~~~~~~~~~~^^^^^^^^^
  File "/home/createch/Documents/PROJECT/agriplot/env/lib/python3.13/site-packages/django/template/base.py", line 1077, in render
    output = self.filter_expression.resolve(context)
  File "/home/createch/Documents/PROJECT/agriplot/env/lib/python3.13/site-packages/django/template/base.py", line 744, in resolve
    arg_vals.append(arg.resolve(context))
                    ~~~~~~~~~~~^^^^^^^^^
  File "/home/createch/Documents/PROJECT/agriplot/env/lib/python3.13/site-packages/django/template/base.py", line 856, in resolve
    value = self._resolve_lookup(context)
  File "/home/createch/Documents/PROJECT/agriplot/env/lib/python3.13/site-packages/django/template/base.py", line 916, in _resolve_lookup
    raise VariableDoesNotExist(
    ^^^^^^^^^^^^^^^^^^^^^^^^^^^
    ...<2 lines>...
    )  # missing attribute
    ^
django.template.base.VariableDoesNotExist: Failed lookup for key [username] in None
ERROR | 2026-02-19 22:42:46 | django.server | basehttp | 213 | "GET /verify/verification/history/10/ HTTP/1.1" 500 260087
ERROR | 2026-02-19 22:44:35 | django.request | log | 253 | Internal Server Error: /verify/verification/history/10/
Traceback (most recent call last):
  File "/home/createch/Documents/PROJECT/agriplot/env/lib/python3.13/site-packages/django/core/handlers/exception.py", line 55, in inner
    response = get_response(request)
  File "/home/createch/Documents/PROJECT/agriplot/env/lib/python3.13/site-packages/django/core/handlers/base.py", line 197, in _get_response
    response = wrapped_callback(request, *callback_args, **callback_kwargs)
  File "/home/createch/Documents/PROJECT/agriplot/env/lib/python3.13/site-packages/django/contrib/auth/decorators.py", line 59, in _view_wrapper
    return view_func(request, *args, **kwargs)
  File "/home/createch/Documents/PROJECT/agriplot/listings/views_admin.py", line 255, in plot_verification_history
    return render(request, 'listings/admin/verification_history.html', context)
  File "/home/createch/Documents/PROJECT/agriplot/env/lib/python3.13/site-packages/django/shortcuts.py", line 25, in render
    content = loader.render_to_string(template_name, context, request, using=using)
  File "/home/createch/Documents/PROJECT/agriplot/env/lib/python3.13/site-packages/django/template/loader.py", line 62, in render_to_string
    return template.render(context, request)
           ~~~~~~~~~~~~~~~^^^^^^^^^^^^^^^^^^
  File "/home/createch/Documents/PROJECT/agriplot/env/lib/python3.13/site-packages/django/template/backends/django.py", line 107, in render
    return self.template.render(context)
           ~~~~~~~~~~~~~~~~~~~~^^^^^^^^^
  File "/home/createch/Documents/PROJECT/agriplot/env/lib/python3.13/site-packages/django/template/base.py", line 172, in render
    return self._render(context)
           ~~~~~~~~~~~~^^^^^^^^^
  File "/home/createch/Documents/PROJECT/agriplot/env/lib/python3.13/site-packages/django/template/base.py", line 164, in _render
    return self.nodelist.render(context)
           ~~~~~~~~~~~~~~~~~~~~^^^^^^^^^
  File "/home/createch/Documents/PROJECT/agriplot/env/lib/python3.13/site-packages/django/template/base.py", line 1018, in render
    return SafeString("".join([node.render_annotated(context) for node in self]))
                               ~~~~~~~~~~~~~~~~~~~~~^^^^^^^^^
  File "/home/createch/Documents/PROJECT/agriplot/env/lib/python3.13/site-packages/django/template/base.py", line 979, in render_annotated
    return self.render(context)
           ~~~~~~~~~~~^^^^^^^^^
  File "/home/createch/Documents/PROJECT/agriplot/env/lib/python3.13/site-packages/django/template/loader_tags.py", line 159, in render
    return compiled_parent._render(context)
           ~~~~~~~~~~~~~~~~~~~~~~~^^^^^^^^^
  File "/home/createch/Documents/PROJECT/agriplot/env/lib/python3.13/site-packages/django/template/base.py", line 164, in _render
    return self.nodelist.render(context)
           ~~~~~~~~~~~~~~~~~~~~^^^^^^^^^
  File "/home/createch/Documents/PROJECT/agriplot/env/lib/python3.13/site-packages/django/template/base.py", line 1018, in render
    return SafeString("".join([node.render_annotated(context) for node in self]))
                               ~~~~~~~~~~~~~~~~~~~~~^^^^^^^^^
  File "/home/createch/Documents/PROJECT/agriplot/env/lib/python3.13/site-packages/django/template/base.py", line 979, in render_annotated
    return self.render(context)
           ~~~~~~~~~~~^^^^^^^^^
  File "/home/createch/Documents/PROJECT/agriplot/env/lib/python3.13/site-packages/django/template/loader_tags.py", line 159, in render
    return compiled_parent._render(context)
           ~~~~~~~~~~~~~~~~~~~~~~~^^^^^^^^^
  File "/home/createch/Documents/PROJECT/agriplot/env/lib/python3.13/site-packages/django/template/base.py", line 164, in _render
    return self.nodelist.render(context)
           ~~~~~~~~~~~~~~~~~~~~^^^^^^^^^
  File "/home/createch/Documents/PROJECT/agriplot/env/lib/python3.13/site-packages/django/template/base.py", line 1018, in render
    return SafeString("".join([node.render_annotated(context) for node in self]))
                               ~~~~~~~~~~~~~~~~~~~~~^^^^^^^^^
  File "/home/createch/Documents/PROJECT/agriplot/env/lib/python3.13/site-packages/django/template/base.py", line 979, in render_annotated
    return self.render(context)
           ~~~~~~~~~~~^^^^^^^^^
  File "/home/createch/Documents/PROJECT/agriplot/env/lib/python3.13/site-packages/django/template/loader_tags.py", line 65, in render
    result = block.nodelist.render(context)
  File "/home/createch/Documents/PROJECT/agriplot/env/lib/python3.13/site-packages/django/template/base.py", line 1018, in render
    return SafeString("".join([node.render_annotated(context) for node in self]))
                               ~~~~~~~~~~~~~~~~~~~~~^^^^^^^^^
  File "/home/createch/Documents/PROJECT/agriplot/env/lib/python3.13/site-packages/django/template/base.py", line 979, in render_annotated
    return self.render(context)
           ~~~~~~~~~~~^^^^^^^^^
  File "/home/createch/Documents/PROJECT/agriplot/env/lib/python3.13/site-packages/django/template/defaulttags.py", line 480, in render
    url = reverse(view_name, args=args, kwargs=kwargs, current_app=current_app)
  File "/home/createch/Documents/PROJECT/agriplot/env/lib/python3.13/site-packages/django/urls/base.py", line 98, in reverse
    resolved_url = resolver._reverse_with_prefix(view, prefix, *args, **kwargs)
  File "/home/createch/Documents/PROJECT/agriplot/env/lib/python3.13/site-packages/django/urls/resolvers.py", line 831, in _reverse_with_prefix
    raise NoReverseMatch(msg)
django.urls.exceptions.NoReverseMatch: Reverse for 'verification_history' with no arguments not found. 1 pattern(s) tried: ['verify/verification/history/(?P<plot_id>[0-9]+)/\\Z']
ERROR | 2026-02-19 22:44:35 | django.server | basehttp | 213 | "GET /verify/verification/history/10/ HTTP/1.1" 500 216289
ERROR | 2026-02-19 23:05:18 | django.request | log | 253 | Internal Server Error: /verify/tasks/
Traceback (most recent call last):
  File "/home/createch/Documents/PROJECT/agriplot/env/lib/python3.13/site-packages/django/core/handlers/exception.py", line 55, in inner
    response = get_response(request)
  File "/home/createch/Documents/PROJECT/agriplot/env/lib/python3.13/site-packages/django/core/handlers/base.py", line 197, in _get_response
    response = wrapped_callback(request, *callback_args, **callback_kwargs)
  File "/home/createch/Documents/PROJECT/agriplot/env/lib/python3.13/site-packages/django/contrib/auth/decorators.py", line 59, in _view_wrapper
    return view_func(request, *args, **kwargs)
  File "/home/createch/Documents/PROJECT/agriplot/listings/views_admin.py", line 271, in task_assignment
    ).select_related('plot', 'plot__agent__user', 'plot__landowner__user').order_by('created_at')
                                                                           ~~~~~~~~^^^^^^^^^^^^^^
  File "/home/createch/Documents/PROJECT/agriplot/env/lib/python3.13/site-packages/django/db/models/query.py", line 1727, in order_by
    obj.query.add_ordering(*field_names)
    ~~~~~~~~~~~~~~~~~~~~~~^^^^^^^^^^^^^^
  File "/home/createch/Documents/PROJECT/agriplot/env/lib/python3.13/site-packages/django/db/models/sql/query.py", line 2305, in add_ordering
    self.names_to_path(item.split(LOOKUP_SEP), self.model._meta)
    ~~~~~~~~~~~~~~~~~~^^^^^^^^^^^^^^^^^^^^^^^^^^^^^^^^^^^^^^^^^^
  File "/home/createch/Documents/PROJECT/agriplot/env/lib/python3.13/site-packages/django/db/models/sql/query.py", line 1806, in names_to_path
    raise FieldError(
    ...<2 lines>...
    )
django.core.exceptions.FieldError: Cannot resolve keyword 'created_at' into field. Choices are: approved, assigned_at, assigned_to, assigned_to_id, completed_at, id, notes, plot, plot_id, status, verification_type
ERROR | 2026-02-19 23:05:18 | django.server | basehttp | 213 | "GET /verify/tasks/ HTTP/1.1" 500 99405
ERROR | 2026-02-19 23:21:17 | django.request | log | 253 | Internal Server Error: /verify/verification/review/10/
Traceback (most recent call last):
  File "/home/createch/Documents/PROJECT/agriplot/env/lib/python3.13/site-packages/django/core/handlers/exception.py", line 55, in inner
    response = get_response(request)
  File "/home/createch/Documents/PROJECT/agriplot/env/lib/python3.13/site-packages/django/core/handlers/base.py", line 197, in _get_response
    response = wrapped_callback(request, *callback_args, **callback_kwargs)
  File "/home/createch/Documents/PROJECT/agriplot/env/lib/python3.13/site-packages/django/contrib/auth/decorators.py", line 59, in _view_wrapper
    return view_func(request, *args, **kwargs)
  File "/home/createch/Documents/PROJECT/agriplot/listings/views_admin.py", line 219, in review_plot
    return render(request, 'listings/admin/review_plot.html', context)
  File "/home/createch/Documents/PROJECT/agriplot/env/lib/python3.13/site-packages/django/shortcuts.py", line 25, in render
    content = loader.render_to_string(template_name, context, request, using=using)
  File "/home/createch/Documents/PROJECT/agriplot/env/lib/python3.13/site-packages/django/template/loader.py", line 62, in render_to_string
    return template.render(context, request)
           ~~~~~~~~~~~~~~~^^^^^^^^^^^^^^^^^^
  File "/home/createch/Documents/PROJECT/agriplot/env/lib/python3.13/site-packages/django/template/backends/django.py", line 107, in render
    return self.template.render(context)
           ~~~~~~~~~~~~~~~~~~~~^^^^^^^^^
  File "/home/createch/Documents/PROJECT/agriplot/env/lib/python3.13/site-packages/django/template/base.py", line 172, in render
    return self._render(context)
           ~~~~~~~~~~~~^^^^^^^^^
  File "/home/createch/Documents/PROJECT/agriplot/env/lib/python3.13/site-packages/django/template/base.py", line 164, in _render
    return self.nodelist.render(context)
           ~~~~~~~~~~~~~~~~~~~~^^^^^^^^^
  File "/home/createch/Documents/PROJECT/agriplot/env/lib/python3.13/site-packages/django/template/base.py", line 1018, in render
    return SafeString("".join([node.render_annotated(context) for node in self]))
                               ~~~~~~~~~~~~~~~~~~~~~^^^^^^^^^
  File "/home/createch/Documents/PROJECT/agriplot/env/lib/python3.13/site-packages/django/template/base.py", line 979, in render_annotated
    return self.render(context)
           ~~~~~~~~~~~^^^^^^^^^
  File "/home/createch/Documents/PROJECT/agriplot/env/lib/python3.13/site-packages/django/template/loader_tags.py", line 134, in render
    compiled_parent = self.get_parent(context)
  File "/home/createch/Documents/PROJECT/agriplot/env/lib/python3.13/site-packages/django/template/loader_tags.py", line 131, in get_parent
    return self.find_template(parent, context)
           ~~~~~~~~~~~~~~~~~~^^^^^^^^^^^^^^^^^
  File "/home/createch/Documents/PROJECT/agriplot/env/lib/python3.13/site-packages/django/template/loader_tags.py", line 109, in find_template
    template, origin = context.template.engine.find_template(
                       ~~~~~~~~~~~~~~~~~~~~~~~~~~~~~~~~~~~~~^
        template_name,
        ^^^^^^^^^^^^^^
        skip=history,
        ^^^^^^^^^^^^^
    )
    ^
  File "/home/createch/Documents/PROJECT/agriplot/env/lib/python3.13/site-packages/django/template/engine.py", line 159, in find_template
    template = loader.get_template(name, skip=skip)
  File "/home/createch/Documents/PROJECT/agriplot/env/lib/python3.13/site-packages/django/template/loaders/cached.py", line 57, in get_template
    template = super().get_template(template_name, skip)
  File "/home/createch/Documents/PROJECT/agriplot/env/lib/python3.13/site-packages/django/template/loaders/base.py", line 28, in get_template
    return Template(
        contents,
    ...<2 lines>...
        self.engine,
    )
  File "/home/createch/Documents/PROJECT/agriplot/env/lib/python3.13/site-packages/django/template/base.py", line 155, in __init__
    self.nodelist = self.compile_nodelist()
                    ~~~~~~~~~~~~~~~~~~~~~^^
  File "/home/createch/Documents/PROJECT/agriplot/env/lib/python3.13/site-packages/django/template/base.py", line 197, in compile_nodelist
    nodelist = parser.parse()
  File "/home/createch/Documents/PROJECT/agriplot/env/lib/python3.13/site-packages/django/template/base.py", line 519, in parse
    raise self.error(token, e)
  File "/home/createch/Documents/PROJECT/agriplot/env/lib/python3.13/site-packages/django/template/base.py", line 517, in parse
    compiled_result = compile_func(self, token)
  File "/home/createch/Documents/PROJECT/agriplot/env/lib/python3.13/site-packages/django/template/loader_tags.py", line 299, in do_extends
    nodelist = parser.parse()
  File "/home/createch/Documents/PROJECT/agriplot/env/lib/python3.13/site-packages/django/template/base.py", line 519, in parse
    raise self.error(token, e)
  File "/home/createch/Documents/PROJECT/agriplot/env/lib/python3.13/site-packages/django/template/base.py", line 517, in parse
    compiled_result = compile_func(self, token)
  File "/home/createch/Documents/PROJECT/agriplot/env/lib/python3.13/site-packages/django/template/loader_tags.py", line 234, in do_block
    nodelist = parser.parse(("endblock",))
  File "/home/createch/Documents/PROJECT/agriplot/env/lib/python3.13/site-packages/django/template/base.py", line 519, in parse
    raise self.error(token, e)
  File "/home/createch/Documents/PROJECT/agriplot/env/lib/python3.13/site-packages/django/template/base.py", line 517, in parse
    compiled_result = compile_func(self, token)
  File "/home/createch/Documents/PROJECT/agriplot/env/lib/python3.13/site-packages/django/template/loader_tags.py", line 299, in do_extends
    nodelist = parser.parse()
  File "/home/createch/Documents/PROJECT/agriplot/env/lib/python3.13/site-packages/django/template/base.py", line 519, in parse
    raise self.error(token, e)
  File "/home/createch/Documents/PROJECT/agriplot/env/lib/python3.13/site-packages/django/template/base.py", line 517, in parse
    compiled_result = compile_func(self, token)
  File "/home/createch/Documents/PROJECT/agriplot/env/lib/python3.13/site-packages/django/template/loader_tags.py", line 228, in do_block
    raise TemplateSyntaxError(
        "'%s' tag with name '%s' appears more than once" % (bits[0], block_name)
    )
django.template.exceptions.TemplateSyntaxError: 'block' tag with name 'title' appears more than once
ERROR | 2026-02-19 23:21:17 | django.server | basehttp | 213 | "GET /verify/verification/review/10/ HTTP/1.1" 500 322926
